09:33:41 02361.0161572928> DEBUG : >>>[INIT] success log INIT
09:33:41 02361.0102340352> DEBUG : >>>[DB] ALL DB OK
09:33:46 02361.0102340352> DEBUG : >>>[DB] ALL DB OK
09:33:49 02361.0161572928> DEBUG : >>>[TCP] Client connected.
09:33:49 02361.0161572928> DEBUG : >>>[TCP] Received Message Type: 201, Length: 1, Msg: 
09:33:49 02361.0161572928> DEBUG : >>>[repl] repl Request
09:33:49 02361.0161572928> DEBUG : >>>[repl] repl Request
09:33:51 02361.0102340352> DEBUG : >>>[DB] ALL DB OK
09:33:54 02361.0161572928> DEBUG : >>>[TCP] Received Message Type: 201, Length: 1, Msg: 
09:33:54 02361.0161572928> DEBUG : >>>[repl] repl Request
09:33:54 02361.0161572928> DEBUG : >>>[repl] repl Request
09:33:57 02361.0102340352> DEBUG : >>>[DB] ALL DB OK
09:33:59 02361.0161572928> DEBUG : >>>[TCP] Received Message Type: 201, Length: 1, Msg: 
09:34:00 02361.0161572928> DEBUG : >>>[repl] repl Request
09:34:00 02361.0161572928> DEBUG : >>>[repl] repl Request
09:34:02 02361.0102340352> DEBUG : >>>[DB] ALL DB OK
09:34:04 02361.0161572928> DEBUG : >>>[TCP] Received Message Type: 201, Length: 1, Msg: 
09:34:04 02361.0161572928> DEBUG : >>>[repl] repl Request
09:34:04 02361.0161572928> DEBUG : >>>[repl] repl Request
09:34:07 02361.0102340352> DEBUG : >>>[DB] ALL DB OK
09:34:09 02361.0161572928> DEBUG : >>>[TCP] Received Message Type: 201, Length: 1, Msg: 
09:34:09 02361.0161572928> DEBUG : >>>[repl] repl Request
09:34:09 02361.0161572928> DEBUG : >>>[repl] repl Request
09:34:12 02361.0102340352> DEBUG : >>>[DB] ALL DB OK
09:34:14 02361.0161572928> DEBUG : >>>[TCP] Received Message Type: 201, Length: 1, Msg: 
09:34:14 02361.0161572928> DEBUG : >>>[repl] repl Request
09:34:14 02361.0161572928> DEBUG : >>>[repl] repl Request
09:34:17 02361.0102340352> DEBUG : >>>[DB] ALL DB OK
09:34:19 02361.0161572928> DEBUG : >>>[TCP] Received Message Type: 201, Length: 1, Msg: 
09:34:19 02361.0161572928> DEBUG : >>>[repl] repl Request
09:34:19 02361.0161572928> DEBUG : >>>[repl] repl Request
09:34:22 02361.0102340352> DEBUG : >>>[DB] ALL DB OK
09:34:24 02361.0161572928> DEBUG : >>>[TCP] Received Message Type: 201, Length: 1, Msg: 
09:34:24 02361.0161572928> DEBUG : >>>[repl] repl Request
09:34:24 02361.0161572928> DEBUG : >>>[repl] repl Request
09:34:27 02361.0102340352> DEBUG : >>>[DB] ALL DB OK
09:34:29 02361.0161572928> DEBUG : >>>[TCP] Received Message Type: 201, Length: 1, Msg: 
09:34:29 02361.0161572928> DEBUG : >>>[repl] repl Request
09:34:29 02361.0161572928> DEBUG : >>>[repl] repl Request
09:34:32 02361.0102340352> DEBUG : >>>[DB] ALL DB OK
09:34:34 02361.0161572928> DEBUG : >>>[TCP] Received Message Type: 201, Length: 1, Msg: 
09:34:34 02361.0161572928> DEBUG : >>>[repl] repl Request
09:34:34 02361.0161572928> DEBUG : >>>[repl] repl Request
09:34:37 02361.0102340352> DEBUG : >>>[DB] ALL DB OK
09:34:39 02361.0161572928> DEBUG : >>>[TCP] Received Message Type: 201, Length: 1, Msg: 
09:34:39 02361.0161572928> DEBUG : >>>[repl] repl Request
09:34:39 02361.0161572928> DEBUG : >>>[repl] repl Request
09:34:42 02361.0102340352> DEBUG : >>>[DB] ALL DB OK
09:34:44 02361.0161572928> DEBUG : >>>[TCP] Received Message Type: 201, Length: 1, Msg: 
09:34:44 02361.0161572928> DEBUG : >>>[repl] repl Request
09:34:44 02361.0161572928> DEBUG : >>>[repl] repl Request
09:34:47 02361.0102340352> DEBUG : >>>[DB] ALL DB OK
09:34:49 02361.0161572928> DEBUG : >>>[TCP] Received Message Type: 201, Length: 1, Msg: 
09:34:49 02361.0161572928> DEBUG : >>>[repl] repl Request
09:34:49 02361.0161572928> DEBUG : >>>[repl] repl Request
09:34:52 02361.0102340352> DEBUG : >>>[DB] ALL DB OK
09:34:54 02361.0161572928> DEBUG : >>>[TCP] Received Message Type: 201, Length: 1, Msg: 
09:34:55 02361.0161572928> DEBUG : >>>[repl] repl Request
09:34:55 02361.0161572928> DEBUG : >>>[repl] repl Request
09:34:57 02361.0102340352> DEBUG : >>>[DB] ALL DB OK
09:35:00 02361.0161572928> DEBUG : >>>[TCP] Received Message Type: 201, Length: 1, Msg: 
09:35:00 02361.0161572928> DEBUG : >>>[repl] repl Request
09:35:00 02361.0161572928> DEBUG : >>>[repl] repl Request
09:35:02 02361.0102340352> DEBUG : >>>[DB] ALL DB OK
09:35:05 02361.0161572928> DEBUG : >>>[TCP] Received Message Type: 201, Length: 1, Msg: 
09:35:05 02361.0161572928> DEBUG : >>>[repl] repl Request
09:35:05 02361.0161572928> DEBUG : >>>[repl] repl Request
09:35:07 02361.0102340352> DEBUG : >>>[DB] ALL DB OK
09:35:10 02361.0161572928> DEBUG : >>>[TCP] Received Message Type: 201, Length: 1, Msg: 
09:35:10 02361.0161572928> DEBUG : >>>[repl] repl Request
09:35:10 02361.0161572928> DEBUG : >>>[repl] repl Request
09:35:12 02361.0102340352> DEBUG : >>>[DB] ALL DB OK
09:35:15 02361.0161572928> DEBUG : >>>[TCP] Received Message Type: 201, Length: 1, Msg: 
09:35:15 02361.0161572928> DEBUG : >>>[repl] repl Request
09:35:15 02361.0161572928> DEBUG : >>>[repl] repl Request
09:35:17 02361.0102340352> DEBUG : >>>[DB] ALL DB OK
09:35:20 02361.0161572928> DEBUG : >>>[TCP] Received Message Type: 201, Length: 1, Msg: 
09:35:20 02361.0161572928> DEBUG : >>>[repl] repl Request
09:35:20 02361.0161572928> DEBUG : >>>[repl] repl Request
09:35:22 02361.0102340352> DEBUG : >>>[DB] ALL DB OK
09:35:25 02361.0161572928> DEBUG : >>>[TCP] Received Message Type: 201, Length: 1, Msg: 
09:35:25 02361.0161572928> DEBUG : >>>[repl] repl Request
09:35:25 02361.0161572928> DEBUG : >>>[repl] repl Request
09:35:27 02361.0102340352> DEBUG : >>>[DB] ALL DB OK
09:35:30 02361.0161572928> DEBUG : >>>[TCP] Received Message Type: 201, Length: 1, Msg: 
09:35:30 02361.0161572928> DEBUG : >>>[repl] repl Request
09:35:30 02361.0161572928> DEBUG : >>>[repl] repl Request
09:35:32 02361.0102340352> DEBUG : >>>[DB] ALL DB OK
09:35:35 02361.0161572928> DEBUG : >>>[TCP] Received Message Type: 201, Length: 1, Msg: 
09:35:35 02361.0161572928> DEBUG : >>>[repl] repl Request
09:35:35 02361.0161572928> DEBUG : >>>[repl] repl Request
09:35:37 02361.0102340352> DEBUG : >>>[DB] ALL DB OK
09:35:40 02361.0161572928> DEBUG : >>>[TCP] Received Message Type: 201, Length: 1, Msg: 
09:35:40 02361.0161572928> DEBUG : >>>[repl] repl Request
09:35:40 02361.0161572928> DEBUG : >>>[repl] repl Request
09:35:42 02361.0102340352> DEBUG : >>>[DB] ALL DB OK
09:35:45 02361.0161572928> DEBUG : >>>[TCP] Received Message Type: 201, Length: 1, Msg: 
09:35:45 02361.0161572928> DEBUG : >>>[repl] repl Request
09:35:45 02361.0161572928> DEBUG : >>>[repl] repl Request
09:35:47 02361.0102340352> DEBUG : >>>[DB] ALL DB OK
09:35:50 02361.0161572928> DEBUG : >>>[TCP] Received Message Type: 201, Length: 1, Msg: 
09:35:50 02361.0161572928> DEBUG : >>>[repl] repl Request
09:35:50 02361.0161572928> DEBUG : >>>[repl] repl Request
09:35:53 02361.0102340352> DEBUG : >>>[DB] ALL DB OK
09:35:55 02361.0161572928> DEBUG : >>>[TCP] Received Message Type: 201, Length: 1, Msg: 
09:35:55 02361.0161572928> DEBUG : >>>[repl] repl Request
09:35:55 02361.0161572928> DEBUG : >>>[repl] repl Request
09:35:58 02361.0102340352> DEBUG : >>>[DB] ALL DB OK
09:36:00 02361.0161572928> DEBUG : >>>[TCP] Received Message Type: 201, Length: 1, Msg: 
09:36:00 02361.0161572928> DEBUG : >>>[repl] repl Request
09:36:00 02361.0161572928> DEBUG : >>>[repl] repl Request
09:36:03 02361.0102340352> DEBUG : >>>[DB] ALL DB OK
09:36:05 02361.0161572928> DEBUG : >>>[TCP] Received Message Type: 201, Length: 1, Msg: 
09:36:05 02361.0161572928> DEBUG : >>>[repl] repl Request
09:36:05 02361.0161572928> DEBUG : >>>[repl] repl Request
09:36:08 02361.0102340352> DEBUG : >>>[DB] ALL DB OK
09:36:10 02361.0161572928> DEBUG : >>>[TCP] Received Message Type: 201, Length: 1, Msg: 
09:36:10 02361.0161572928> DEBUG : >>>[repl] repl Request
09:36:10 02361.0161572928> DEBUG : >>>[repl] repl Request
09:36:13 02361.0102340352> DEBUG : >>>[DB] ALL DB OK
09:36:15 02361.0161572928> DEBUG : >>>[TCP] Received Message Type: 201, Length: 1, Msg: 
09:36:15 02361.0161572928> DEBUG : >>>[repl] repl Request
09:36:15 02361.0161572928> DEBUG : >>>[repl] repl Request
09:36:18 02361.0102340352> DEBUG : >>>[DB] ALL DB OK
09:36:20 02361.0161572928> DEBUG : >>>[TCP] Received Message Type: 201, Length: 1, Msg: 
09:36:20 02361.0161572928> DEBUG : >>>[repl] repl Request
09:36:20 02361.0161572928> DEBUG : >>>[repl] repl Request
09:36:23 02361.0102340352> DEBUG : >>>[DB] ALL DB OK
09:36:25 02361.0161572928> DEBUG : >>>[TCP] Received Message Type: 201, Length: 1, Msg: 
09:36:25 02361.0161572928> DEBUG : >>>[repl] repl Request
09:36:25 02361.0161572928> DEBUG : >>>[repl] repl Request
09:36:28 02361.0102340352> DEBUG : >>>[DB] ALL DB OK
09:36:30 02361.0161572928> DEBUG : >>>[TCP] Received Message Type: 201, Length: 1, Msg: 
09:36:30 02361.0161572928> DEBUG : >>>[repl] repl Request
09:36:30 02361.0161572928> DEBUG : >>>[repl] repl Request
09:36:33 02361.0102340352> DEBUG : >>>[DB] ALL DB OK
09:36:34 02361.0161572928> DEBUG : >>>[TCP] Client disconnected.
09:36:38 02361.0102340352> DEBUG : >>>[DB] ALL DB OK
09:36:43 02361.0102340352> DEBUG : >>>[DB] ALL DB OK
09:56:46 03843.3800606784> DEBUG : >>>[INIT] success log INIT
09:56:46 03843.3741374208> DEBUG : >>>[DB] ALL DB OK
09:56:50 03843.3800606784> DEBUG : >>>[TCP] Client connected.
09:56:50 03843.3800606784> DEBUG : >>>[TCP] Received Message Type: 201, Length: 1, Msg: 
09:56:50 03843.3800606784> DEBUG : >>>[repl] repl Request
09:56:50 03843.3800606784> DEBUG : >>>[repl] repl Request
09:56:51 03843.3741374208> DEBUG : >>>[DB] ALL DB OK
09:56:55 03843.3800606784> DEBUG : >>>[TCP] Received Message Type: 201, Length: 1, Msg: 
09:56:55 03843.3800606784> DEBUG : >>>[repl] repl Request
09:56:55 03843.3800606784> DEBUG : >>>[repl] repl Request
09:56:56 03843.3741374208> DEBUG : >>>[DB] ALL DB OK
09:57:00 03843.3800606784> DEBUG : >>>[TCP] Received Message Type: 201, Length: 1, Msg: 
09:57:00 03843.3800606784> DEBUG : >>>[repl] repl Request
09:57:00 03843.3800606784> DEBUG : >>>[repl] repl Request
09:57:01 03843.3741374208> DEBUG : >>>[DB] ALL DB OK
09:57:06 03843.3741374208> DEBUG : >>>[DB] ALL DB OK
09:57:07 03843.3800606784> DEBUG : >>>[TCP] Received Message Type: 201, Length: 1, Msg: 
09:57:07 03843.3800606784> DEBUG : >>>[repl] repl Request
09:57:07 03843.3800606784> DEBUG : >>>[repl] repl Request
09:57:12 03843.3800606784> DEBUG : >>>[TCP] Received Message Type: 201, Length: 1, Msg: 
09:57:12 03843.3800606784> DEBUG : >>>[repl] repl Request
09:57:12 03843.3741374208> DEBUG : >>>[DB] ALL DB OK
09:57:12 03843.3800606784> DEBUG : >>>[repl] repl Request
09:57:17 03843.3800606784> DEBUG : >>>[TCP] Received Message Type: 201, Length: 1, Msg: 
09:57:17 03843.3800606784> DEBUG : >>>[repl] repl Request
09:57:17 03843.3800606784> DEBUG : >>>[repl] repl Request
09:57:17 03843.3741374208> DEBUG : >>>[DB] ALL DB OK
09:57:22 03843.3800606784> DEBUG : >>>[TCP] Received Message Type: 201, Length: 1, Msg: 
09:57:22 03843.3800606784> DEBUG : >>>[repl] repl Request
09:57:22 03843.3800606784> DEBUG : >>>[repl] repl Request
09:57:22 03843.3741374208> DEBUG : >>>[DB] ALL DB OK
09:57:27 03843.3800606784> DEBUG : >>>[TCP] Received Message Type: 201, Length: 1, Msg: 
09:57:27 03843.3800606784> DEBUG : >>>[repl] repl Request
09:57:27 03843.3800606784> DEBUG : >>>[repl] repl Request
09:57:27 03843.3741374208> DEBUG : >>>[DB] ALL DB OK
09:57:32 03843.3800606784> DEBUG : >>>[TCP] Received Message Type: 201, Length: 1, Msg: 
09:57:32 03843.3800606784> DEBUG : >>>[repl] repl Request
09:57:32 03843.3800606784> DEBUG : >>>[repl] repl Request
09:57:32 03843.3741374208> DEBUG : >>>[DB] ALL DB OK
09:57:40 04202.0946268224> DEBUG : >>>[INIT] success log INIT
09:57:40 04202.0887035648> DEBUG : >>>[DB] ALL DB OK
09:57:45 04202.0887035648> DEBUG : >>>[DB] ALL DB OK
09:57:46 04202.0946268224> DEBUG : >>>[TCP] Client connected.
09:57:46 04202.0946268224> DEBUG : >>>[TCP] Received Message Type: 201, Length: 1, Msg: 
09:57:46 04202.0946268224> DEBUG : >>>[repl] repl Request
09:57:46 04202.0946268224> DEBUG : >>>[repl] repl Request
09:57:50 04202.0887035648> DEBUG : >>>[DB] ALL DB OK
09:57:51 04202.0946268224> DEBUG : >>>[TCP] Received Message Type: 201, Length: 1, Msg: 
09:57:51 04202.0946268224> DEBUG : >>>[repl] repl Request
09:57:51 04202.0946268224> DEBUG : >>>[repl] repl Request
09:57:55 04202.0887035648> DEBUG : >>>[DB] ALL DB OK
09:57:56 04202.0946268224> DEBUG : >>>[TCP] Received Message Type: 201, Length: 1, Msg: 
09:57:56 04202.0946268224> DEBUG : >>>[repl] repl Request
09:57:56 04202.0946268224> DEBUG : >>>[repl] repl Request
09:58:00 04202.0887035648> DEBUG : >>>[DB] ALL DB OK
09:58:01 04202.0946268224> DEBUG : >>>[TCP] Received Message Type: 201, Length: 1, Msg: 
09:58:01 04202.0946268224> DEBUG : >>>[repl] repl Request
09:58:01 04202.0946268224> DEBUG : >>>[repl] repl Request
09:58:05 04202.0887035648> DEBUG : >>>[DB] ALL DB OK
09:58:06 04202.0946268224> DEBUG : >>>[TCP] Received Message Type: 201, Length: 1, Msg: 
09:58:06 04202.0946268224> DEBUG : >>>[repl] repl Request
09:58:06 04202.0946268224> DEBUG : >>>[repl] repl Request
09:58:10 04202.0887035648> DEBUG : >>>[DB] ALL DB OK
09:58:11 04202.0946268224> DEBUG : >>>[TCP] Received Message Type: 201, Length: 1, Msg: 
09:58:11 04202.0946268224> DEBUG : >>>[repl] repl Request
09:58:11 04202.0946268224> DEBUG : >>>[repl] repl Request
09:58:15 04202.0887035648> DEBUG : >>>[DB] ALL DB OK
09:58:16 04202.0946268224> DEBUG : >>>[TCP] Received Message Type: 201, Length: 1, Msg: 
09:58:16 04202.0946268224> DEBUG : >>>[repl] repl Request
09:58:16 04202.0946268224> DEBUG : >>>[repl] repl Request
09:58:20 04202.0887035648> DEBUG : >>>[DB] ALL DB OK
09:58:21 04202.0946268224> DEBUG : >>>[TCP] Received Message Type: 201, Length: 1, Msg: 
09:58:21 04202.0946268224> DEBUG : >>>[repl] repl Request
09:58:21 04202.0946268224> DEBUG : >>>[repl] repl Request
09:58:25 04202.0887035648> DEBUG : >>>[DB] ALL DB OK
09:58:26 04202.0946268224> DEBUG : >>>[TCP] Received Message Type: 201, Length: 1, Msg: 
09:58:26 04202.0946268224> DEBUG : >>>[repl] repl Request
09:58:26 04202.0946268224> DEBUG : >>>[repl] repl Request
09:58:31 04202.0887035648> DEBUG : >>>[DB] ALL DB OK
09:58:31 04202.0946268224> DEBUG : >>>[TCP] Received Message Type: 201, Length: 1, Msg: 
09:58:31 04202.0946268224> DEBUG : >>>[repl] repl Request
09:58:31 04202.0946268224> DEBUG : >>>[repl] repl Request
09:58:36 04202.0887035648> DEBUG : >>>[DB] ALL DB OK
09:58:36 04202.0946268224> DEBUG : >>>[TCP] Received Message Type: 201, Length: 1, Msg: 
09:58:36 04202.0946268224> DEBUG : >>>[repl] repl Request
09:58:36 04202.0946268224> DEBUG : >>>[repl] repl Request
09:58:41 04202.0887035648> DEBUG : >>>[DB] ALL DB OK
09:58:41 04202.0946268224> DEBUG : >>>[TCP] Received Message Type: 201, Length: 1, Msg: 
09:58:41 04202.0946268224> DEBUG : >>>[repl] repl Request
09:58:41 04202.0946268224> DEBUG : >>>[repl] repl Request
09:58:43 04202.0946268224> DEBUG : >>>[TCP] Client disconnected.
09:58:46 04202.0887035648> DEBUG : >>>[DB] ALL DB OK
09:58:51 04202.0887035648> DEBUG : >>>[DB] ALL DB OK
09:58:56 04202.0887035648> DEBUG : >>>[DB] ALL DB OK
09:59:01 04202.0887035648> DEBUG : >>>[DB] ALL DB OK
09:59:06 04202.0887035648> DEBUG : >>>[DB] ALL DB OK
09:59:11 04202.0887035648> DEBUG : >>>[DB] ALL DB OK
09:59:16 04202.0887035648> DEBUG : >>>[DB] ALL DB OK
09:59:21 04202.0887035648> DEBUG : >>>[DB] ALL DB OK
09:59:26 04202.0887035648> DEBUG : >>>[DB] ALL DB OK
09:59:31 04202.0887035648> DEBUG : >>>[DB] ALL DB OK
09:59:37 04202.0887035648> DEBUG : >>>[DB] ALL DB OK
09:59:42 04202.0887035648> DEBUG : >>>[DB] ALL DB OK
09:59:47 04202.0887035648> DEBUG : >>>[DB] ALL DB OK
09:59:52 04202.0887035648> DEBUG : >>>[DB] ALL DB OK
09:59:57 04202.0887035648> DEBUG : >>>[DB] ALL DB OK
10:00:02 04202.0887035648> DEBUG : >>>[DB] ALL DB OK
10:00:07 04202.0887035648> DEBUG : >>>[DB] ALL DB OK
10:00:12 04202.0887035648> DEBUG : >>>[DB] ALL DB OK
10:00:17 04202.0887035648> DEBUG : >>>[DB] ALL DB OK
10:00:22 04202.0887035648> DEBUG : >>>[DB] ALL DB OK
10:00:27 04202.0887035648> DEBUG : >>>[DB] ALL DB OK
10:00:33 04202.0887035648> DEBUG : >>>[DB] ALL DB OK
10:00:38 04202.0887035648> DEBUG : >>>[DB] ALL DB OK
10:00:43 04202.0887035648> DEBUG : >>>[DB] ALL DB OK
10:00:48 04202.0887035648> DEBUG : >>>[DB] ALL DB OK
10:00:53 04202.0887035648> DEBUG : >>>[DB] ALL DB OK
10:00:58 04202.0887035648> DEBUG : >>>[DB] ALL DB OK
10:01:03 04202.0887035648> DEBUG : >>>[DB] ALL DB OK
10:01:08 04202.0887035648> DEBUG : >>>[DB] ALL DB OK
10:01:13 04202.0887035648> DEBUG : >>>[DB] ALL DB OK
10:01:18 04202.0887035648> DEBUG : >>>[DB] ALL DB OK
10:01:23 04202.0887035648> DEBUG : >>>[DB] ALL DB OK
10:01:28 04202.0887035648> DEBUG : >>>[DB] ALL DB OK
10:01:33 04202.0887035648> DEBUG : >>>[DB] ALL DB OK
10:01:38 04202.0887035648> DEBUG : >>>[DB] ALL DB OK
10:01:43 04202.0887035648> DEBUG : >>>[DB] ALL DB OK
10:01:48 04202.0887035648> DEBUG : >>>[DB] ALL DB OK
10:01:53 04202.0887035648> DEBUG : >>>[DB] ALL DB OK
10:01:58 04202.0887035648> DEBUG : >>>[DB] ALL DB OK
10:02:03 04202.0887035648> DEBUG : >>>[DB] ALL DB OK
10:02:08 04202.0887035648> DEBUG : >>>[DB] ALL DB OK
10:02:13 04202.0887035648> DEBUG : >>>[DB] ALL DB OK
10:02:19 04202.0887035648> DEBUG : >>>[DB] ALL DB OK
10:02:24 04202.0887035648> DEBUG : >>>[DB] ALL DB OK
10:02:29 04202.0887035648> DEBUG : >>>[DB] ALL DB OK
10:02:34 04202.0887035648> DEBUG : >>>[DB] ALL DB OK
10:02:39 04202.0887035648> DEBUG : >>>[DB] ALL DB OK
10:02:44 04202.0887035648> DEBUG : >>>[DB] ALL DB OK
10:02:49 04202.0887035648> DEBUG : >>>[DB] ALL DB OK
10:02:54 04202.0887035648> DEBUG : >>>[DB] ALL DB OK
10:02:59 04202.0887035648> DEBUG : >>>[DB] ALL DB OK
10:03:04 04202.0887035648> DEBUG : >>>[DB] ALL DB OK
10:03:09 04202.0887035648> DEBUG : >>>[DB] ALL DB OK
10:03:14 04202.0887035648> DEBUG : >>>[DB] ALL DB OK
10:03:19 04202.0887035648> DEBUG : >>>[DB] ALL DB OK
10:03:24 04202.0887035648> DEBUG : >>>[DB] ALL DB OK
10:03:29 04202.0887035648> DEBUG : >>>[DB] ALL DB OK
10:03:34 04202.0887035648> DEBUG : >>>[DB] ALL DB OK
10:03:39 04202.0887035648> DEBUG : >>>[DB] ALL DB OK
10:03:44 04202.0887035648> DEBUG : >>>[DB] ALL DB OK
10:03:49 04202.0887035648> DEBUG : >>>[DB] ALL DB OK
10:03:54 04202.0887035648> DEBUG : >>>[DB] ALL DB OK
10:03:59 04202.0887035648> DEBUG : >>>[DB] ALL DB OK
10:04:04 04202.0887035648> DEBUG : >>>[DB] ALL DB OK
10:04:09 04202.0887035648> DEBUG : >>>[DB] ALL DB OK
10:04:14 04202.0887035648> DEBUG : >>>[DB] ALL DB OK
10:04:19 04202.0887035648> DEBUG : >>>[DB] ALL DB OK
10:04:24 04202.0887035648> DEBUG : >>>[DB] ALL DB OK
10:04:29 04202.0887035648> DEBUG : >>>[DB] ALL DB OK
10:04:34 04202.0887035648> DEBUG : >>>[DB] ALL DB OK
10:04:39 04202.0887035648> DEBUG : >>>[DB] ALL DB OK
10:04:45 04202.0887035648> DEBUG : >>>[DB] ALL DB OK
10:04:50 04202.0887035648> DEBUG : >>>[DB] ALL DB OK
10:04:55 04202.0887035648> DEBUG : >>>[DB] ALL DB OK
10:05:00 04202.0887035648> DEBUG : >>>[DB] ALL DB OK
10:05:05 04202.0887035648> DEBUG : >>>[DB] ALL DB OK
10:05:10 04202.0887035648> DEBUG : >>>[DB] ALL DB OK
10:05:15 04202.0887035648> DEBUG : >>>[DB] ALL DB OK
10:05:20 04202.0887035648> DEBUG : >>>[DB] ALL DB OK
10:05:25 04202.0887035648> DEBUG : >>>[DB] ALL DB OK
10:05:30 04202.0887035648> DEBUG : >>>[DB] ALL DB OK
10:05:35 04202.0887035648> DEBUG : >>>[DB] ALL DB OK
10:05:40 04202.0887035648> DEBUG : >>>[DB] ALL DB OK
10:05:45 04202.0887035648> DEBUG : >>>[DB] ALL DB OK
10:05:50 04202.0887035648> DEBUG : >>>[DB] ALL DB OK
10:05:55 04202.0887035648> DEBUG : >>>[DB] ALL DB OK
10:06:00 04202.0887035648> DEBUG : >>>[DB] ALL DB OK
10:06:05 04202.0887035648> DEBUG : >>>[DB] ALL DB OK
10:06:10 04202.0887035648> DEBUG : >>>[DB] ALL DB OK
10:06:15 04202.0887035648> DEBUG : >>>[DB] ALL DB OK
10:06:20 04202.0887035648> DEBUG : >>>[DB] ALL DB OK
10:06:25 04202.0887035648> DEBUG : >>>[DB] ALL DB OK
10:06:30 04202.0887035648> DEBUG : >>>[DB] ALL DB OK
10:06:35 04202.0887035648> DEBUG : >>>[DB] ALL DB OK
10:06:40 04202.0887035648> DEBUG : >>>[DB] ALL DB OK
10:06:45 04202.0887035648> DEBUG : >>>[DB] ALL DB OK
10:06:50 04202.0887035648> DEBUG : >>>[DB] ALL DB OK
10:06:55 04202.0887035648> DEBUG : >>>[DB] ALL DB OK
10:07:01 04202.0887035648> DEBUG : >>>[DB] ALL DB OK
10:07:07 04202.0887035648> DEBUG : >>>[DB] ALL DB OK
10:07:12 04202.0887035648> DEBUG : >>>[DB] ALL DB OK
10:07:17 04202.0887035648> DEBUG : >>>[DB] ALL DB OK
10:07:22 04202.0887035648> DEBUG : >>>[DB] ALL DB OK
10:07:27 04202.0887035648> DEBUG : >>>[DB] ALL DB OK
10:07:32 04202.0887035648> DEBUG : >>>[DB] ALL DB OK
10:07:37 04202.0887035648> DEBUG : >>>[DB] ALL DB OK
10:07:42 04202.0887035648> DEBUG : >>>[DB] ALL DB OK
10:07:47 04202.0887035648> DEBUG : >>>[DB] ALL DB OK
10:07:52 04202.0887035648> DEBUG : >>>[DB] ALL DB OK
10:07:57 04202.0887035648> DEBUG : >>>[DB] ALL DB OK
10:08:02 04202.0887035648> DEBUG : >>>[DB] ALL DB OK
10:08:07 04202.0887035648> DEBUG : >>>[DB] ALL DB OK
10:08:12 04202.0887035648> DEBUG : >>>[DB] ALL DB OK
10:08:17 04202.0887035648> DEBUG : >>>[DB] ALL DB OK
10:08:22 04202.0887035648> DEBUG : >>>[DB] ALL DB OK
10:08:27 04202.0887035648> DEBUG : >>>[DB] ALL DB OK
10:08:32 04202.0887035648> DEBUG : >>>[DB] ALL DB OK
10:08:37 04202.0887035648> DEBUG : >>>[DB] ALL DB OK
10:08:42 04202.0887035648> DEBUG : >>>[DB] ALL DB OK
10:08:48 04202.0887035648> DEBUG : >>>[DB] ALL DB OK
10:08:53 04202.0887035648> DEBUG : >>>[DB] ALL DB OK
10:08:58 04202.0887035648> DEBUG : >>>[DB] ALL DB OK
10:09:03 04202.0887035648> DEBUG : >>>[DB] ALL DB OK
10:09:09 04202.0887035648> DEBUG : >>>[DB] ALL DB OK
10:09:14 04202.0887035648> DEBUG : >>>[DB] ALL DB OK
10:09:19 04202.0887035648> DEBUG : >>>[DB] ALL DB OK
10:09:24 04202.0887035648> DEBUG : >>>[DB] ALL DB OK
10:09:29 04202.0887035648> DEBUG : >>>[DB] ALL DB OK
10:09:36 05057.1716041792> DEBUG : >>>[INIT] success log INIT
10:09:36 05057.1656809216> DEBUG : >>>[DB] ALL DB OK
10:09:41 05057.1656809216> DEBUG : >>>[DB] ALL DB OK
10:09:46 05057.1656809216> DEBUG : >>>[DB] ALL DB OK
10:09:51 05057.1656809216> DEBUG : >>>[DB] ALL DB OK
10:09:56 05057.1716041792> DEBUG : >>>[TCP] Client connected.
10:09:56 05057.1716041792> DEBUG : >>>[TCP] Received Message Type: 201, Length: 1, Msg: 
10:09:56 05057.1716041792> DEBUG : >>>[repl] repl Request
10:09:56 05057.1716041792> DEBUG : >>>[repl] repl Request
10:09:56 05057.1656809216> DEBUG : >>>[DB] ALL DB OK
10:10:01 05057.1716041792> DEBUG : >>>[TCP] Received Message Type: 201, Length: 1, Msg: 
10:10:01 05057.1716041792> DEBUG : >>>[repl] repl Request
10:10:01 05057.1716041792> DEBUG : >>>[repl] repl Request
10:10:01 05057.1656809216> DEBUG : >>>[DB] ALL DB OK
10:10:06 05057.1716041792> DEBUG : >>>[TCP] Received Message Type: 201, Length: 1, Msg: 
10:10:06 05057.1716041792> DEBUG : >>>[repl] repl Request
10:10:06 05057.1716041792> DEBUG : >>>[repl] repl Request
10:10:06 05057.1656809216> DEBUG : >>>[DB] ALL DB OK
10:10:11 05057.1716041792> DEBUG : >>>[TCP] Received Message Type: 201, Length: 1, Msg: 
10:10:11 05057.1716041792> DEBUG : >>>[repl] repl Request
10:10:11 05057.1716041792> DEBUG : >>>[repl] repl Request
10:10:11 05057.1656809216> DEBUG : >>>[DB] ALL DB OK
10:10:16 05057.1716041792> DEBUG : >>>[TCP] Received Message Type: 201, Length: 1, Msg: 
10:10:16 05057.1716041792> DEBUG : >>>[repl] repl Request
10:10:16 05057.1716041792> DEBUG : >>>[repl] repl Request
10:10:16 05057.1656809216> DEBUG : >>>[DB] ALL DB OK
10:10:19 05057.1716041792> DEBUG : >>>[TCP] Client disconnected.
10:10:21 05057.1656809216> DEBUG : >>>[DB] ALL DB OK
10:10:27 05057.1656809216> DEBUG : >>>[DB] ALL DB OK
10:10:32 05057.1656809216> DEBUG : >>>[DB] ALL DB OK
10:10:38 05057.1656809216> DEBUG : >>>[DB] ALL DB OK
10:10:43 05057.1656809216> DEBUG : >>>[DB] ALL DB OK
10:10:48 05057.1656809216> DEBUG : >>>[DB] ALL DB OK
10:10:53 05057.1656809216> DEBUG : >>>[DB] ALL DB OK
10:10:58 05057.1656809216> DEBUG : >>>[DB] ALL DB OK
10:11:03 05057.1656809216> DEBUG : >>>[DB] ALL DB OK
10:11:08 05057.1656809216> DEBUG : >>>[DB] ALL DB OK
10:11:13 05057.1656809216> DEBUG : >>>[DB] ALL DB OK
10:11:18 05057.1656809216> DEBUG : >>>[DB] ALL DB OK
10:11:24 05057.1656809216> DEBUG : >>>[DB] ALL DB OK
10:11:29 05057.1656809216> DEBUG : >>>[DB] ALL DB OK
10:11:34 05057.1656809216> DEBUG : >>>[DB] ALL DB OK
10:11:39 05057.1656809216> DEBUG : >>>[DB] ALL DB OK
10:11:44 05057.1656809216> DEBUG : >>>[DB] ALL DB OK
10:11:48 05057.1716041792> DEBUG : >>>[TCP] Client connected.
10:11:48 05057.1716041792> DEBUG : >>>[TCP] Received Message Type: 201, Length: 1, Msg: 
10:11:48 05057.1716041792> DEBUG : >>>[repl] repl Request
10:11:48 05057.1716041792> DEBUG : >>>[repl] repl Request
10:11:49 05057.1656809216> DEBUG : >>>[DB] ALL DB OK
10:11:53 05057.1716041792> DEBUG : >>>[TCP] Received Message Type: 201, Length: 1, Msg: 
10:11:53 05057.1716041792> DEBUG : >>>[repl] repl Request
10:11:53 05057.1716041792> DEBUG : >>>[repl] repl Request
10:11:54 05057.1656809216> DEBUG : >>>[DB] ALL DB OK
10:11:58 05057.1716041792> DEBUG : >>>[TCP] Received Message Type: 201, Length: 1, Msg: 
10:11:58 05057.1716041792> DEBUG : >>>[repl] repl Request
10:11:58 05057.1716041792> DEBUG : >>>[repl] repl Request
10:11:59 05057.1656809216> DEBUG : >>>[DB] ALL DB OK
10:12:03 05057.1716041792> DEBUG : >>>[TCP] Received Message Type: 201, Length: 1, Msg: 
10:12:03 05057.1716041792> DEBUG : >>>[repl] repl Request
10:12:03 05057.1716041792> DEBUG : >>>[repl] repl Request
10:12:04 05057.1656809216> DEBUG : >>>[DB] ALL DB OK
10:12:08 05057.1716041792> DEBUG : >>>[TCP] Received Message Type: 201, Length: 1, Msg: 
10:12:08 05057.1716041792> DEBUG : >>>[repl] repl Request
10:12:08 05057.1716041792> DEBUG : >>>[repl] repl Request
10:12:09 05057.1656809216> DEBUG : >>>[DB] ALL DB OK
10:12:13 05057.1716041792> DEBUG : >>>[TCP] Received Message Type: 201, Length: 1, Msg: 
10:12:13 05057.1716041792> DEBUG : >>>[repl] repl Request
10:12:13 05057.1716041792> DEBUG : >>>[repl] repl Request
10:12:14 05057.1656809216> DEBUG : >>>[DB] ALL DB OK
10:12:18 05057.1716041792> DEBUG : >>>[TCP] Received Message Type: 201, Length: 1, Msg: 
10:12:18 05057.1716041792> DEBUG : >>>[repl] repl Request
10:12:18 05057.1716041792> DEBUG : >>>[repl] repl Request
10:12:19 05057.1656809216> DEBUG : >>>[DB] ALL DB OK
10:12:23 05057.1716041792> DEBUG : >>>[TCP] Received Message Type: 201, Length: 1, Msg: 
10:12:23 05057.1716041792> DEBUG : >>>[repl] repl Request
10:12:23 05057.1716041792> DEBUG : >>>[repl] repl Request
10:12:24 05057.1656809216> DEBUG : >>>[DB] ALL DB OK
10:12:25 05057.1716041792> DEBUG : >>>[TCP] Client disconnected.
10:12:29 05057.1656809216> DEBUG : >>>[DB] ALL DB OK
10:12:34 05057.1656809216> DEBUG : >>>[DB] ALL DB OK
10:12:39 05057.1656809216> DEBUG : >>>[DB] ALL DB OK
10:12:44 05057.1656809216> DEBUG : >>>[DB] ALL DB OK
10:12:49 05057.1656809216> DEBUG : >>>[DB] ALL DB OK
10:12:54 05057.1656809216> DEBUG : >>>[DB] ALL DB OK
10:12:59 05057.1656809216> DEBUG : >>>[DB] ALL DB OK
10:13:04 05057.1656809216> DEBUG : >>>[DB] ALL DB OK
10:13:13 05646.3560187968> DEBUG : >>>[INIT] success log INIT
10:13:13 05646.3500955392> DEBUG : >>>[DB] ALL DB OK
10:13:16 05646.3560187968> DEBUG : >>>[TCP] Client connected.
10:13:16 05646.3560187968> DEBUG : >>>[TCP] Received Message Type: 201, Length: 1, Msg: 
10:13:16 05646.3560187968> DEBUG : >>>[repl] repl Request
10:13:16 05646.3560187968> DEBUG : >>>[repl] repl Request
10:13:17 05646.3560187968> DEBUG : >>>[TCP] Client disconnected.
10:13:18 05646.3500955392> DEBUG : >>>[DB] ALL DB OK
10:13:23 05646.3500955392> DEBUG : >>>[DB] ALL DB OK
10:13:28 05646.3500955392> DEBUG : >>>[DB] ALL DB OK
10:13:33 05646.3500955392> DEBUG : >>>[DB] ALL DB OK
10:13:38 05646.3500955392> DEBUG : >>>[DB] ALL DB OK
10:13:44 05646.3500955392> DEBUG : >>>[DB] ALL DB OK
10:13:49 05646.3500955392> DEBUG : >>>[DB] ALL DB OK
10:13:54 05646.3500955392> DEBUG : >>>[DB] ALL DB OK
10:13:59 05646.3500955392> DEBUG : >>>[DB] ALL DB OK
10:14:04 05646.3500955392> DEBUG : >>>[DB] ALL DB OK
10:14:09 05646.3500955392> DEBUG : >>>[DB] ALL DB OK
10:14:14 05646.3500955392> DEBUG : >>>[DB] ALL DB OK
10:14:19 05646.3500955392> DEBUG : >>>[DB] ALL DB OK
10:14:24 05646.3500955392> DEBUG : >>>[DB] ALL DB OK
10:14:29 05646.3500955392> DEBUG : >>>[DB] ALL DB OK
10:14:34 05646.3500955392> DEBUG : >>>[DB] ALL DB OK
10:14:39 05646.3500955392> DEBUG : >>>[DB] ALL DB OK
10:14:44 05646.3500955392> DEBUG : >>>[DB] ALL DB OK
10:14:49 05646.3500955392> DEBUG : >>>[DB] ALL DB OK
10:14:54 05646.3500955392> DEBUG : >>>[DB] ALL DB OK
10:14:59 05646.3500955392> DEBUG : >>>[DB] ALL DB OK
10:15:04 05646.3500955392> DEBUG : >>>[DB] ALL DB OK
10:15:09 05646.3500955392> DEBUG : >>>[DB] ALL DB OK
10:15:14 05646.3500955392> DEBUG : >>>[DB] ALL DB OK
10:15:19 05646.3500955392> DEBUG : >>>[DB] ALL DB OK
10:15:24 05646.3500955392> DEBUG : >>>[DB] ALL DB OK
10:15:29 05646.3500955392> DEBUG : >>>[DB] ALL DB OK
10:15:34 05646.3500955392> DEBUG : >>>[DB] ALL DB OK
10:15:40 05646.3500955392> DEBUG : >>>[DB] ALL DB OK
10:15:45 05646.3500955392> DEBUG : >>>[DB] ALL DB OK
10:15:50 05646.3500955392> DEBUG : >>>[DB] ALL DB OK
10:15:55 05646.3500955392> DEBUG : >>>[DB] ALL DB OK
10:16:00 05646.3500955392> DEBUG : >>>[DB] ALL DB OK
10:16:05 05646.3500955392> DEBUG : >>>[DB] ALL DB OK
10:16:10 05646.3500955392> DEBUG : >>>[DB] ALL DB OK
10:16:15 05646.3500955392> DEBUG : >>>[DB] ALL DB OK
10:16:20 05646.3500955392> DEBUG : >>>[DB] ALL DB OK
10:16:25 05646.3500955392> DEBUG : >>>[DB] ALL DB OK
10:16:30 05646.3500955392> DEBUG : >>>[DB] ALL DB OK
10:16:35 05646.3500955392> DEBUG : >>>[DB] ALL DB OK
10:16:40 05646.3500955392> DEBUG : >>>[DB] ALL DB OK
10:16:45 05646.3500955392> DEBUG : >>>[DB] ALL DB OK
10:16:50 05646.3500955392> DEBUG : >>>[DB] ALL DB OK
10:16:55 05646.3500955392> DEBUG : >>>[DB] ALL DB OK
10:17:00 05646.3500955392> DEBUG : >>>[DB] ALL DB OK
10:17:05 05646.3500955392> DEBUG : >>>[DB] ALL DB OK
10:17:10 05646.3500955392> DEBUG : >>>[DB] ALL DB OK
10:17:15 05646.3500955392> DEBUG : >>>[DB] ALL DB OK
10:17:20 05646.3500955392> DEBUG : >>>[DB] ALL DB OK
10:17:25 05646.3500955392> DEBUG : >>>[DB] ALL DB OK
10:17:30 05646.3500955392> DEBUG : >>>[DB] ALL DB OK
10:17:35 05646.3500955392> DEBUG : >>>[DB] ALL DB OK
10:17:40 05646.3500955392> DEBUG : >>>[DB] ALL DB OK
10:17:45 05646.3500955392> DEBUG : >>>[DB] ALL DB OK
10:17:51 06071.4037072960> DEBUG : >>>[INIT] success log INIT
10:17:51 06071.3977840384> DEBUG : >>>[DB] ALL DB OK
10:17:55 06071.4037072960> DEBUG : >>>[TCP] Client connected.
10:17:55 06071.4037072960> DEBUG : >>>[TCP] Received Message Type: 201, Length: 1, Msg: 
10:17:55 06071.4037072960> DEBUG : >>>[repl] repl Request
10:17:55 06071.4037072960> DEBUG : >>>[repl] repl Request
10:17:56 06071.3977840384> DEBUG : >>>[DB] ALL DB OK
10:18:00 06071.4037072960> DEBUG : >>>[TCP] Received Message Type: 201, Length: 1, Msg: 
10:18:00 06071.4037072960> DEBUG : >>>[repl] repl Request
10:18:00 06071.4037072960> DEBUG : >>>[repl] repl Request
10:18:02 06071.3977840384> DEBUG : >>>[DB] ALL DB OK
10:18:05 06071.4037072960> DEBUG : >>>[TCP] Received Message Type: 201, Length: 1, Msg: 
10:18:05 06071.4037072960> DEBUG : >>>[repl] repl Request
10:18:05 06071.4037072960> DEBUG : >>>[repl] repl Request
10:18:07 06071.3977840384> DEBUG : >>>[DB] ALL DB OK
10:18:10 06071.4037072960> DEBUG : >>>[TCP] Received Message Type: 201, Length: 1, Msg: 
10:18:10 06071.4037072960> DEBUG : >>>[repl] repl Request
10:18:10 06071.4037072960> DEBUG : >>>[repl] repl Request
10:18:12 06071.3977840384> DEBUG : >>>[DB] ALL DB OK
10:18:15 06071.4037072960> DEBUG : >>>[TCP] Received Message Type: 201, Length: 1, Msg: 
10:18:15 06071.4037072960> DEBUG : >>>[repl] repl Request
10:18:15 06071.4037072960> DEBUG : >>>[repl] repl Request
10:18:17 06071.3977840384> DEBUG : >>>[DB] ALL DB OK
10:18:20 06071.4037072960> DEBUG : >>>[TCP] Received Message Type: 201, Length: 1, Msg: 
10:18:20 06071.4037072960> DEBUG : >>>[repl] repl Request
10:18:20 06071.4037072960> DEBUG : >>>[repl] repl Request
10:18:22 06071.3977840384> DEBUG : >>>[DB] ALL DB OK
10:18:25 06071.4037072960> DEBUG : >>>[TCP] Received Message Type: 201, Length: 1, Msg: 
10:18:25 06071.4037072960> DEBUG : >>>[repl] repl Request
10:18:25 06071.4037072960> DEBUG : >>>[repl] repl Request
10:18:27 06071.3977840384> DEBUG : >>>[DB] ALL DB OK
10:18:30 06071.4037072960> DEBUG : >>>[TCP] Received Message Type: 201, Length: 1, Msg: 
10:18:30 06071.4037072960> DEBUG : >>>[repl] repl Request
10:18:30 06071.4037072960> DEBUG : >>>[repl] repl Request
10:18:32 06071.3977840384> DEBUG : >>>[DB] ALL DB OK
10:18:35 06071.4037072960> DEBUG : >>>[TCP] Received Message Type: 201, Length: 1, Msg: 
10:18:36 06071.4037072960> DEBUG : >>>[repl] repl Request
10:18:36 06071.4037072960> DEBUG : >>>[repl] repl Request
10:18:37 06071.3977840384> DEBUG : >>>[DB] ALL DB OK
10:18:40 06071.4037072960> DEBUG : >>>[TCP] Received Message Type: 201, Length: 1, Msg: 
10:18:40 06071.4037072960> DEBUG : >>>[repl] repl Request
10:18:41 06071.4037072960> DEBUG : >>>[repl] repl Request
10:18:42 06071.3977840384> DEBUG : >>>[DB] ALL DB OK
10:18:45 06071.4037072960> DEBUG : >>>[TCP] Received Message Type: 201, Length: 1, Msg: 
10:18:46 06071.4037072960> DEBUG : >>>[repl] repl Request
10:18:46 06071.4037072960> DEBUG : >>>[repl] repl Request
10:18:47 06071.3977840384> DEBUG : >>>[DB] ALL DB OK
10:18:51 06071.4037072960> DEBUG : >>>[TCP] Received Message Type: 201, Length: 1, Msg: 
10:18:51 06071.4037072960> DEBUG : >>>[repl] repl Request
10:18:51 06071.4037072960> DEBUG : >>>[repl] repl Request
10:18:52 06071.3977840384> DEBUG : >>>[DB] ALL DB OK
10:18:56 06071.4037072960> DEBUG : >>>[TCP] Received Message Type: 201, Length: 1, Msg: 
10:18:56 06071.4037072960> DEBUG : >>>[repl] repl Request
10:18:56 06071.4037072960> DEBUG : >>>[repl] repl Request
10:18:57 06071.3977840384> DEBUG : >>>[DB] ALL DB OK
10:19:01 06071.4037072960> DEBUG : >>>[TCP] Received Message Type: 201, Length: 1, Msg: 
10:19:01 06071.4037072960> DEBUG : >>>[repl] repl Request
10:19:01 06071.4037072960> DEBUG : >>>[repl] repl Request
10:19:02 06071.3977840384> DEBUG : >>>[DB] ALL DB OK
10:19:06 06071.4037072960> DEBUG : >>>[TCP] Received Message Type: 201, Length: 1, Msg: 
10:19:06 06071.4037072960> DEBUG : >>>[repl] repl Request
10:19:06 06071.4037072960> DEBUG : >>>[repl] repl Request
10:19:07 06071.3977840384> DEBUG : >>>[DB] ALL DB OK
10:19:11 06071.4037072960> DEBUG : >>>[TCP] Received Message Type: 201, Length: 1, Msg: 
10:19:11 06071.4037072960> DEBUG : >>>[repl] repl Request
10:19:11 06071.4037072960> DEBUG : >>>[repl] repl Request
10:19:12 06071.3977840384> DEBUG : >>>[DB] ALL DB OK
10:19:16 06071.4037072960> DEBUG : >>>[TCP] Received Message Type: 201, Length: 1, Msg: 
10:19:16 06071.4037072960> DEBUG : >>>[repl] repl Request
10:19:16 06071.4037072960> DEBUG : >>>[repl] repl Request
10:19:17 06071.3977840384> DEBUG : >>>[DB] ALL DB OK
10:19:21 06071.4037072960> DEBUG : >>>[TCP] Received Message Type: 201, Length: 1, Msg: 
10:19:21 06071.4037072960> DEBUG : >>>[repl] repl Request
10:19:21 06071.4037072960> DEBUG : >>>[repl] repl Request
10:19:22 06071.3977840384> DEBUG : >>>[DB] ALL DB OK
10:19:26 06071.4037072960> DEBUG : >>>[TCP] Received Message Type: 201, Length: 1, Msg: 
10:19:26 06071.4037072960> DEBUG : >>>[repl] repl Request
10:19:26 06071.4037072960> DEBUG : >>>[repl] repl Request
10:19:27 06071.3977840384> DEBUG : >>>[DB] ALL DB OK
10:19:31 06071.4037072960> DEBUG : >>>[TCP] Received Message Type: 201, Length: 1, Msg: 
10:19:31 06071.4037072960> DEBUG : >>>[repl] repl Request
10:19:31 06071.4037072960> DEBUG : >>>[repl] repl Request
10:19:32 06071.3977840384> DEBUG : >>>[DB] ALL DB OK
10:19:36 06071.4037072960> DEBUG : >>>[TCP] Received Message Type: 201, Length: 1, Msg: 
10:19:36 06071.4037072960> DEBUG : >>>[repl] repl Request
10:19:36 06071.4037072960> DEBUG : >>>[repl] repl Request
10:19:37 06071.3977840384> DEBUG : >>>[DB] ALL DB OK
10:19:41 06071.4037072960> DEBUG : >>>[TCP] Received Message Type: 201, Length: 1, Msg: 
10:19:41 06071.4037072960> DEBUG : >>>[repl] repl Request
10:19:41 06071.4037072960> DEBUG : >>>[repl] repl Request
10:19:42 06071.3977840384> DEBUG : >>>[DB] ALL DB OK
10:19:46 06071.4037072960> DEBUG : >>>[TCP] Received Message Type: 201, Length: 1, Msg: 
10:19:46 06071.4037072960> DEBUG : >>>[repl] repl Request
10:19:46 06071.4037072960> DEBUG : >>>[repl] repl Request
10:19:47 06071.3977840384> DEBUG : >>>[DB] ALL DB OK
10:19:51 06071.4037072960> DEBUG : >>>[TCP] Received Message Type: 201, Length: 1, Msg: 
10:19:51 06071.4037072960> DEBUG : >>>[repl] repl Request
10:19:51 06071.4037072960> DEBUG : >>>[repl] repl Request
10:19:53 06071.3977840384> DEBUG : >>>[DB] ALL DB OK
10:19:56 06071.4037072960> DEBUG : >>>[TCP] Received Message Type: 201, Length: 1, Msg: 
10:19:56 06071.4037072960> DEBUG : >>>[repl] repl Request
10:19:56 06071.4037072960> DEBUG : >>>[repl] repl Request
10:19:58 06071.3977840384> DEBUG : >>>[DB] ALL DB OK
10:20:01 06071.4037072960> DEBUG : >>>[TCP] Received Message Type: 201, Length: 1, Msg: 
10:20:01 06071.4037072960> DEBUG : >>>[repl] repl Request
10:20:01 06071.4037072960> DEBUG : >>>[repl] repl Request
10:20:03 06071.3977840384> DEBUG : >>>[DB] ALL DB OK
10:20:06 06071.4037072960> DEBUG : >>>[TCP] Received Message Type: 201, Length: 1, Msg: 
10:20:06 06071.4037072960> DEBUG : >>>[repl] repl Request
10:20:06 06071.4037072960> DEBUG : >>>[repl] repl Request
10:20:08 06071.3977840384> DEBUG : >>>[DB] ALL DB OK
10:20:11 06071.4037072960> DEBUG : >>>[TCP] Received Message Type: 201, Length: 1, Msg: 
10:20:11 06071.4037072960> DEBUG : >>>[repl] repl Request
10:20:11 06071.4037072960> DEBUG : >>>[repl] repl Request
10:20:13 06071.3977840384> DEBUG : >>>[DB] ALL DB OK
10:20:16 06071.4037072960> DEBUG : >>>[TCP] Received Message Type: 201, Length: 1, Msg: 
10:20:16 06071.4037072960> DEBUG : >>>[repl] repl Request
10:20:16 06071.4037072960> DEBUG : >>>[repl] repl Request
10:20:18 06071.3977840384> DEBUG : >>>[DB] ALL DB OK
10:20:21 06071.4037072960> DEBUG : >>>[TCP] Received Message Type: 201, Length: 1, Msg: 
10:20:21 06071.4037072960> DEBUG : >>>[repl] repl Request
10:20:21 06071.4037072960> DEBUG : >>>[repl] repl Request
10:20:23 06071.3977840384> DEBUG : >>>[DB] ALL DB OK
10:20:26 06071.4037072960> DEBUG : >>>[TCP] Received Message Type: 201, Length: 1, Msg: 
10:20:26 06071.4037072960> DEBUG : >>>[repl] repl Request
10:20:26 06071.4037072960> DEBUG : >>>[repl] repl Request
10:20:28 06071.3977840384> DEBUG : >>>[DB] ALL DB OK
10:20:31 06071.4037072960> DEBUG : >>>[TCP] Received Message Type: 201, Length: 1, Msg: 
10:20:31 06071.4037072960> DEBUG : >>>[repl] repl Request
10:20:31 06071.4037072960> DEBUG : >>>[repl] repl Request
10:20:33 06071.3977840384> DEBUG : >>>[DB] ALL DB OK
10:20:36 06071.4037072960> DEBUG : >>>[TCP] Received Message Type: 201, Length: 1, Msg: 
10:20:36 06071.4037072960> DEBUG : >>>[repl] repl Request
10:20:36 06071.4037072960> DEBUG : >>>[repl] repl Request
10:20:38 06071.3977840384> DEBUG : >>>[DB] ALL DB OK
10:20:41 06071.4037072960> DEBUG : >>>[TCP] Received Message Type: 201, Length: 1, Msg: 
10:20:41 06071.4037072960> DEBUG : >>>[repl] repl Request
10:20:41 06071.4037072960> DEBUG : >>>[repl] repl Request
10:20:43 06071.3977840384> DEBUG : >>>[DB] ALL DB OK
10:20:46 06071.4037072960> DEBUG : >>>[TCP] Received Message Type: 201, Length: 1, Msg: 
10:20:46 06071.4037072960> DEBUG : >>>[repl] repl Request
10:20:46 06071.4037072960> DEBUG : >>>[repl] repl Request
10:20:48 06071.3977840384> DEBUG : >>>[DB] ALL DB OK
10:20:51 06071.4037072960> DEBUG : >>>[TCP] Received Message Type: 201, Length: 1, Msg: 
10:20:51 06071.4037072960> DEBUG : >>>[repl] repl Request
10:20:51 06071.4037072960> DEBUG : >>>[repl] repl Request
10:20:53 06071.3977840384> DEBUG : >>>[DB] ALL DB OK
10:20:56 06071.4037072960> DEBUG : >>>[TCP] Received Message Type: 201, Length: 1, Msg: 
10:20:56 06071.4037072960> DEBUG : >>>[repl] repl Request
10:20:56 06071.4037072960> DEBUG : >>>[repl] repl Request
10:20:58 06071.3977840384> DEBUG : >>>[DB] ALL DB OK
10:21:01 06071.4037072960> DEBUG : >>>[TCP] Received Message Type: 201, Length: 1, Msg: 
10:21:01 06071.4037072960> DEBUG : >>>[repl] repl Request
10:21:01 06071.4037072960> DEBUG : >>>[repl] repl Request
10:21:03 06071.3977840384> DEBUG : >>>[DB] ALL DB OK
10:21:06 06071.4037072960> DEBUG : >>>[TCP] Received Message Type: 201, Length: 1, Msg: 
10:21:06 06071.4037072960> DEBUG : >>>[repl] repl Request
10:21:06 06071.4037072960> DEBUG : >>>[repl] repl Request
10:21:08 06071.3977840384> DEBUG : >>>[DB] ALL DB OK
10:21:11 06071.4037072960> DEBUG : >>>[TCP] Received Message Type: 201, Length: 1, Msg: 
10:21:11 06071.4037072960> DEBUG : >>>[repl] repl Request
10:21:11 06071.4037072960> DEBUG : >>>[repl] repl Request
10:21:13 06071.3977840384> DEBUG : >>>[DB] ALL DB OK
10:21:16 06071.4037072960> DEBUG : >>>[TCP] Received Message Type: 201, Length: 1, Msg: 
10:21:16 06071.4037072960> DEBUG : >>>[repl] repl Request
10:21:16 06071.4037072960> DEBUG : >>>[repl] repl Request
10:21:18 06071.3977840384> DEBUG : >>>[DB] ALL DB OK
10:21:21 06071.4037072960> DEBUG : >>>[TCP] Received Message Type: 201, Length: 1, Msg: 
10:21:21 06071.4037072960> DEBUG : >>>[repl] repl Request
10:21:21 06071.4037072960> DEBUG : >>>[repl] repl Request
10:21:23 06071.3977840384> DEBUG : >>>[DB] ALL DB OK
10:21:26 06071.4037072960> DEBUG : >>>[TCP] Received Message Type: 201, Length: 1, Msg: 
10:21:26 06071.4037072960> DEBUG : >>>[repl] repl Request
10:21:26 06071.4037072960> DEBUG : >>>[repl] repl Request
10:21:28 06071.3977840384> DEBUG : >>>[DB] ALL DB OK
10:21:31 06071.4037072960> DEBUG : >>>[TCP] Received Message Type: 201, Length: 1, Msg: 
10:21:31 06071.4037072960> DEBUG : >>>[repl] repl Request
10:21:31 06071.4037072960> DEBUG : >>>[repl] repl Request
10:21:33 06071.3977840384> DEBUG : >>>[DB] ALL DB OK
10:21:36 06071.4037072960> DEBUG : >>>[TCP] Received Message Type: 201, Length: 1, Msg: 
10:21:36 06071.4037072960> DEBUG : >>>[repl] repl Request
10:21:36 06071.4037072960> DEBUG : >>>[repl] repl Request
10:21:38 06071.3977840384> DEBUG : >>>[DB] ALL DB OK
10:21:41 06071.4037072960> DEBUG : >>>[TCP] Received Message Type: 201, Length: 1, Msg: 
10:21:41 06071.4037072960> DEBUG : >>>[repl] repl Request
10:21:41 06071.4037072960> DEBUG : >>>[repl] repl Request
10:21:43 06071.3977840384> DEBUG : >>>[DB] ALL DB OK
10:21:46 06071.4037072960> DEBUG : >>>[TCP] Received Message Type: 201, Length: 1, Msg: 
10:21:46 06071.4037072960> DEBUG : >>>[repl] repl Request
10:21:46 06071.4037072960> DEBUG : >>>[repl] repl Request
10:21:48 06071.3977840384> DEBUG : >>>[DB] ALL DB OK
10:21:51 06071.4037072960> DEBUG : >>>[TCP] Received Message Type: 201, Length: 1, Msg: 
10:21:51 06071.4037072960> DEBUG : >>>[repl] repl Request
10:21:51 06071.4037072960> DEBUG : >>>[repl] repl Request
10:21:53 06071.3977840384> DEBUG : >>>[DB] ALL DB OK
10:21:56 06071.4037072960> DEBUG : >>>[TCP] Received Message Type: 201, Length: 1, Msg: 
10:21:56 06071.4037072960> DEBUG : >>>[repl] repl Request
10:21:56 06071.4037072960> DEBUG : >>>[repl] repl Request
10:21:58 06071.3977840384> DEBUG : >>>[DB] ALL DB OK
10:22:01 06071.4037072960> DEBUG : >>>[TCP] Received Message Type: 201, Length: 1, Msg: 
10:22:01 06071.4037072960> DEBUG : >>>[repl] repl Request
10:22:01 06071.4037072960> DEBUG : >>>[repl] repl Request
10:22:04 06071.3977840384> DEBUG : >>>[DB] ALL DB OK
10:22:06 06071.4037072960> DEBUG : >>>[TCP] Received Message Type: 201, Length: 1, Msg: 
10:22:06 06071.4037072960> DEBUG : >>>[repl] repl Request
10:22:06 06071.4037072960> DEBUG : >>>[repl] repl Request
10:22:09 06071.3977840384> DEBUG : >>>[DB] ALL DB OK
10:22:11 06071.4037072960> DEBUG : >>>[TCP] Received Message Type: 201, Length: 1, Msg: 
10:22:11 06071.4037072960> DEBUG : >>>[repl] repl Request
10:22:11 06071.4037072960> DEBUG : >>>[repl] repl Request
10:22:14 06071.3977840384> DEBUG : >>>[DB] ALL DB OK
10:22:16 06071.4037072960> DEBUG : >>>[TCP] Received Message Type: 201, Length: 1, Msg: 
10:22:16 06071.4037072960> DEBUG : >>>[repl] repl Request
10:22:16 06071.4037072960> DEBUG : >>>[repl] repl Request
10:22:19 06071.3977840384> DEBUG : >>>[DB] ALL DB OK
10:22:21 06071.4037072960> DEBUG : >>>[TCP] Received Message Type: 201, Length: 1, Msg: 
10:22:21 06071.4037072960> DEBUG : >>>[repl] repl Request
10:22:21 06071.4037072960> DEBUG : >>>[repl] repl Request
10:22:24 06071.3977840384> DEBUG : >>>[DB] ALL DB OK
10:22:26 06071.4037072960> DEBUG : >>>[TCP] Received Message Type: 201, Length: 1, Msg: 
10:22:26 06071.4037072960> DEBUG : >>>[repl] repl Request
10:22:26 06071.4037072960> DEBUG : >>>[repl] repl Request
10:22:29 06071.3977840384> DEBUG : >>>[DB] ALL DB OK
10:22:31 06071.4037072960> DEBUG : >>>[TCP] Received Message Type: 201, Length: 1, Msg: 
10:22:31 06071.4037072960> DEBUG : >>>[repl] repl Request
10:22:31 06071.4037072960> DEBUG : >>>[repl] repl Request
10:22:34 06071.3977840384> DEBUG : >>>[DB] ALL DB OK
10:22:36 06071.4037072960> DEBUG : >>>[TCP] Received Message Type: 201, Length: 1, Msg: 
10:22:36 06071.4037072960> DEBUG : >>>[repl] repl Request
10:22:36 06071.4037072960> DEBUG : >>>[repl] repl Request
10:22:39 06071.3977840384> DEBUG : >>>[DB] ALL DB OK
10:22:41 06071.4037072960> DEBUG : >>>[TCP] Received Message Type: 201, Length: 1, Msg: 
10:22:41 06071.4037072960> DEBUG : >>>[repl] repl Request
10:22:41 06071.4037072960> DEBUG : >>>[repl] repl Request
10:22:44 06071.3977840384> DEBUG : >>>[DB] ALL DB OK
10:22:46 06071.4037072960> DEBUG : >>>[TCP] Received Message Type: 201, Length: 1, Msg: 
10:22:46 06071.4037072960> DEBUG : >>>[repl] repl Request
10:22:46 06071.4037072960> DEBUG : >>>[repl] repl Request
10:22:49 06071.3977840384> DEBUG : >>>[DB] ALL DB OK
10:22:51 06071.4037072960> DEBUG : >>>[TCP] Received Message Type: 201, Length: 1, Msg: 
10:22:51 06071.4037072960> DEBUG : >>>[repl] repl Request
10:22:51 06071.4037072960> DEBUG : >>>[repl] repl Request
10:22:54 06071.3977840384> DEBUG : >>>[DB] ALL DB OK
10:22:56 06071.4037072960> DEBUG : >>>[TCP] Received Message Type: 201, Length: 1, Msg: 
10:22:56 06071.4037072960> DEBUG : >>>[repl] repl Request
10:22:56 06071.4037072960> DEBUG : >>>[repl] repl Request
10:22:59 06071.3977840384> DEBUG : >>>[DB] ALL DB OK
10:23:01 06071.4037072960> DEBUG : >>>[TCP] Received Message Type: 201, Length: 1, Msg: 
10:23:01 06071.4037072960> DEBUG : >>>[repl] repl Request
10:23:01 06071.4037072960> DEBUG : >>>[repl] repl Request
10:23:04 06071.3977840384> DEBUG : >>>[DB] ALL DB OK
10:23:06 06071.4037072960> DEBUG : >>>[TCP] Received Message Type: 201, Length: 1, Msg: 
10:23:06 06071.4037072960> DEBUG : >>>[repl] repl Request
10:23:06 06071.4037072960> DEBUG : >>>[repl] repl Request
10:23:09 06071.3977840384> DEBUG : >>>[DB] ALL DB OK
10:23:11 06071.4037072960> DEBUG : >>>[TCP] Received Message Type: 201, Length: 1, Msg: 
10:23:11 06071.4037072960> DEBUG : >>>[repl] repl Request
10:23:11 06071.4037072960> DEBUG : >>>[repl] repl Request
10:23:14 06071.3977840384> DEBUG : >>>[DB] ALL DB OK
10:23:16 06071.4037072960> DEBUG : >>>[TCP] Received Message Type: 201, Length: 1, Msg: 
10:23:16 06071.4037072960> DEBUG : >>>[repl] repl Request
10:23:16 06071.4037072960> DEBUG : >>>[repl] repl Request
10:23:19 06071.3977840384> DEBUG : >>>[DB] ALL DB OK
10:23:21 06071.4037072960> DEBUG : >>>[TCP] Received Message Type: 201, Length: 1, Msg: 
10:23:21 06071.4037072960> DEBUG : >>>[repl] repl Request
10:23:21 06071.4037072960> DEBUG : >>>[repl] repl Request
10:23:24 06071.3977840384> DEBUG : >>>[DB] ALL DB OK
10:23:26 06071.4037072960> DEBUG : >>>[TCP] Received Message Type: 201, Length: 1, Msg: 
10:23:26 06071.4037072960> DEBUG : >>>[repl] repl Request
10:23:26 06071.4037072960> DEBUG : >>>[repl] repl Request
10:23:30 06071.3977840384> DEBUG : >>>[DB] ALL DB OK
10:23:31 06071.4037072960> DEBUG : >>>[TCP] Received Message Type: 201, Length: 1, Msg: 
10:23:31 06071.4037072960> DEBUG : >>>[repl] repl Request
10:23:31 06071.4037072960> DEBUG : >>>[repl] repl Request
10:23:35 06071.3977840384> DEBUG : >>>[DB] ALL DB OK
10:23:36 06071.4037072960> DEBUG : >>>[TCP] Received Message Type: 201, Length: 1, Msg: 
10:23:36 06071.4037072960> DEBUG : >>>[repl] repl Request
10:23:36 06071.4037072960> DEBUG : >>>[repl] repl Request
10:23:40 06071.3977840384> DEBUG : >>>[DB] ALL DB OK
10:23:41 06071.4037072960> DEBUG : >>>[TCP] Received Message Type: 201, Length: 1, Msg: 
10:23:41 06071.4037072960> DEBUG : >>>[repl] repl Request
10:23:41 06071.4037072960> DEBUG : >>>[repl] repl Request
10:23:45 06071.3977840384> DEBUG : >>>[DB] ALL DB OK
10:23:46 06071.4037072960> DEBUG : >>>[TCP] Received Message Type: 201, Length: 1, Msg: 
10:23:46 06071.4037072960> DEBUG : >>>[repl] repl Request
10:23:46 06071.4037072960> DEBUG : >>>[repl] repl Request
10:23:50 06071.3977840384> DEBUG : >>>[DB] ALL DB OK
10:23:51 06071.4037072960> DEBUG : >>>[TCP] Received Message Type: 201, Length: 1, Msg: 
10:23:51 06071.4037072960> DEBUG : >>>[repl] repl Request
10:23:51 06071.4037072960> DEBUG : >>>[repl] repl Request
10:23:55 06071.3977840384> DEBUG : >>>[DB] ALL DB OK
10:23:56 06071.4037072960> DEBUG : >>>[TCP] Received Message Type: 201, Length: 1, Msg: 
10:23:56 06071.4037072960> DEBUG : >>>[repl] repl Request
10:23:56 06071.4037072960> DEBUG : >>>[repl] repl Request
10:24:03 08619.2624215104> DEBUG : >>>[INIT] success log INIT
10:24:03 08619.2564982528> DEBUG : >>>[DB] ALL DB OK
10:24:06 08619.2624215104> DEBUG : >>>[TCP] Client connected.
10:24:06 08619.2624215104> DEBUG : >>>[TCP] Received Message Type: 201, Length: 1, Msg: 
10:24:06 08619.2624215104> DEBUG : >>>[repl] repl Request
10:24:06 08619.2624215104> DEBUG : >>>[repl] repl Request
10:24:08 08619.2564982528> DEBUG : >>>[DB] ALL DB OK
10:24:11 08619.2624215104> DEBUG : >>>[TCP] Received Message Type: 201, Length: 1, Msg: 
10:24:11 08619.2624215104> DEBUG : >>>[repl] repl Request
10:24:11 08619.2624215104> DEBUG : >>>[repl] repl Request
10:24:13 08619.2564982528> DEBUG : >>>[DB] ALL DB OK
10:24:16 08619.2624215104> DEBUG : >>>[TCP] Received Message Type: 201, Length: 1, Msg: 
10:24:16 08619.2624215104> DEBUG : >>>[repl] repl Request
10:24:16 08619.2624215104> DEBUG : >>>[repl] repl Request
10:24:18 08619.2564982528> DEBUG : >>>[DB] ALL DB OK
10:24:21 08619.2624215104> DEBUG : >>>[TCP] Received Message Type: 201, Length: 1, Msg: 
10:24:21 08619.2624215104> DEBUG : >>>[repl] repl Request
10:24:21 08619.2624215104> DEBUG : >>>[repl] repl Request
10:24:23 08619.2564982528> DEBUG : >>>[DB] ALL DB OK
10:24:26 08619.2624215104> DEBUG : >>>[TCP] Received Message Type: 201, Length: 1, Msg: 
10:24:26 08619.2624215104> DEBUG : >>>[repl] repl Request
10:24:26 08619.2624215104> DEBUG : >>>[repl] repl Request
10:24:28 08619.2564982528> DEBUG : >>>[DB] ALL DB OK
10:24:31 08619.2624215104> DEBUG : >>>[TCP] Received Message Type: 201, Length: 1, Msg: 
10:24:31 08619.2624215104> DEBUG : >>>[repl] repl Request
10:24:31 08619.2624215104> DEBUG : >>>[repl] repl Request
10:24:34 08619.2564982528> DEBUG : >>>[DB] ALL DB OK
10:24:36 08619.2624215104> DEBUG : >>>[TCP] Received Message Type: 201, Length: 1, Msg: 
10:24:36 08619.2624215104> DEBUG : >>>[repl] repl Request
10:24:36 08619.2624215104> DEBUG : >>>[repl] repl Request
10:24:39 08619.2564982528> DEBUG : >>>[DB] ALL DB OK
10:24:41 08619.2624215104> DEBUG : >>>[TCP] Received Message Type: 201, Length: 1, Msg: 
10:24:41 08619.2624215104> DEBUG : >>>[repl] repl Request
10:24:41 08619.2624215104> DEBUG : >>>[repl] repl Request
10:24:44 08619.2564982528> DEBUG : >>>[DB] ALL DB OK
10:24:46 08619.2624215104> DEBUG : >>>[TCP] Received Message Type: 201, Length: 1, Msg: 
10:24:46 08619.2624215104> DEBUG : >>>[repl] repl Request
10:24:46 08619.2624215104> DEBUG : >>>[repl] repl Request
10:24:49 08619.2564982528> DEBUG : >>>[DB] ALL DB OK
10:24:52 08619.2624215104> DEBUG : >>>[TCP] Received Message Type: 201, Length: 1, Msg: 
10:24:52 08619.2624215104> DEBUG : >>>[repl] repl Request
10:24:52 08619.2624215104> DEBUG : >>>[repl] repl Request
10:24:54 08619.2564982528> DEBUG : >>>[DB] ALL DB OK
10:24:57 08619.2624215104> DEBUG : >>>[TCP] Received Message Type: 201, Length: 1, Msg: 
10:24:57 08619.2624215104> DEBUG : >>>[repl] repl Request
10:24:57 08619.2624215104> DEBUG : >>>[repl] repl Request
10:24:59 08619.2564982528> DEBUG : >>>[DB] ALL DB OK
10:25:02 08619.2624215104> DEBUG : >>>[TCP] Received Message Type: 201, Length: 1, Msg: 
10:25:02 08619.2624215104> DEBUG : >>>[repl] repl Request
10:25:02 08619.2624215104> DEBUG : >>>[repl] repl Request
10:25:04 08619.2564982528> DEBUG : >>>[DB] ALL DB OK
10:25:07 08619.2624215104> DEBUG : >>>[TCP] Received Message Type: 201, Length: 1, Msg: 
10:25:07 08619.2624215104> DEBUG : >>>[repl] repl Request
10:25:07 08619.2624215104> DEBUG : >>>[repl] repl Request
10:25:09 08619.2564982528> DEBUG : >>>[DB] ALL DB OK
10:25:12 08619.2624215104> DEBUG : >>>[TCP] Received Message Type: 201, Length: 1, Msg: 
10:25:12 08619.2624215104> DEBUG : >>>[repl] repl Request
10:25:12 08619.2624215104> DEBUG : >>>[repl] repl Request
10:25:14 08619.2564982528> DEBUG : >>>[DB] ALL DB OK
10:25:17 08619.2624215104> DEBUG : >>>[TCP] Received Message Type: 201, Length: 1, Msg: 
10:25:17 08619.2624215104> DEBUG : >>>[repl] repl Request
10:25:17 08619.2624215104> DEBUG : >>>[repl] repl Request
10:25:19 08619.2564982528> DEBUG : >>>[DB] ALL DB OK
10:25:22 08619.2624215104> DEBUG : >>>[TCP] Received Message Type: 201, Length: 1, Msg: 
10:25:22 08619.2624215104> DEBUG : >>>[repl] repl Request
10:25:22 08619.2624215104> DEBUG : >>>[repl] repl Request
10:25:24 08619.2564982528> DEBUG : >>>[DB] ALL DB OK
10:25:27 08619.2624215104> DEBUG : >>>[TCP] Received Message Type: 201, Length: 1, Msg: 
10:25:27 08619.2624215104> DEBUG : >>>[repl] repl Request
10:25:27 08619.2624215104> DEBUG : >>>[repl] repl Request
10:25:35 09250.0014579776> DEBUG : >>>[INIT] success log INIT
10:25:35 09250.4250314496> DEBUG : >>>[DB] ALL DB OK
10:25:38 09250.0014579776> DEBUG : >>>[TCP] Client connected.
10:25:38 09250.0014579776> DEBUG : >>>[TCP] Received Message Type: 201, Length: 1, Msg: 
10:25:38 09250.0014579776> DEBUG : >>>[repl] repl Request
10:25:38 09250.0014579776> DEBUG : >>>[repl] repl Request
10:25:40 09250.4250314496> DEBUG : >>>[DB] ALL DB OK
10:25:43 09250.0014579776> DEBUG : >>>[TCP] Received Message Type: 201, Length: 1, Msg: 
10:25:43 09250.0014579776> DEBUG : >>>[repl] repl Request
10:25:43 09250.0014579776> DEBUG : >>>[repl] repl Request
10:25:45 09250.4250314496> DEBUG : >>>[DB] ALL DB OK
10:25:48 09250.0014579776> DEBUG : >>>[TCP] Received Message Type: 201, Length: 1, Msg: 
10:25:48 09250.0014579776> DEBUG : >>>[repl] repl Request
10:25:48 09250.0014579776> DEBUG : >>>[repl] repl Request
10:25:50 09250.4250314496> DEBUG : >>>[DB] ALL DB OK
10:25:53 09250.0014579776> DEBUG : >>>[TCP] Received Message Type: 201, Length: 1, Msg: 
10:25:53 09250.0014579776> DEBUG : >>>[repl] repl Request
10:25:53 09250.0014579776> DEBUG : >>>[repl] repl Request
10:25:55 09250.4250314496> DEBUG : >>>[DB] ALL DB OK
10:25:58 09250.0014579776> DEBUG : >>>[TCP] Received Message Type: 201, Length: 1, Msg: 
10:25:58 09250.0014579776> DEBUG : >>>[repl] repl Request
10:25:58 09250.0014579776> DEBUG : >>>[repl] repl Request
10:26:00 09250.4250314496> DEBUG : >>>[DB] ALL DB OK
10:26:03 09250.0014579776> DEBUG : >>>[TCP] Received Message Type: 201, Length: 1, Msg: 
10:26:03 09250.0014579776> DEBUG : >>>[repl] repl Request
10:26:03 09250.0014579776> DEBUG : >>>[repl] repl Request
10:26:05 09250.4250314496> DEBUG : >>>[DB] ALL DB OK
10:26:08 09250.0014579776> DEBUG : >>>[TCP] Received Message Type: 201, Length: 1, Msg: 
10:26:08 09250.0014579776> DEBUG : >>>[repl] repl Request
10:26:08 09250.0014579776> DEBUG : >>>[repl] repl Request
10:26:11 09250.4250314496> DEBUG : >>>[DB] ALL DB OK
10:26:13 09250.0014579776> DEBUG : >>>[TCP] Received Message Type: 201, Length: 1, Msg: 
10:26:13 09250.0014579776> DEBUG : >>>[repl] repl Request
10:26:13 09250.0014579776> DEBUG : >>>[repl] repl Request
10:26:16 09250.4250314496> DEBUG : >>>[DB] ALL DB OK
10:26:18 09250.0014579776> DEBUG : >>>[TCP] Received Message Type: 201, Length: 1, Msg: 
10:26:18 09250.0014579776> DEBUG : >>>[repl] repl Request
10:26:18 09250.0014579776> DEBUG : >>>[repl] repl Request
10:26:21 09250.4250314496> DEBUG : >>>[DB] ALL DB OK
10:26:23 09250.0014579776> DEBUG : >>>[TCP] Received Message Type: 201, Length: 1, Msg: 
10:26:23 09250.0014579776> DEBUG : >>>[repl] repl Request
10:26:23 09250.0014579776> DEBUG : >>>[repl] repl Request
10:26:26 09250.4250314496> DEBUG : >>>[DB] ALL DB OK
10:26:28 09250.0014579776> DEBUG : >>>[TCP] Received Message Type: 201, Length: 1, Msg: 
10:26:28 09250.0014579776> DEBUG : >>>[repl] repl Request
10:26:28 09250.0014579776> DEBUG : >>>[repl] repl Request
10:26:31 09250.4250314496> DEBUG : >>>[DB] ALL DB OK
10:26:33 09250.0014579776> DEBUG : >>>[TCP] Received Message Type: 201, Length: 1, Msg: 
10:26:33 09250.0014579776> DEBUG : >>>[repl] repl Request
10:26:33 09250.0014579776> DEBUG : >>>[repl] repl Request
10:26:36 09250.4250314496> DEBUG : >>>[DB] ALL DB OK
10:26:38 09250.0014579776> DEBUG : >>>[TCP] Received Message Type: 201, Length: 1, Msg: 
10:26:38 09250.0014579776> DEBUG : >>>[repl] repl Request
10:26:38 09250.0014579776> DEBUG : >>>[repl] repl Request
10:26:41 09250.4250314496> DEBUG : >>>[DB] ALL DB OK
10:26:43 09250.0014579776> DEBUG : >>>[TCP] Received Message Type: 201, Length: 1, Msg: 
10:26:43 09250.0014579776> DEBUG : >>>[repl] repl Request
10:26:43 09250.0014579776> DEBUG : >>>[repl] repl Request
10:26:46 09250.4250314496> DEBUG : >>>[DB] ALL DB OK
10:26:48 09250.0014579776> DEBUG : >>>[TCP] Received Message Type: 201, Length: 1, Msg: 
10:26:48 09250.0014579776> DEBUG : >>>[repl] repl Request
10:26:48 09250.0014579776> DEBUG : >>>[repl] repl Request
10:26:51 09250.4250314496> DEBUG : >>>[DB] ALL DB OK
10:26:53 09250.0014579776> DEBUG : >>>[TCP] Received Message Type: 201, Length: 1, Msg: 
10:26:53 09250.0014579776> DEBUG : >>>[repl] repl Request
10:26:53 09250.0014579776> DEBUG : >>>[repl] repl Request
10:26:56 09250.4250314496> DEBUG : >>>[DB] ALL DB OK
10:26:58 09250.0014579776> DEBUG : >>>[TCP] Received Message Type: 201, Length: 1, Msg: 
10:26:58 09250.0014579776> DEBUG : >>>[repl] repl Request
10:26:58 09250.0014579776> DEBUG : >>>[repl] repl Request
10:27:01 09250.4250314496> DEBUG : >>>[DB] ALL DB OK
10:27:03 09250.0014579776> DEBUG : >>>[TCP] Received Message Type: 201, Length: 1, Msg: 
10:27:03 09250.0014579776> DEBUG : >>>[repl] repl Request
10:27:03 09250.0014579776> DEBUG : >>>[repl] repl Request
10:27:06 09250.4250314496> DEBUG : >>>[DB] ALL DB OK
10:27:08 09250.0014579776> DEBUG : >>>[TCP] Received Message Type: 201, Length: 1, Msg: 
10:27:08 09250.0014579776> DEBUG : >>>[repl] repl Request
10:27:08 09250.0014579776> DEBUG : >>>[repl] repl Request
10:27:11 09250.4250314496> DEBUG : >>>[DB] ALL DB OK
10:27:13 09250.0014579776> DEBUG : >>>[TCP] Received Message Type: 201, Length: 1, Msg: 
10:27:13 09250.0014579776> DEBUG : >>>[repl] repl Request
10:27:13 09250.0014579776> DEBUG : >>>[repl] repl Request
10:27:16 09250.4250314496> DEBUG : >>>[DB] ALL DB OK
10:27:18 09250.0014579776> DEBUG : >>>[TCP] Received Message Type: 201, Length: 1, Msg: 
10:27:18 09250.0014579776> DEBUG : >>>[repl] repl Request
10:27:18 09250.0014579776> DEBUG : >>>[repl] repl Request
10:27:21 09250.4250314496> DEBUG : >>>[DB] ALL DB OK
10:27:23 09250.0014579776> DEBUG : >>>[TCP] Received Message Type: 201, Length: 1, Msg: 
10:27:23 09250.0014579776> DEBUG : >>>[repl] repl Request
10:27:23 09250.0014579776> DEBUG : >>>[repl] repl Request
10:27:26 09250.4250314496> DEBUG : >>>[DB] ALL DB OK
10:27:28 09250.0014579776> DEBUG : >>>[TCP] Received Message Type: 201, Length: 1, Msg: 
10:27:28 09250.0014579776> DEBUG : >>>[repl] repl Request
10:27:28 09250.0014579776> DEBUG : >>>[repl] repl Request
10:27:31 09250.4250314496> DEBUG : >>>[DB] ALL DB OK
10:27:33 09250.0014579776> DEBUG : >>>[TCP] Received Message Type: 201, Length: 1, Msg: 
10:27:33 09250.0014579776> DEBUG : >>>[repl] repl Request
10:27:33 09250.0014579776> DEBUG : >>>[repl] repl Request
10:27:36 09250.4250314496> DEBUG : >>>[DB] ALL DB OK
10:27:38 09250.0014579776> DEBUG : >>>[TCP] Received Message Type: 201, Length: 1, Msg: 
10:27:38 09250.0014579776> DEBUG : >>>[repl] repl Request
10:27:38 09250.0014579776> DEBUG : >>>[repl] repl Request
10:27:41 09250.4250314496> DEBUG : >>>[DB] ALL DB OK
10:27:43 09250.0014579776> DEBUG : >>>[TCP] Received Message Type: 201, Length: 1, Msg: 
10:27:43 09250.0014579776> DEBUG : >>>[repl] repl Request
10:27:43 09250.0014579776> DEBUG : >>>[repl] repl Request
10:27:46 09250.4250314496> DEBUG : >>>[DB] ALL DB OK
10:27:48 09250.0014579776> DEBUG : >>>[TCP] Received Message Type: 201, Length: 1, Msg: 
10:27:48 09250.0014579776> DEBUG : >>>[repl] repl Request
10:27:48 09250.0014579776> DEBUG : >>>[repl] repl Request
10:28:13 10402.1104365632> DEBUG : >>>[INIT] success log INIT
10:28:13 10402.1045133056> DEBUG : >>>[DB] ALL DB OK
10:28:17 10402.1104365632> DEBUG : >>>[TCP] Client connected.
10:28:17 10402.1104365632> DEBUG : >>>[TCP] Received Message Type: 201, Length: 1, Msg: 
10:28:17 10402.1104365632> DEBUG : >>>[repl] repl Request
10:28:17 10402.1104365632> DEBUG : >>>[repl] repl Request
10:28:18 10402.1045133056> DEBUG : >>>[DB] ALL DB OK
10:28:22 10402.1104365632> DEBUG : >>>[TCP] Received Message Type: 201, Length: 1, Msg: 
10:28:22 10402.1104365632> DEBUG : >>>[repl] repl Request
10:28:22 10402.1104365632> DEBUG : >>>[repl] repl Request
10:28:23 10402.1045133056> DEBUG : >>>[DB] ALL DB OK
10:28:27 10402.1104365632> DEBUG : >>>[TCP] Received Message Type: 201, Length: 1, Msg: 
10:28:27 10402.1104365632> DEBUG : >>>[repl] repl Request
10:28:27 10402.1104365632> DEBUG : >>>[repl] repl Request
10:28:28 10402.1045133056> DEBUG : >>>[DB] ALL DB OK
10:28:32 10402.1104365632> DEBUG : >>>[TCP] Received Message Type: 201, Length: 1, Msg: 
10:28:32 10402.1104365632> DEBUG : >>>[repl] repl Request
10:28:32 10402.1104365632> DEBUG : >>>[repl] repl Request
10:28:34 10402.1045133056> DEBUG : >>>[DB] ALL DB OK
10:28:37 10402.1104365632> DEBUG : >>>[TCP] Received Message Type: 201, Length: 1, Msg: 
10:28:37 10402.1104365632> DEBUG : >>>[repl] repl Request
10:28:37 10402.1104365632> DEBUG : >>>[repl] repl Request
10:28:39 10402.1045133056> DEBUG : >>>[DB] ALL DB OK
10:28:42 10402.1104365632> DEBUG : >>>[TCP] Received Message Type: 201, Length: 1, Msg: 
10:28:42 10402.1104365632> DEBUG : >>>[repl] repl Request
10:28:42 10402.1104365632> DEBUG : >>>[repl] repl Request
10:28:44 10402.1045133056> DEBUG : >>>[DB] ALL DB OK
10:28:47 10402.1104365632> DEBUG : >>>[TCP] Received Message Type: 201, Length: 1, Msg: 
10:28:47 10402.1104365632> DEBUG : >>>[repl] repl Request
10:28:47 10402.1104365632> DEBUG : >>>[repl] repl Request
10:28:49 10402.1045133056> DEBUG : >>>[DB] ALL DB OK
10:28:52 10402.1104365632> DEBUG : >>>[TCP] Received Message Type: 201, Length: 1, Msg: 
10:28:52 10402.1104365632> DEBUG : >>>[repl] repl Request
10:28:52 10402.1104365632> DEBUG : >>>[repl] repl Request
10:28:54 10402.1045133056> DEBUG : >>>[DB] ALL DB OK
10:28:57 10402.1104365632> DEBUG : >>>[TCP] Received Message Type: 201, Length: 1, Msg: 
10:28:58 10402.1104365632> DEBUG : >>>[repl] repl Request
10:28:58 10402.1104365632> DEBUG : >>>[repl] repl Request
10:28:59 10402.1045133056> DEBUG : >>>[DB] ALL DB OK
10:29:02 10402.1104365632> DEBUG : >>>[TCP] Client disconnected.
10:29:04 10402.1045133056> DEBUG : >>>[DB] ALL DB OK
10:29:09 10402.1045133056> DEBUG : >>>[DB] ALL DB OK
10:29:14 10402.1045133056> DEBUG : >>>[DB] ALL DB OK
10:29:19 10402.1045133056> DEBUG : >>>[DB] ALL DB OK
10:29:24 10402.1045133056> DEBUG : >>>[DB] ALL DB OK
10:29:29 10402.1045133056> DEBUG : >>>[DB] ALL DB OK
10:29:34 10402.1045133056> DEBUG : >>>[DB] ALL DB OK
10:29:39 10402.1045133056> DEBUG : >>>[DB] ALL DB OK
10:29:44 10402.1045133056> DEBUG : >>>[DB] ALL DB OK
10:29:49 10402.1045133056> DEBUG : >>>[DB] ALL DB OK
10:29:54 10402.1045133056> DEBUG : >>>[DB] ALL DB OK
10:29:59 10402.1045133056> DEBUG : >>>[DB] ALL DB OK
10:30:04 10402.1045133056> DEBUG : >>>[DB] ALL DB OK
10:30:09 10402.1045133056> DEBUG : >>>[DB] ALL DB OK
10:30:15 10402.1045133056> DEBUG : >>>[DB] ALL DB OK
10:30:20 10402.1045133056> DEBUG : >>>[DB] ALL DB OK
10:30:25 10402.1045133056> DEBUG : >>>[DB] ALL DB OK
10:30:30 10402.1045133056> DEBUG : >>>[DB] ALL DB OK
10:30:35 10402.1045133056> DEBUG : >>>[DB] ALL DB OK
10:30:40 10402.1045133056> DEBUG : >>>[DB] ALL DB OK
10:30:45 10402.1045133056> DEBUG : >>>[DB] ALL DB OK
10:30:50 10402.1045133056> DEBUG : >>>[DB] ALL DB OK
10:30:55 10402.1045133056> DEBUG : >>>[DB] ALL DB OK
10:31:00 10402.1045133056> DEBUG : >>>[DB] ALL DB OK
10:31:05 10402.1045133056> DEBUG : >>>[DB] ALL DB OK
10:31:10 10402.1045133056> DEBUG : >>>[DB] ALL DB OK
10:31:15 10402.1045133056> DEBUG : >>>[DB] ALL DB OK
10:31:20 10402.1045133056> DEBUG : >>>[DB] ALL DB OK
10:31:25 10402.1045133056> DEBUG : >>>[DB] ALL DB OK
10:31:30 10402.1045133056> DEBUG : >>>[DB] ALL DB OK
10:31:35 10402.1045133056> DEBUG : >>>[DB] ALL DB OK
10:31:40 10402.1045133056> DEBUG : >>>[DB] ALL DB OK
10:31:45 10402.1045133056> DEBUG : >>>[DB] ALL DB OK
10:31:50 10402.1045133056> DEBUG : >>>[DB] ALL DB OK
10:31:55 10402.1045133056> DEBUG : >>>[DB] ALL DB OK
10:32:00 10402.1045133056> DEBUG : >>>[DB] ALL DB OK
10:32:05 10402.1045133056> DEBUG : >>>[DB] ALL DB OK
10:32:11 10402.1045133056> DEBUG : >>>[DB] ALL DB OK
10:32:16 10402.1045133056> DEBUG : >>>[DB] ALL DB OK
10:32:21 10402.1045133056> DEBUG : >>>[DB] ALL DB OK
10:32:26 10402.1045133056> DEBUG : >>>[DB] ALL DB OK
10:32:28 10402.1104365632> DEBUG : >>>[TCP] Client connected.
10:32:28 10402.1104365632> DEBUG : >>>[TCP] Received Message Type: 202, Length: 1, Msg: 
10:32:28 10402.1104365632> DEBUG : >>>[REPLIE] Replication_start_success
10:32:31 10402.1045133056> DEBUG : >>>[DB] ALL DB OK
10:32:36 10402.1045133056> DEBUG : >>>[DB] ALL DB OK
10:32:41 10402.1045133056> DEBUG : >>>[DB] ALL DB OK
10:32:46 10402.1045133056> DEBUG : >>>[DB] ALL DB OK
10:32:51 10402.1045133056> DEBUG : >>>[DB] ALL DB OK
10:32:56 10402.1045133056> DEBUG : >>>[DB] ALL DB OK
10:33:01 10402.1045133056> DEBUG : >>>[DB] ALL DB OK
10:33:06 10402.1045133056> DEBUG : >>>[DB] ALL DB OK
10:33:11 10402.1045133056> DEBUG : >>>[DB] ALL DB OK
10:33:17 10402.1045133056> DEBUG : >>>[DB] ALL DB OK
10:33:22 10402.1045133056> DEBUG : >>>[DB] ALL DB OK
10:33:27 10402.1045133056> DEBUG : >>>[DB] ALL DB OK
10:33:32 10402.1045133056> DEBUG : >>>[DB] ALL DB OK
10:33:37 10402.1045133056> DEBUG : >>>[DB] ALL DB OK
10:33:42 10402.1045133056> DEBUG : >>>[DB] ALL DB OK
10:33:47 10402.1045133056> DEBUG : >>>[DB] ALL DB OK
10:33:52 10402.1045133056> DEBUG : >>>[DB] ALL DB OK
10:33:57 10402.1045133056> DEBUG : >>>[DB] ALL DB OK
10:34:02 10402.1045133056> DEBUG : >>>[DB] ALL DB OK
10:34:07 10402.1045133056> DEBUG : >>>[DB] ALL DB OK
10:34:12 10402.1045133056> DEBUG : >>>[DB] ALL DB OK
10:34:17 10402.1045133056> DEBUG : >>>[DB] ALL DB OK
10:34:22 10402.1045133056> DEBUG : >>>[DB] ALL DB OK
10:34:27 10402.1045133056> DEBUG : >>>[DB] ALL DB OK
10:34:33 10402.1045133056> DEBUG : >>>[DB] ALL DB OK
10:34:38 10402.1045133056> DEBUG : >>>[DB] ALL DB OK
10:34:43 10402.1045133056> DEBUG : >>>[DB] ALL DB OK
10:34:48 10402.1045133056> DEBUG : >>>[DB] ALL DB OK
10:34:53 10402.1045133056> DEBUG : >>>[DB] ALL DB OK
10:34:58 10402.1045133056> DEBUG : >>>[DB] ALL DB OK
10:35:03 10402.1045133056> DEBUG : >>>[DB] ALL DB OK
10:35:08 10402.1045133056> DEBUG : >>>[DB] ALL DB OK
10:35:13 10402.1045133056> DEBUG : >>>[DB] ALL DB OK
10:35:18 10402.1045133056> DEBUG : >>>[DB] ALL DB OK
10:35:23 10402.1045133056> DEBUG : >>>[DB] ALL DB OK
10:35:28 10402.1045133056> DEBUG : >>>[DB] ALL DB OK
10:35:33 10402.1045133056> DEBUG : >>>[DB] ALL DB OK
10:35:38 10402.1045133056> DEBUG : >>>[DB] ALL DB OK
10:35:43 10402.1045133056> DEBUG : >>>[DB] ALL DB OK
10:35:48 10402.1045133056> DEBUG : >>>[DB] ALL DB OK
10:35:54 10402.1045133056> DEBUG : >>>[DB] ALL DB OK
10:35:59 10402.1045133056> DEBUG : >>>[DB] ALL DB OK
10:36:04 10402.1045133056> DEBUG : >>>[DB] ALL DB OK
10:36:09 10402.1045133056> DEBUG : >>>[DB] ALL DB OK
10:36:14 10402.1045133056> DEBUG : >>>[DB] ALL DB OK
10:36:19 10402.1045133056> DEBUG : >>>[DB] ALL DB OK
10:36:24 10402.1045133056> DEBUG : >>>[DB] ALL DB OK
10:36:29 10402.1045133056> DEBUG : >>>[DB] ALL DB OK
10:36:34 10402.1045133056> DEBUG : >>>[DB] ALL DB OK
10:36:37 10402.1104365632> DEBUG : >>>[TCP] Client disconnected.
10:36:39 10402.1045133056> DEBUG : >>>[DB] ALL DB OK
10:36:40 10402.1104365632> DEBUG : >>>[TCP] Client connected.
10:36:40 10402.1104365632> DEBUG : >>>[TCP] Received Message Type: 202, Length: 1, Msg: 
10:36:41 10402.1104365632> DEBUG : >>>[REPLIE] Replication_start_success
10:36:44 10402.1045133056> DEBUG : >>>[DB] ALL DB OK
10:36:49 10402.1045133056> DEBUG : >>>[DB] ALL DB OK
10:36:54 10402.1045133056> DEBUG : >>>[DB] ALL DB OK
10:36:56 10402.1104365632> DEBUG : >>>[TCP] Client disconnected.
10:36:59 10402.1045133056> DEBUG : >>>[DB] ALL DB OK
10:37:04 10402.1045133056> DEBUG : >>>[DB] ALL DB OK
10:37:09 10402.1045133056> DEBUG : >>>[DB] ALL DB OK
10:37:14 10402.1045133056> DEBUG : >>>[DB] ALL DB OK
10:37:19 10402.1104365632> DEBUG : >>>[TCP] Client connected.
10:37:19 10402.1104365632> DEBUG : >>>[TCP] Received Message Type: 202, Length: 1, Msg: 
10:37:19 10402.1104365632> DEBUG : >>>[REPLIE] Replication_start_success
10:37:20 10402.1045133056> DEBUG : >>>[DB] ALL DB OK
10:37:25 10402.1045133056> DEBUG : >>>[DB] ALL DB OK
10:37:30 10402.1045133056> DEBUG : >>>[DB] ALL DB OK
10:37:35 10402.1045133056> DEBUG : >>>[DB] ALL DB OK
10:37:40 10402.1045133056> DEBUG : >>>[DB] ALL DB OK
10:37:42 10402.1104365632> DEBUG : >>>[TCP] Client disconnected.
10:37:45 10402.1045133056> DEBUG : >>>[DB] ALL DB OK
10:37:46 10402.1104365632> DEBUG : >>>[TCP] Client connected.
10:37:46 10402.1104365632> DEBUG : >>>[TCP] Received Message Type: 202, Length: 1, Msg: 
10:37:46 10402.1104365632> DEBUG : >>>[REPLIE] Replication_start_success
10:37:50 10402.1045133056> DEBUG : >>>[DB] ALL DB OK
10:37:55 10402.1045133056> DEBUG : >>>[DB] ALL DB OK
10:38:00 10402.1045133056> DEBUG : >>>[DB] ALL DB OK
10:38:05 10402.1045133056> DEBUG : >>>[DB] ALL DB OK
10:38:10 10402.1045133056> DEBUG : >>>[DB] ALL DB OK
10:38:15 10402.1045133056> DEBUG : >>>[DB] ALL DB OK
10:38:17 10402.1104365632> DEBUG : >>>[TCP] Client disconnected.
10:38:20 10402.1045133056> DEBUG : >>>[DB] ALL DB OK
10:38:21 10402.1104365632> DEBUG : >>>[TCP] Client connected.
10:38:21 10402.1104365632> DEBUG : >>>[TCP] Received Message Type: 202, Length: 1, Msg: 
10:38:21 10402.1104365632> DEBUG : >>>[REPLIE] Replication_start_success
10:38:25 10402.1045133056> DEBUG : >>>[DB] ALL DB OK
10:38:30 10402.1045133056> DEBUG : >>>[DB] ALL DB OK
10:38:35 10402.1045133056> DEBUG : >>>[DB] ALL DB OK
10:38:41 10402.1045133056> DEBUG : >>>[DB] ALL DB OK
10:38:44 10402.1104365632> DEBUG : >>>[TCP] Client disconnected.
10:38:46 10402.1045133056> DEBUG : >>>[DB] ALL DB OK
10:38:51 10402.1045133056> DEBUG : >>>[DB] ALL DB OK
10:38:56 10402.1045133056> DEBUG : >>>[DB] ALL DB OK
10:38:58 10402.1104365632> DEBUG : >>>[TCP] Client connected.
10:38:58 10402.1104365632> DEBUG : >>>[TCP] Received Message Type: 203, Length: 1, Msg: 
10:38:58 10402.1104365632> DEBUG : >>>[REPLIE] Replication_stop_success
10:39:01 10402.1045133056> DEBUG : >>>[DB] ALL DB OK
10:39:02 10402.1104365632> DEBUG : >>>[TCP] Client disconnected.
10:39:06 10402.1045133056> DEBUG : >>>[DB] ALL DB OK
10:39:11 10402.1045133056> DEBUG : >>>[DB] ALL DB OK
10:39:16 10402.1045133056> DEBUG : >>>[DB] ALL DB OK
10:39:21 10402.1045133056> DEBUG : >>>[DB] ALL DB OK
10:39:21 10402.1104365632> DEBUG : >>>[TCP] Client connected.
10:39:21 10402.1104365632> DEBUG : >>>[TCP] Received Message Type: 201, Length: 1, Msg: 
10:39:21 10402.1104365632> DEBUG : >>>[repl] repl Request
10:39:21 10402.1104365632> DEBUG : >>>[repl] repl Request
10:39:26 10402.1045133056> DEBUG : >>>[DB] ALL DB OK
10:39:26 10402.1104365632> DEBUG : >>>[TCP] Received Message Type: 201, Length: 1, Msg: 
10:39:26 10402.1104365632> DEBUG : >>>[repl] repl Request
10:39:26 10402.1104365632> DEBUG : >>>[repl] repl Request
10:39:31 10402.1045133056> DEBUG : >>>[DB] ALL DB OK
10:39:31 10402.1104365632> DEBUG : >>>[TCP] Received Message Type: 201, Length: 1, Msg: 
10:39:31 10402.1104365632> DEBUG : >>>[repl] repl Request
10:39:31 10402.1104365632> DEBUG : >>>[repl] repl Request
10:39:36 10402.1045133056> DEBUG : >>>[DB] ALL DB OK
10:39:36 10402.1104365632> DEBUG : >>>[TCP] Received Message Type: 201, Length: 1, Msg: 
10:39:36 10402.1104365632> DEBUG : >>>[repl] repl Request
10:39:36 10402.1104365632> DEBUG : >>>[repl] repl Request
10:39:40 10402.1104365632> DEBUG : >>>[TCP] Client disconnected.
10:39:41 10402.1045133056> DEBUG : >>>[DB] ALL DB OK
10:39:46 10402.1045133056> DEBUG : >>>[DB] ALL DB OK
10:39:51 10402.1045133056> DEBUG : >>>[DB] ALL DB OK
10:39:56 10402.1045133056> DEBUG : >>>[DB] ALL DB OK
10:40:01 10402.1045133056> DEBUG : >>>[DB] ALL DB OK
10:40:06 10402.1045133056> DEBUG : >>>[DB] ALL DB OK
10:40:11 10402.1045133056> DEBUG : >>>[DB] ALL DB OK
10:40:16 10402.1045133056> DEBUG : >>>[DB] ALL DB OK
10:40:21 10402.1045133056> DEBUG : >>>[DB] ALL DB OK
10:40:26 10402.1045133056> DEBUG : >>>[DB] ALL DB OK
10:40:31 10402.1045133056> DEBUG : >>>[DB] ALL DB OK
10:40:35 10402.1104365632> DEBUG : >>>[TCP] Client connected.
10:40:35 10402.1104365632> DEBUG : >>>[TCP] Received Message Type: 202, Length: 1, Msg: 
10:40:35 10402.1104365632> DEBUG : >>>[REPLIE] Replication_start_success
10:40:36 10402.1045133056> DEBUG : >>>[DB] ALL DB OK
10:40:37 10402.1104365632> DEBUG : >>>[TCP] Client disconnected.
10:40:41 10402.1045133056> DEBUG : >>>[DB] ALL DB OK
10:40:44 10402.1104365632> DEBUG : >>>[TCP] Client connected.
10:40:44 10402.1104365632> DEBUG : >>>[TCP] Received Message Type: 201, Length: 1, Msg: 
10:40:44 10402.1104365632> DEBUG : >>>[repl] repl Request
10:40:44 10402.1104365632> DEBUG : >>>[repl] repl Request
10:40:46 10402.1045133056> DEBUG : >>>[DB] ALL DB OK
10:40:49 10402.1104365632> DEBUG : >>>[TCP] Received Message Type: 201, Length: 1, Msg: 
10:40:49 10402.1104365632> DEBUG : >>>[repl] repl Request
10:40:49 10402.1104365632> DEBUG : >>>[repl] repl Request
10:40:52 10402.1045133056> DEBUG : >>>[DB] ALL DB OK
10:40:52 10402.1104365632> DEBUG : >>>[TCP] Client disconnected.
10:40:57 10402.1045133056> DEBUG : >>>[DB] ALL DB OK
10:41:02 10402.1045133056> DEBUG : >>>[DB] ALL DB OK
10:41:07 10402.1045133056> DEBUG : >>>[DB] ALL DB OK
10:41:12 10402.1045133056> DEBUG : >>>[DB] ALL DB OK
10:41:17 10402.1045133056> DEBUG : >>>[DB] ALL DB OK
10:41:22 10402.1045133056> DEBUG : >>>[DB] ALL DB OK
10:41:27 10402.1045133056> DEBUG : >>>[DB] ALL DB OK
10:41:32 10402.1045133056> DEBUG : >>>[DB] ALL DB OK
10:41:37 10402.1045133056> DEBUG : >>>[DB] ALL DB OK
10:41:42 10402.1045133056> DEBUG : >>>[DB] ALL DB OK
10:41:47 10402.1045133056> DEBUG : >>>[DB] ALL DB OK
10:41:52 10402.1045133056> DEBUG : >>>[DB] ALL DB OK
10:41:57 10402.1045133056> DEBUG : >>>[DB] ALL DB OK
10:42:02 10402.1045133056> DEBUG : >>>[DB] ALL DB OK
10:42:07 10402.1045133056> DEBUG : >>>[DB] ALL DB OK
10:42:12 10402.1045133056> DEBUG : >>>[DB] ALL DB OK
