00:31:44 11105.2116278336> DEBUG : >>>[INIT] success log INIT
00:31:50 11142.1816078400> DEBUG : >>>[INIT] success log INIT
00:32:16 11325.2642647104> DEBUG : >>>[INIT] success log INIT
00:32:40 11425.0126404672> DEBUG : >>>[INIT] success log INIT
00:32:52 11495.0083560512> DEBUG : >>>[INIT] success log INIT
00:32:52 11495.0083560512> DEBUG : >>>[TCP] Client connected.
00:32:58 11495.0083560512> DEBUG : >>>[TCP] Client connected.
00:33:01 11495.0083560512> DEBUG : >>>[TCP] Received Message Type: 101, Length: 1, Msg: 
00:36:26 11741.3481585728> DEBUG : >>>[INIT] success log INIT
00:38:45 12076.1601620032> DEBUG : >>>[INIT] success log INIT
00:38:45 12076.1542387456> ERROR : >>>[DB] ALL DB IS DOWN
00:38:50 12076.1542387456> ERROR : >>>[DB] ALL DB IS DOWN
00:38:55 12076.1542387456> ERROR : >>>[DB] ALL DB IS DOWN
00:39:00 12076.1542387456> ERROR : >>>[DB] ALL DB IS DOWN
00:39:05 12076.1542387456> ERROR : >>>[DB] ALL DB IS DOWN
00:39:10 12076.1542387456> ERROR : >>>[DB] ALL DB IS DOWN
00:44:36 13008.3047983168> DEBUG : >>>[INIT] success log INIT
00:44:36 13008.2988750592> ERROR : >>>[DB] ALL DB IS DOWN
00:44:41 13008.2988750592> ERROR : >>>[DB] ALL DB IS DOWN
00:44:47 13008.2988750592> ERROR : >>>[DB] ALL DB IS DOWN
00:44:52 13008.2988750592> ERROR : >>>[DB] ALL DB IS DOWN
00:44:57 13008.2988750592> ERROR : >>>[DB] ALL DB IS DOWN
00:45:02 13008.2988750592> ERROR : >>>[DB] ALL DB IS DOWN
00:45:07 13008.2988750592> ERROR : >>>[DB] ALL DB IS DOWN
00:45:12 13008.2988750592> ERROR : >>>[DB] ALL DB IS DOWN
00:45:17 13008.2988750592> ERROR : >>>[DB] ALL DB IS DOWN
00:45:22 13008.2988750592> ERROR : >>>[DB] ALL DB IS DOWN
00:45:27 13008.2988750592> ERROR : >>>[DB] ALL DB IS DOWN
00:45:32 13008.2988750592> ERROR : >>>[DB] ALL DB IS DOWN
00:45:37 13008.2988750592> ERROR : >>>[DB] ALL DB IS DOWN
00:45:42 13008.2988750592> ERROR : >>>[DB] ALL DB IS DOWN
00:45:48 13008.2988750592> ERROR : >>>[DB] ALL DB IS DOWN
00:46:09 13492.1386080320> DEBUG : >>>[INIT] success log INIT
00:46:09 13492.1326847744> ERROR : >>>[DB] ALL DB IS DOWN
00:46:14 13492.1326847744> ERROR : >>>[DB] ALL DB IS DOWN
00:46:19 13492.1326847744> ERROR : >>>[DB] ALL DB IS DOWN
00:49:54 13737.0438380608> DEBUG : >>>[INIT] success log INIT
00:49:54 13737.0379148032> ERROR : >>>[DB] ALL DB IS DOWN
00:49:59 13737.0379148032> ERROR : >>>[DB] ALL DB IS DOWN
00:50:19 13927.2546923584> DEBUG : >>>[INIT] success log INIT
00:50:19 13927.2487691008> ERROR : >>>[DB] ALL DB IS DOWN
00:50:24 13927.2487691008> ERROR : >>>[DB] ALL DB IS DOWN
00:50:29 13927.2487691008> ERROR : >>>[DB] ALL DB IS DOWN
00:50:34 13927.2487691008> ERROR : >>>[DB] ALL DB IS DOWN
00:50:39 13927.2487691008> ERROR : >>>[DB] ALL DB IS DOWN
00:50:44 13927.2487691008> ERROR : >>>[DB] ALL DB IS DOWN
00:50:50 13927.2487691008> ERROR : >>>[DB] ALL DB IS DOWN
00:50:55 13927.2487691008> ERROR : >>>[DB] ALL DB IS DOWN
00:51:00 13927.2487691008> ERROR : >>>[DB] ALL DB IS DOWN
00:51:05 13927.2487691008> ERROR : >>>[DB] ALL DB IS DOWN
00:51:10 13927.2487691008> ERROR : >>>[DB] ALL DB IS DOWN
00:51:15 13927.2487691008> ERROR : >>>[DB] ALL DB IS DOWN
00:51:20 13927.2487691008> ERROR : >>>[DB] ALL DB IS DOWN
00:51:25 13927.2487691008> ERROR : >>>[DB] ALL DB IS DOWN
00:51:30 13927.2487691008> ERROR : >>>[DB] ALL DB IS DOWN
00:51:35 13927.2487691008> ERROR : >>>[DB] ALL DB IS DOWN
00:51:40 13927.2487691008> ERROR : >>>[DB] ALL DB IS DOWN
00:51:45 13927.2487691008> ERROR : >>>[DB] ALL DB IS DOWN
00:51:50 13927.2487691008> ERROR : >>>[DB] ALL DB IS DOWN
00:51:55 13927.2487691008> ERROR : >>>[DB] ALL DB IS DOWN
00:52:00 13927.2487691008> ERROR : >>>[DB] ALL DB IS DOWN
00:52:05 13927.2487691008> ERROR : >>>[DB] ALL DB IS DOWN
00:52:10 13927.2487691008> ERROR : >>>[DB] ALL DB IS DOWN
00:52:15 13927.2487691008> ERROR : >>>[DB] ALL DB IS DOWN
00:52:20 13927.2487691008> ERROR : >>>[DB] ALL DB IS DOWN
00:52:25 13927.2487691008> ERROR : >>>[DB] ALL DB IS DOWN
00:52:30 13927.2487691008> ERROR : >>>[DB] ALL DB IS DOWN
00:52:35 13927.2487691008> ERROR : >>>[DB] ALL DB IS DOWN
00:52:40 13927.2487691008> ERROR : >>>[DB] ALL DB IS DOWN
00:52:42 14896.3133712448> DEBUG : >>>[INIT] success log INIT
00:52:42 14896.3074479872> ERROR : >>>[DB] ALL DB IS DOWN
00:52:52 14986.1364215872> DEBUG : >>>[INIT] success log INIT
00:52:52 14986.1304983296> ERROR : >>>[DB] ALL DB IS DOWN
00:52:57 14986.1304983296> ERROR : >>>[DB] ALL DB IS DOWN
00:52:58 14986.1364215872> DEBUG : >>>[TCP] Client connected.
00:53:02 14986.1304983296> ERROR : >>>[DB] ALL DB IS DOWN
00:53:07 14986.1304983296> ERROR : >>>[DB] ALL DB IS DOWN
00:53:08 14986.1364215872> DEBUG : >>>[TCP] Received Message Type: 101, Length: 1, Msg: 
00:53:10 14986.1364215872> DEBUG : >>>[TCP] Received Message Type: 101, Length: 1, Msg: 
00:53:12 14986.1304983296> ERROR : >>>[DB] ALL DB IS DOWN
00:53:17 14986.1304983296> ERROR : >>>[DB] ALL DB IS DOWN
00:53:23 14986.1304983296> ERROR : >>>[DB] ALL DB IS DOWN
00:53:28 14986.1304983296> ERROR : >>>[DB] ALL DB IS DOWN
00:53:33 14986.1304983296> ERROR : >>>[DB] ALL DB IS DOWN
00:53:38 14986.1304983296> ERROR : >>>[DB] ALL DB IS DOWN
00:53:43 14986.1304983296> ERROR : >>>[DB] ALL DB IS DOWN
00:53:48 14986.1304983296> ERROR : >>>[DB] ALL DB IS DOWN
00:53:53 14986.1304983296> ERROR : >>>[DB] ALL DB IS DOWN
00:53:58 14986.1304983296> ERROR : >>>[DB] ALL DB IS DOWN
00:54:03 14986.1304983296> ERROR : >>>[DB] ALL DB IS DOWN
00:54:08 14986.1304983296> ERROR : >>>[DB] ALL DB IS DOWN
00:54:13 14986.1304983296> ERROR : >>>[DB] ALL DB IS DOWN
00:54:18 14986.1304983296> ERROR : >>>[DB] ALL DB IS DOWN
00:54:23 14986.1304983296> ERROR : >>>[DB] ALL DB IS DOWN
00:54:28 14986.1304983296> ERROR : >>>[DB] ALL DB IS DOWN
00:54:33 14986.1304983296> ERROR : >>>[DB] ALL DB IS DOWN
00:54:38 14986.1304983296> ERROR : >>>[DB] ALL DB IS DOWN
00:54:44 14986.1304983296> ERROR : >>>[DB] ALL DB IS DOWN
00:54:53 16039.0934770752> DEBUG : >>>[INIT] success log INIT
00:55:42 16264.2426697792> DEBUG : >>>[INIT] success log INIT
00:55:54 16348.3638667328> DEBUG : >>>[INIT] success log INIT
00:55:54 16348.3579434752> ERROR : >>>[DB] ALL DB IS DOWN
00:55:59 16348.3579434752> ERROR : >>>[DB] ALL DB IS DOWN
00:56:04 16348.3579434752> ERROR : >>>[DB] ALL DB IS DOWN
00:56:04 16348.3638667328> DEBUG : >>>[TCP] Client connected.
00:56:06 16348.3638667328> DEBUG : >>>[TCP] Received Message Type: 101, Length: 1, Msg: 
00:56:09 16348.3579434752> ERROR : >>>[DB] ALL DB IS DOWN
00:57:21 16696.1737156672> DEBUG : >>>[INIT] success log INIT
00:57:21 16696.1737156672> DEBUG : >>>[TCP] Client connected.
00:57:27 16696.1737156672> DEBUG : >>>[TCP] Client connected.
00:57:29 16696.1737156672> DEBUG : >>>[TCP] Received Message Type: 101, Length: 1, Msg: 
00:57:31 16696.1737156672> DEBUG : >>>[TCP] Received Message Type: 101, Length: 1, Msg: 
00:58:04 16975.4143769664> DEBUG : >>>[INIT] success log INIT
00:58:07 17008.4069406784> DEBUG : >>>[INIT] success log INIT
00:58:07 17012.1483368512> DEBUG : >>>[INIT] success log INIT
00:58:08 17022.3867789376> DEBUG : >>>[INIT] success log INIT
00:58:10 17033.0614938688> DEBUG : >>>[INIT] success log INIT
00:58:16 17078.4220278848> DEBUG : >>>[INIT] success log INIT
00:58:18 17097.0795363392> DEBUG : >>>[INIT] success log INIT
00:58:22 17149.2802362432> DEBUG : >>>[INIT] success log INIT
00:58:27 17199.0667375680> DEBUG : >>>[INIT] success log INIT
00:58:28 17206.4184754240> DEBUG : >>>[INIT] success log INIT
00:58:30 17218.2325534784> DEBUG : >>>[INIT] success log INIT
00:58:30 17222.3133028416> DEBUG : >>>[INIT] success log INIT
00:58:38 17285.3970517056> DEBUG : >>>[INIT] success log INIT
00:58:39 17289.3225905216> DEBUG : >>>[INIT] success log INIT
00:58:40 17301.0492443712> DEBUG : >>>[INIT] success log INIT
00:58:40 17305.2916759616> DEBUG : >>>[INIT] success log INIT
00:58:40 17309.2593724480> DEBUG : >>>[INIT] success log INIT
00:58:40 17313.3469867072> DEBUG : >>>[INIT] success log INIT
00:58:43 17358.1915275328> DEBUG : >>>[INIT] success log INIT
00:58:52 17358.1915275328> DEBUG : >>>[TCP] Client connected.
00:58:54 17358.1915275328> DEBUG : >>>[TCP] Received Message Type: 101, Length: 1, Msg: 
01:00:38 17569.1007736896> DEBUG : >>>[INIT] success log INIT
01:00:46 17625.3953055808> DEBUG : >>>[INIT] success log INIT
01:00:48 17649.1710925888> DEBUG : >>>[INIT] success log INIT
01:00:51 17675.2281875520> DEBUG : >>>[INIT] success log INIT
01:00:55 17738.0463546432> DEBUG : >>>[INIT] success log INIT
01:01:03 17813.0811882560> DEBUG : >>>[INIT] success log INIT
01:01:04 17832.0235935808> DEBUG : >>>[INIT] success log INIT
01:01:05 17848.3407116352> DEBUG : >>>[INIT] success log INIT
01:01:08 17877.3052087360> DEBUG : >>>[INIT] success log INIT
01:01:09 17893.0337479744> DEBUG : >>>[INIT] success log INIT
01:01:09 17901.3651930176> DEBUG : >>>[INIT] success log INIT
01:01:10 17909.1391360064> DEBUG : >>>[INIT] success log INIT
01:01:10 17913.3904739392> DEBUG : >>>[INIT] success log INIT
01:01:13 17947.4040505408> DEBUG : >>>[INIT] success log INIT
01:01:16 17993.2401384512> DEBUG : >>>[INIT] success log INIT
01:01:16 17997.0519518272> DEBUG : >>>[INIT] success log INIT
01:01:23 18040.2760603712> DEBUG : >>>[INIT] success log INIT
01:01:33 18099.2489788480> DEBUG : >>>[INIT] success log INIT
01:01:34 18103.0519145536> DEBUG : >>>[INIT] success log INIT
01:01:39 18140.4053821504> DEBUG : >>>[INIT] success log INIT
01:01:40 18159.1063626816> DEBUG : >>>[INIT] success log INIT
01:07:18 18350.1947310144> DEBUG : >>>[INIT] success log INIT
01:07:18 18350.1888077568> ERROR : >>>[DB] ALL DB IS DOWN
01:07:23 18350.1888077568> ERROR : >>>[DB] ALL DB IS DOWN
01:07:28 18350.1888077568> ERROR : >>>[DB] ALL DB IS DOWN
01:07:33 18350.1888077568> ERROR : >>>[DB] ALL DB IS DOWN
01:12:21 18573.4172867648> DEBUG : >>>[INIT] success log INIT
01:12:21 18573.4113635072> ERROR : >>>[DB] ALL DB IS DOWN
01:12:26 18573.4172867648> DEBUG : >>>[TCP] Client connected.
01:12:26 18573.4113635072> ERROR : >>>[DB] ALL DB IS DOWN
01:12:27 18573.4172867648> DEBUG : >>>[TCP] Received Message Type: 101, Length: 1, Msg: 
01:12:31 18573.4113635072> ERROR : >>>[DB] ALL DB IS DOWN
01:12:36 18573.4113635072> ERROR : >>>[DB] ALL DB IS DOWN
01:12:41 18573.4113635072> ERROR : >>>[DB] ALL DB IS DOWN
01:12:46 18573.4113635072> ERROR : >>>[DB] ALL DB IS DOWN
01:12:51 18573.4113635072> ERROR : >>>[DB] ALL DB IS DOWN
01:12:54 18573.4172867648> DEBUG : >>>[TCP] Client disconnected.
01:14:30 18995.0679884864> DEBUG : >>>[INIT] success log INIT
01:14:30 18995.0620652288> ERROR : >>>[DB] ALL DB IS DOWN
01:14:35 18995.0620652288> ERROR : >>>[DB] ALL DB IS DOWN
01:14:40 18995.0620652288> ERROR : >>>[DB] ALL DB IS DOWN
01:14:45 18995.0620652288> ERROR : >>>[DB] ALL DB IS DOWN
01:14:51 18995.0620652288> ERROR : >>>[DB] ALL DB IS DOWN
01:14:56 18995.0620652288> ERROR : >>>[DB] ALL DB IS DOWN
01:18:12 19278.4012636224> DEBUG : >>>[INIT] success log INIT
01:18:12 19278.3953403648> ERROR : >>>[DB] ALL DB IS DOWN
01:18:17 19278.3953403648> ERROR : >>>[DB] ALL DB IS DOWN
01:18:22 19278.3953403648> ERROR : >>>[DB] ALL DB IS DOWN
01:18:28 19278.3953403648> ERROR : >>>[DB] ALL DB IS DOWN
01:18:33 19278.3953403648> ERROR : >>>[DB] ALL DB IS DOWN
01:18:38 19278.3953403648> ERROR : >>>[DB] ALL DB IS DOWN
01:18:43 19278.3953403648> ERROR : >>>[DB] ALL DB IS DOWN
01:18:48 19278.3953403648> ERROR : >>>[DB] ALL DB IS DOWN
01:18:53 19278.3953403648> ERROR : >>>[DB] ALL DB IS DOWN
01:18:58 19278.3953403648> ERROR : >>>[DB] ALL DB IS DOWN
01:19:03 19278.3953403648> ERROR : >>>[DB] ALL DB IS DOWN
01:19:09 19278.3953403648> ERROR : >>>[DB] ALL DB IS DOWN
01:19:14 19278.3953403648> ERROR : >>>[DB] ALL DB IS DOWN
01:19:19 19278.3953403648> ERROR : >>>[DB] ALL DB IS DOWN
01:19:24 19278.3953403648> ERROR : >>>[DB] ALL DB IS DOWN
01:19:29 19278.3953403648> ERROR : >>>[DB] ALL DB IS DOWN
01:19:34 19278.3953403648> ERROR : >>>[DB] ALL DB IS DOWN
01:19:39 19278.3953403648> ERROR : >>>[DB] ALL DB IS DOWN
01:19:44 19278.3953403648> ERROR : >>>[DB] ALL DB IS DOWN
01:19:49 19278.3953403648> ERROR : >>>[DB] ALL DB IS DOWN
01:22:20 19887.1927628864> DEBUG : >>>[INIT] success log INIT
01:22:20 19887.1868396288> WARNG : >>>[DB] DB01 IS DOWN
01:22:25 19887.1868396288> WARNG : >>>[DB] DB01 IS DOWN
01:22:30 19887.1868396288> WARNG : >>>[DB] DB01 IS DOWN
01:22:35 19887.1868396288> WARNG : >>>[DB] DB01 IS DOWN
01:22:40 19887.1868396288> WARNG : >>>[DB] DB01 IS DOWN
01:22:45 19887.1868396288> WARNG : >>>[DB] DB01 IS DOWN
01:22:50 19887.1868396288> WARNG : >>>[DB] DB01 IS DOWN
01:22:55 19887.1868396288> WARNG : >>>[DB] DB01 IS DOWN
01:23:00 19887.1868396288> WARNG : >>>[DB] DB01 IS DOWN
01:23:05 19887.1868396288> WARNG : >>>[DB] DB01 IS DOWN
01:23:11 19887.1868396288> WARNG : >>>[DB] DB01 IS DOWN
01:23:16 19887.1868396288> WARNG : >>>[DB] DB01 IS DOWN
01:23:21 19887.1868396288> WARNG : >>>[DB] DB01 IS DOWN
01:23:26 19887.1868396288> WARNG : >>>[DB] DB01 IS DOWN
01:23:31 19887.1868396288> WARNG : >>>[DB] DB01 IS DOWN
01:23:36 19887.1868396288> WARNG : >>>[DB] DB01 IS DOWN
01:23:41 19887.1868396288> WARNG : >>>[DB] DB01 IS DOWN
01:23:46 19887.1868396288> WARNG : >>>[DB] DB01 IS DOWN
01:23:51 19887.1868396288> WARNG : >>>[DB] DB01 IS DOWN
01:23:56 19887.1868396288> WARNG : >>>[DB] DB01 IS DOWN
01:24:01 19887.1868396288> WARNG : >>>[DB] DB01 IS DOWN
01:24:06 19887.1868396288> WARNG : >>>[DB] DB01 IS DOWN
01:24:11 19887.1868396288> WARNG : >>>[DB] DB01 IS DOWN
01:24:16 19887.1868396288> WARNG : >>>[DB] DB01 IS DOWN
01:24:22 19887.1868396288> WARNG : >>>[DB] DB01 IS DOWN
01:24:27 19887.1868396288> WARNG : >>>[DB] DB01 IS DOWN
01:24:32 19887.1868396288> WARNG : >>>[DB] DB01 IS DOWN
01:24:37 19887.1868396288> WARNG : >>>[DB] DB01 IS DOWN
01:24:42 19887.1868396288> WARNG : >>>[DB] DB01 IS DOWN
01:24:44 20557.1923336256> DEBUG : >>>[INIT] success log INIT
01:24:44 20557.1864103680> WARNG : >>>[DB] DB01 IS DOWN
01:24:49 20557.1864103680> WARNG : >>>[DB] DB01 IS DOWN
01:28:20 20697.2830633024> DEBUG : >>>[INIT] success log INIT
01:28:20 20697.2771400448> WARNG : >>>[DB] DB01 IS DOWN
01:28:25 20697.2771400448> WARNG : >>>[DB] DB01 IS DOWN
01:28:30 20697.2771400448> WARNG : >>>[DB] DB01 IS DOWN
01:28:35 20697.2771400448> WARNG : >>>[DB] DB01 IS DOWN
01:28:40 20697.2771400448> WARNG : >>>[DB] DB01 IS DOWN
01:28:45 20697.2771400448> WARNG : >>>[DB] DB01 IS DOWN
01:28:50 20697.2771400448> WARNG : >>>[DB] DB01 IS DOWN
01:28:55 20697.2771400448> WARNG : >>>[DB] DB01 IS DOWN
01:29:00 20697.2771400448> WARNG : >>>[DB] DB01 IS DOWN
01:29:05 20697.2771400448> WARNG : >>>[DB] DB01 IS DOWN
01:29:10 20697.2771400448> WARNG : >>>[DB] DB01 IS DOWN
01:29:15 20697.2771400448> WARNG : >>>[DB] DB01 IS DOWN
01:29:20 20697.2771400448> WARNG : >>>[DB] DB01 IS DOWN
01:29:25 20697.2771400448> WARNG : >>>[DB] DB01 IS DOWN
01:29:30 20697.2771400448> DEBUG : >>>[DB] db_check_success
01:29:36 20697.2771400448> DEBUG : >>>[DB] db_check_success
01:29:41 20697.2771400448> DEBUG : >>>[DB] db_check_success
01:29:45 20697.2830633024> DEBUG : >>>[TCP] Client connected.
01:29:46 20697.2771400448> DEBUG : >>>[DB] db_check_success
01:29:48 20697.2830633024> DEBUG : >>>[TCP] Received Message Type: 101, Length: 1, Msg: 
01:31:07 21301.3716495424> DEBUG : >>>[INIT] success log INIT
01:31:07 21301.3657262848> DEBUG : >>>[DB] db_check_success
01:31:11 21301.3716495424> DEBUG : >>>[TCP] Client connected.
01:31:12 21301.3657262848> DEBUG : >>>[DB] db_check_success
01:31:13 21301.3716495424> DEBUG : >>>[TCP] Received Message Type: 101, Length: 1, Msg: 
01:31:25 21489.2120849472> DEBUG : >>>[INIT] success log INIT
01:31:32 21548.1606101056> DEBUG : >>>[INIT] success log INIT
01:33:30 21667.3181582400> DEBUG : >>>[INIT] success log INIT
01:33:30 21667.3122349824> DEBUG : >>>[DB] db_check_success
01:33:35 21667.3122349824> DEBUG : >>>[DB] db_check_success
01:33:36 21667.3181582400> DEBUG : >>>[TCP] Client connected.
01:33:39 21667.3181582400> DEBUG : >>>[TCP] Received Message Type: 101, Length: 1, Msg: 
01:37:16 21988.4109740096> DEBUG : >>>[INIT] success log INIT
01:37:16 21988.4050507520> DEBUG : >>>[DB] db_check_success
01:37:21 21988.4050507520> DEBUG : >>>[DB] db_check_success
01:37:26 21988.4050507520> DEBUG : >>>[DB] db_check_success
01:37:31 21988.4050507520> DEBUG : >>>[DB] db_check_success
01:37:36 21988.4050507520> DEBUG : >>>[DB] db_check_success
01:37:41 21988.4050507520> DEBUG : >>>[DB] db_check_success
01:37:46 21988.4050507520> DEBUG : >>>[DB] db_check_success
01:37:49 21988.4109740096> DEBUG : >>>[TCP] Client connected.
01:37:51 21988.4050507520> DEBUG : >>>[DB] db_check_success
01:37:54 21988.4109740096> DEBUG : >>>[TCP] Received Message Type: 101, Length: 1, Msg: 
01:37:54 21988.4109740096> DEBUG : >>>[DB] SQL Request :: select * from USER_TB
01:37:57 21988.4050507520> DEBUG : >>>[DB] db_check_success
01:38:02 21988.4050507520> DEBUG : >>>[DB] db_check_success
01:51:32 22511.1281960000> DEBUG : >>>[INIT] success log INIT
01:51:32 22511.1222727424> DEBUG : >>>[DB] db_check_success
01:51:37 22511.1222727424> DEBUG : >>>[DB] db_check_success
01:51:42 22511.1222727424> DEBUG : >>>[DB] db_check_success
01:51:46 22511.1281960000> DEBUG : >>>[TCP] Client connected.
01:51:47 22511.1222727424> DEBUG : >>>[DB] db_check_success
01:51:48 22511.1281960000> DEBUG : >>>[TCP] Received Message Type: 101, Length: 1, Msg: 
01:51:48 22511.1281960000> DEBUG : >>>[DB] SQL Request :: select * from USER_TB
01:51:52 22511.1222727424> DEBUG : >>>[DB] db_check_success
01:51:56 22511.1281960000> DEBUG : >>>[TCP] Received Message Type: 101, Length: 1, Msg: 
01:51:56 22511.1281960000> DEBUG : >>>[DB] SQL Request :: select * from USER_TB
01:51:57 22511.1222727424> DEBUG : >>>[DB] db_check_success
01:52:02 22511.1222727424> DEBUG : >>>[DB] db_check_success
01:52:07 22511.1222727424> DEBUG : >>>[DB] db_check_success
01:52:12 22511.1222727424> DEBUG : >>>[DB] db_check_success
01:52:13 22511.1281960000> DEBUG : >>>[TCP] Received Message Type: 101, Length: 1, Msg: 
01:52:13 22511.1281960000> DEBUG : >>>[DB] SQL Request :: select * from USER_TB
01:52:18 22511.1222727424> DEBUG : >>>[DB] db_check_success
01:52:23 22511.1222727424> DEBUG : >>>[DB] db_check_success
01:52:28 22511.1222727424> DEBUG : >>>[DB] db_check_success
01:52:33 22511.1222727424> DEBUG : >>>[DB] db_check_success
01:52:39 22511.1222727424> DEBUG : >>>[DB] db_check_success
01:52:44 22511.1222727424> DEBUG : >>>[DB] db_check_success
01:52:49 22511.1222727424> DEBUG : >>>[DB] db_check_success
01:52:54 22511.1222727424> DEBUG : >>>[DB] db_check_success
01:52:59 22511.1222727424> DEBUG : >>>[DB] db_check_success
01:53:04 22511.1222727424> DEBUG : >>>[DB] db_check_success
01:53:09 22511.1222727424> DEBUG : >>>[DB] db_check_success
01:53:14 22511.1222727424> DEBUG : >>>[DB] db_check_success
01:53:19 22511.1222727424> DEBUG : >>>[DB] db_check_success
01:53:24 22511.1222727424> DEBUG : >>>[DB] db_check_success
01:53:29 22511.1222727424> DEBUG : >>>[DB] db_check_success
01:53:34 22511.1222727424> DEBUG : >>>[DB] db_check_success
01:53:39 22511.1222727424> DEBUG : >>>[DB] db_check_success
01:53:44 22511.1222727424> DEBUG : >>>[DB] db_check_success
01:53:49 22511.1222727424> DEBUG : >>>[DB] db_check_success
01:53:54 22511.1222727424> DEBUG : >>>[DB] db_check_success
01:53:59 22511.1222727424> DEBUG : >>>[DB] db_check_success
01:54:04 22511.1222727424> DEBUG : >>>[DB] db_check_success
01:54:09 22511.1222727424> DEBUG : >>>[DB] db_check_success
01:54:14 22511.1222727424> DEBUG : >>>[DB] db_check_success
01:54:19 22511.1222727424> DEBUG : >>>[DB] db_check_success
01:54:24 22511.1222727424> DEBUG : >>>[DB] db_check_success
01:54:29 22511.1222727424> DEBUG : >>>[DB] db_check_success
01:54:34 22511.1222727424> DEBUG : >>>[DB] db_check_success
01:54:40 22511.1222727424> DEBUG : >>>[DB] db_check_success
01:54:45 22511.1222727424> DEBUG : >>>[DB] db_check_success
01:54:50 22511.1222727424> DEBUG : >>>[DB] db_check_success
01:54:55 22511.1222727424> DEBUG : >>>[DB] db_check_success
01:55:00 22511.1222727424> DEBUG : >>>[DB] db_check_success
01:55:05 22511.1222727424> DEBUG : >>>[DB] db_check_success
01:55:10 22511.1222727424> DEBUG : >>>[DB] db_check_success
04:52:02 27993.2242492480> DEBUG : >>>[INIT] success log INIT
04:52:02 27993.2183259904> DEBUG : >>>[DB] db_check_success
04:52:07 27993.2183259904> DEBUG : >>>[DB] db_check_success
04:52:12 27993.2242492480> DEBUG : >>>[TCP] Client connected.
04:52:12 27993.2183259904> DEBUG : >>>[DB] db_check_success
04:52:14 27993.2242492480> DEBUG : >>>[TCP] Received Message Type: 201, Length: 1, Msg: 
04:52:17 27993.2183259904> DEBUG : >>>[DB] db_check_success
04:55:05 28339.0244148288> DEBUG : >>>[INIT] success log INIT
04:55:05 28339.0184915712> DEBUG : >>>[DB] db_check_success
04:55:10 28339.0184915712> DEBUG : >>>[DB] db_check_success
04:55:15 28339.0184915712> DEBUG : >>>[DB] db_check_success
04:55:20 28339.0184915712> DEBUG : >>>[DB] db_check_success
04:55:21 28339.0244148288> DEBUG : >>>[TCP] Client connected.
04:55:24 28339.0244148288> DEBUG : >>>[TCP] Received Message Type: 201, Length: 1, Msg: 
04:55:25 28339.0184915712> DEBUG : >>>[DB] db_check_success
05:12:10 28921.3161528384> DEBUG : >>>[INIT] success log INIT
05:12:10 28921.3102295808> DEBUG : >>>[DB] db_check_success
05:12:15 28921.3102295808> DEBUG : >>>[DB] db_check_success
05:12:19 28921.3161528384> DEBUG : >>>[TCP] Client connected.
05:12:21 28921.3102295808> DEBUG : >>>[DB] db_check_success
05:12:22 28921.3161528384> DEBUG : >>>[TCP] Received Message Type: 201, Length: 1, Msg: 
05:12:26 28921.3102295808> DEBUG : >>>[DB] db_check_success
05:26:36 29426.0047433792> DEBUG : >>>[INIT] success log INIT
05:26:36 29426.4283168512> DEBUG : >>>[DB] db_check_success
05:26:42 29426.4283168512> DEBUG : >>>[DB] db_check_success
05:26:47 29426.4283168512> DEBUG : >>>[DB] db_check_success
05:26:50 29426.0047433792> DEBUG : >>>[TCP] Client connected.
05:26:52 29426.4283168512> DEBUG : >>>[DB] db_check_success
05:26:52 29426.0047433792> DEBUG : >>>[TCP] Received Message Type: 201, Length: 1, Msg: 
05:26:57 29426.4283168512> DEBUG : >>>[DB] db_check_success
06:33:18 30843.0853223488> DEBUG : >>>[INIT] success log INIT
06:33:18 30843.0793990912> DEBUG : >>>[DB] db_check_success
06:33:23 30843.0793990912> DEBUG : >>>[DB] db_check_success
06:33:25 30843.0853223488> DEBUG : >>>[TCP] Client connected.
06:33:28 30843.0793990912> DEBUG : >>>[DB] db_check_success
06:33:29 30843.0853223488> DEBUG : >>>[TCP] Received Message Type: 101, Length: 1, Msg: 
06:33:29 30843.0853223488> DEBUG : >>>[DB] SQL Request :: select * from USER_TB
06:33:47 31015.0647510080> DEBUG : >>>[INIT] success log INIT
06:38:45 31243.1171294272> DEBUG : >>>[INIT] success log INIT
06:38:45 31243.1112061696> DEBUG : >>>[DB] db_check_success
06:38:50 31243.1112061696> DEBUG : >>>[DB] db_check_success
06:38:54 31243.1171294272> DEBUG : >>>[TCP] Client connected.
06:38:55 31243.1112061696> DEBUG : >>>[DB] db_check_success
06:38:56 31243.1171294272> DEBUG : >>>[TCP] Received Message Type: 101, Length: 1, Msg: 
06:44:31 31875.4248762432> DEBUG : >>>[INIT] success log INIT
06:44:31 31875.4189529856> DEBUG : >>>[DB] db_check_success
06:44:36 31875.4189529856> DEBUG : >>>[DB] db_check_success
06:44:41 31875.4189529856> DEBUG : >>>[DB] db_check_success
06:44:41 31875.4248762432> DEBUG : >>>[TCP] Client connected.
06:44:42 31875.4248762432> DEBUG : >>>[TCP] Received Message Type: 101, Length: 1, Msg: 
06:44:42 31875.4248762432> DEBUG : >>>[DB] SQL Request :: select * from USER_TB
06:44:46 31875.4189529856> DEBUG : >>>[DB] db_check_success
06:44:49 31875.4248762432> DEBUG : >>>[TCP] Received Message Type: 201, Length: 1, Msg: 
06:44:51 31875.4189529856> DEBUG : >>>[DB] db_check_success
06:44:56 31875.4189529856> DEBUG : >>>[DB] db_check_success
06:45:01 31875.4189529856> DEBUG : >>>[DB] db_check_success
06:51:34 32338.2617944128> DEBUG : >>>[INIT] success log INIT
06:51:34 32338.2558711552> DEBUG : >>>[DB] db_check_success
06:51:39 32338.2558711552> DEBUG : >>>[DB] db_check_success
06:51:44 32338.2558711552> DEBUG : >>>[DB] db_check_success
06:51:44 32338.2617944128> DEBUG : >>>[TCP] Client connected.
06:51:49 32338.2558711552> DEBUG : >>>[DB] db_check_success
06:51:51 32338.2617944128> DEBUG : >>>[TCP] Received Message Type: 201, Length: 1, Msg: 
06:55:05 32691.0690464832> DEBUG : >>>[INIT] success log INIT
06:55:05 32691.0631232256> DEBUG : >>>[DB] db_check_success
06:55:10 32691.0631232256> DEBUG : >>>[DB] db_check_success
06:55:15 32691.0631232256> DEBUG : >>>[DB] db_check_success
06:55:19 32691.0690464832> DEBUG : >>>[TCP] Client connected.
06:55:20 32691.0631232256> DEBUG : >>>[DB] db_check_success
06:55:25 32691.0631232256> DEBUG : >>>[DB] db_check_success
06:55:25 32691.0690464832> DEBUG : >>>[TCP] Received Message Type: 201, Length: 1, Msg: 
07:01:11 00773.0196941888> DEBUG : >>>[INIT] success log INIT
07:01:11 00773.0137709312> DEBUG : >>>[DB] db_check_success
07:01:16 00773.0137709312> DEBUG : >>>[DB] db_check_success
07:01:22 00773.0137709312> DEBUG : >>>[DB] db_check_success
07:01:25 00773.0196941888> DEBUG : >>>[TCP] Client connected.
07:01:27 00773.0137709312> DEBUG : >>>[DB] db_check_success
07:01:29 00773.0196941888> DEBUG : >>>[TCP] Received Message Type: 201, Length: 1, Msg: 
07:01:32 00773.0137709312> DEBUG : >>>[DB] db_check_success
07:01:37 00773.0137709312> DEBUG : >>>[DB] db_check_success
07:01:42 00773.0137709312> DEBUG : >>>[DB] db_check_success
07:01:47 00773.0137709312> DEBUG : >>>[DB] db_check_success
07:01:52 00773.0137709312> DEBUG : >>>[DB] db_check_success
07:01:57 00773.0137709312> DEBUG : >>>[DB] db_check_success
07:05:02 01371.3969902656> DEBUG : >>>[INIT] success log INIT
07:05:02 01371.3910670080> DEBUG : >>>[DB] db_check_success
07:05:07 01371.3910670080> DEBUG : >>>[DB] db_check_success
07:05:09 01371.3969902656> DEBUG : >>>[TCP] Client connected.
07:05:10 01371.3969902656> DEBUG : >>>[TCP] Received Message Type: 201, Length: 1, Msg: 
07:05:12 01371.3910670080> DEBUG : >>>[DB] db_check_success
07:05:17 01371.3910670080> DEBUG : >>>[DB] db_check_success
07:05:18 01371.3969902656> DEBUG : >>>[TCP] Received Message Type: 201, Length: 1, Msg: 
07:05:22 01371.3910670080> DEBUG : >>>[DB] db_check_success
07:09:01 01725.3160041536> DEBUG : >>>[INIT] success log INIT
07:09:01 01725.3100808960> DEBUG : >>>[DB] db_check_success
07:09:06 01725.3100808960> DEBUG : >>>[DB] db_check_success
07:09:11 01725.3100808960> DEBUG : >>>[DB] db_check_success
07:09:12 01725.3160041536> DEBUG : >>>[TCP] Client connected.
07:09:14 01725.3160041536> DEBUG : >>>[TCP] Received Message Type: 201, Length: 1, Msg: 
07:09:16 01725.3100808960> DEBUG : >>>[DB] db_check_success
07:09:18 01725.3160041536> DEBUG : >>>[TCP] Received Message Type: 201, Length: 1, Msg: 
07:09:21 01725.3100808960> DEBUG : >>>[DB] db_check_success
07:09:26 01725.3100808960> DEBUG : >>>[DB] db_check_success
07:09:31 01725.3100808960> DEBUG : >>>[DB] db_check_success
07:09:36 01725.3100808960> DEBUG : >>>[DB] db_check_success
07:09:41 01725.3100808960> DEBUG : >>>[DB] db_check_success
07:09:47 01725.3100808960> DEBUG : >>>[DB] db_check_success
07:09:52 01725.3100808960> DEBUG : >>>[DB] db_check_success
07:09:57 01725.3100808960> DEBUG : >>>[DB] db_check_success
07:10:02 01725.3100808960> DEBUG : >>>[DB] db_check_success
07:10:07 01725.3100808960> DEBUG : >>>[DB] db_check_success
07:10:12 01725.3100808960> DEBUG : >>>[DB] db_check_success
07:10:17 01725.3100808960> DEBUG : >>>[DB] db_check_success
07:10:22 01725.3100808960> DEBUG : >>>[DB] db_check_success
07:10:27 01725.3100808960> DEBUG : >>>[DB] db_check_success
07:10:32 01725.3100808960> DEBUG : >>>[DB] db_check_success
07:10:37 01725.3100808960> DEBUG : >>>[DB] db_check_success
07:10:42 01725.3100808960> DEBUG : >>>[DB] db_check_success
07:10:47 01725.3100808960> DEBUG : >>>[DB] db_check_success
07:10:52 01725.3100808960> DEBUG : >>>[DB] db_check_success
07:10:57 01725.3100808960> DEBUG : >>>[DB] db_check_success
07:11:02 01725.3100808960> DEBUG : >>>[DB] db_check_success
07:11:07 01725.3100808960> DEBUG : >>>[DB] db_check_success
07:11:08 01725.3160041536> DEBUG : >>>[TCP] Client disconnected.
07:11:12 01725.3100808960> DEBUG : >>>[DB] db_check_success
07:11:17 01725.3160041536> DEBUG : >>>[TCP] Client connected.
07:11:17 01725.3100808960> DEBUG : >>>[DB] db_check_success
07:11:19 01725.3160041536> DEBUG : >>>[TCP] Received Message Type: 201, Length: 1, Msg: 
07:11:22 01725.3100808960> DEBUG : >>>[DB] db_check_success
07:11:28 01725.3100808960> DEBUG : >>>[DB] db_check_success
07:11:33 01725.3100808960> DEBUG : >>>[DB] db_check_success
07:11:38 01725.3100808960> DEBUG : >>>[DB] db_check_success
07:11:43 01725.3100808960> DEBUG : >>>[DB] db_check_success
07:11:48 01725.3100808960> DEBUG : >>>[DB] db_check_success
07:12:59 02873.3973695552> DEBUG : >>>[INIT] success log INIT
07:12:59 02873.3914462976> DEBUG : >>>[DB] db_check_success
07:13:04 02873.3914462976> DEBUG : >>>[DB] db_check_success
07:13:06 02873.3973695552> DEBUG : >>>[TCP] Client connected.
07:13:07 02873.3973695552> DEBUG : >>>[TCP] Received Message Type: 201, Length: 1, Msg: 
07:13:09 02873.3914462976> DEBUG : >>>[DB] db_check_success
07:13:11 02873.3973695552> DEBUG : >>>[TCP] Received Message Type: 201, Length: 1, Msg: 
07:13:14 02873.3914462976> DEBUG : >>>[DB] db_check_success
07:13:20 02873.3914462976> DEBUG : >>>[DB] db_check_success
07:13:25 02873.3914462976> DEBUG : >>>[DB] db_check_success
07:13:30 02873.3914462976> DEBUG : >>>[DB] db_check_success
07:13:35 02873.3914462976> DEBUG : >>>[DB] db_check_success
07:17:01 03313.3423598656> DEBUG : >>>[INIT] success log INIT
07:17:01 03313.3364366080> DEBUG : >>>[DB] db_check_success
07:17:05 03313.3423598656> DEBUG : >>>[TCP] Client connected.
07:17:06 03313.3364366080> DEBUG : >>>[DB] db_check_success
07:17:07 03313.3423598656> DEBUG : >>>[TCP] Received Message Type: 201, Length: 1, Msg: 
07:17:11 03313.3364366080> DEBUG : >>>[DB] db_check_success
07:17:12 03313.3423598656> DEBUG : >>>[TCP] Received Message Type: 201, Length: 1, Msg: 
07:17:16 03313.3364366080> DEBUG : >>>[DB] db_check_success
07:21:48 03692.4114888768> DEBUG : >>>[INIT] success log INIT
07:21:48 03692.4055656192> DEBUG : >>>[DB] db_check_success
07:21:53 03692.4055656192> DEBUG : >>>[DB] db_check_success
07:21:54 03692.4114888768> DEBUG : >>>[TCP] Client connected.
07:21:56 03692.4114888768> DEBUG : >>>[TCP] Received Message Type: 201, Length: 1, Msg: 
07:21:58 03692.4055656192> DEBUG : >>>[DB] db_check_success
07:21:59 03692.4114888768> DEBUG : >>>[TCP] Received Message Type: 201, Length: 1, Msg: 
07:22:03 03692.4055656192> DEBUG : >>>[DB] db_check_success
07:22:08 03692.4055656192> DEBUG : >>>[DB] db_check_success
07:22:13 03692.4055656192> DEBUG : >>>[DB] db_check_success
07:22:18 03692.4055656192> DEBUG : >>>[DB] db_check_success
07:22:23 03692.4055656192> DEBUG : >>>[DB] db_check_success
07:22:28 03692.4055656192> DEBUG : >>>[DB] db_check_success
07:22:34 03692.4055656192> DEBUG : >>>[DB] db_check_success
07:27:52 04150.1321068608> DEBUG : >>>[INIT] success log INIT
07:27:52 04150.1261836032> DEBUG : >>>[DB] db_check_success
07:27:57 04150.1261836032> DEBUG : >>>[DB] db_check_success
07:28:02 04150.1261836032> DEBUG : >>>[DB] db_check_success
07:28:02 04150.1321068608> DEBUG : >>>[TCP] Client connected.
07:28:03 04150.1321068608> DEBUG : >>>[TCP] Received Message Type: 201, Length: 1, Msg: 
07:28:07 04150.1261836032> DEBUG : >>>[DB] db_check_success
07:28:12 04150.1261836032> DEBUG : >>>[DB] db_check_success
10:20:30 06650.3656751168> DEBUG : >>>[INIT] success log INIT
10:20:30 06650.3597518592> DEBUG : >>>[DB] db_check_success
10:20:35 06650.3597518592> DEBUG : >>>[DB] db_check_success
10:20:40 06650.3597518592> DEBUG : >>>[DB] db_check_success
10:20:45 06650.3597518592> DEBUG : >>>[DB] db_check_success
10:20:50 06650.3597518592> DEBUG : >>>[DB] db_check_success
10:20:54 06650.3656751168> DEBUG : >>>[TCP] Client connected.
10:20:55 06650.3597518592> DEBUG : >>>[DB] db_check_success
10:20:57 06650.3656751168> DEBUG : >>>[TCP] Received Message Type: 201, Length: 1, Msg: 
10:21:00 06650.3597518592> DEBUG : >>>[DB] db_check_success
10:21:06 06650.3597518592> DEBUG : >>>[DB] db_check_success
10:21:11 06650.3597518592> DEBUG : >>>[DB] db_check_success
10:21:16 06650.3597518592> DEBUG : >>>[DB] db_check_success
10:21:21 06650.3597518592> DEBUG : >>>[DB] db_check_success
10:21:26 06650.3597518592> DEBUG : >>>[DB] db_check_success
10:21:31 06650.3597518592> DEBUG : >>>[DB] db_check_success
10:21:36 06650.3597518592> DEBUG : >>>[DB] db_check_success
10:21:41 06650.3597518592> DEBUG : >>>[DB] db_check_success
10:21:46 06650.3597518592> DEBUG : >>>[DB] db_check_success
10:21:51 06650.3597518592> DEBUG : >>>[DB] db_check_success
10:21:56 06650.3597518592> DEBUG : >>>[DB] db_check_success
10:22:01 06650.3597518592> DEBUG : >>>[DB] db_check_success
10:22:06 06650.3597518592> DEBUG : >>>[DB] db_check_success
10:22:11 06650.3597518592> DEBUG : >>>[DB] db_check_success
10:22:16 06650.3597518592> DEBUG : >>>[DB] db_check_success
10:22:21 06650.3597518592> DEBUG : >>>[DB] db_check_success
10:22:26 06650.3597518592> DEBUG : >>>[DB] db_check_success
10:22:31 06650.3597518592> DEBUG : >>>[DB] db_check_success
10:22:36 06650.3597518592> DEBUG : >>>[DB] db_check_success
10:22:41 06650.3597518592> DEBUG : >>>[DB] db_check_success
10:22:46 06650.3597518592> DEBUG : >>>[DB] db_check_success
10:22:52 06650.3597518592> DEBUG : >>>[DB] db_check_success
10:22:57 06650.3597518592> DEBUG : >>>[DB] db_check_success
10:23:02 06650.3597518592> DEBUG : >>>[DB] db_check_success
10:23:07 06650.3597518592> DEBUG : >>>[DB] db_check_success
10:23:12 06650.3597518592> DEBUG : >>>[DB] db_check_success
10:23:17 06650.3597518592> DEBUG : >>>[DB] db_check_success
10:23:22 06650.3597518592> DEBUG : >>>[DB] db_check_success
10:23:27 06650.3597518592> DEBUG : >>>[DB] db_check_success
10:23:32 06650.3597518592> DEBUG : >>>[DB] db_check_success
10:23:37 06650.3597518592> DEBUG : >>>[DB] db_check_success
10:23:42 06650.3597518592> DEBUG : >>>[DB] db_check_success
10:23:47 06650.3597518592> DEBUG : >>>[DB] db_check_success
10:23:52 06650.3597518592> DEBUG : >>>[DB] db_check_success
10:23:57 06650.3597518592> DEBUG : >>>[DB] db_check_success
10:24:03 06650.3597518592> DEBUG : >>>[DB] db_check_success
10:24:08 06650.3597518592> DEBUG : >>>[DB] db_check_success
10:24:11 06650.3656751168> DEBUG : >>>[TCP] Received Message Type: 201, Length: 1, Msg: 
10:24:13 06650.3597518592> DEBUG : >>>[DB] db_check_success
10:24:18 06650.3597518592> DEBUG : >>>[DB] db_check_success
10:24:23 06650.3597518592> DEBUG : >>>[DB] db_check_success
10:24:28 06650.3597518592> DEBUG : >>>[DB] db_check_success
10:24:33 06650.3597518592> DEBUG : >>>[DB] db_check_success
10:24:38 06650.3597518592> DEBUG : >>>[DB] db_check_success
10:24:43 06650.3597518592> DEBUG : >>>[DB] db_check_success
10:26:27 07864.2097432640> DEBUG : >>>[INIT] success log INIT
10:26:27 07864.2038200064> DEBUG : >>>[DB] db_check_success
10:26:32 07864.2038200064> DEBUG : >>>[DB] db_check_success
10:26:37 07864.2038200064> DEBUG : >>>[DB] db_check_success
10:26:38 07864.2097432640> DEBUG : >>>[TCP] Client connected.
10:26:41 07864.2097432640> DEBUG : >>>[TCP] Received Message Type: 101, Length: 1, Msg: 
10:26:41 07864.2097432640> DEBUG : >>>[DB] SQL Request :: select * from USER_TB
10:26:42 07864.2038200064> DEBUG : >>>[DB] db_check_success
10:26:46 07864.2097432640> DEBUG : >>>[TCP] Received Message Type: 101, Length: 1, Msg: 
10:26:46 07864.2097432640> DEBUG : >>>[DB] SQL Request :: select * from USER_TB
10:26:47 07864.2038200064> DEBUG : >>>[DB] db_check_success
10:26:52 07864.2038200064> DEBUG : >>>[DB] db_check_success
10:26:58 07864.2038200064> DEBUG : >>>[DB] db_check_success
10:27:02 07864.2097432640> DEBUG : >>>[TCP] Received Message Type: 101, Length: 1, Msg: 
10:27:02 07864.2097432640> DEBUG : >>>[DB] SQL Request :: select * from USER_TB
10:27:03 07864.2038200064> DEBUG : >>>[DB] db_check_success
10:27:08 07864.2038200064> DEBUG : >>>[DB] db_check_success
10:27:13 07864.2038200064> DEBUG : >>>[DB] db_check_success
10:41:55 08472.1456617536> DEBUG : >>>[INIT] success log INIT
10:41:55 08472.1397384960> DEBUG : >>>[DB] db_check_success
10:42:00 08472.1397384960> DEBUG : >>>[DB] db_check_success
10:42:05 08472.1397384960> DEBUG : >>>[DB] db_check_success
10:42:10 08472.1397384960> DEBUG : >>>[DB] db_check_success
10:42:13 08472.1456617536> DEBUG : >>>[TCP] Client connected.
10:42:15 08472.1397384960> DEBUG : >>>[DB] db_check_success
10:42:18 08472.1456617536> DEBUG : >>>[TCP] Received Message Type: 201, Length: 1, Msg: 
10:42:19 08472.1456617536> DEBUG : >>>[REPLIE] replication_status_success
10:42:20 08472.1397384960> DEBUG : >>>[DB] db_check_success
10:42:25 08472.1397384960> DEBUG : >>>[DB] db_check_success
10:42:30 08472.1397384960> DEBUG : >>>[DB] db_check_success
10:42:35 08472.1397384960> DEBUG : >>>[DB] db_check_success
10:42:36 08472.1456617536> DEBUG : >>>[TCP] Received Message Type: 101, Length: 1, Msg: 
10:42:36 08472.1456617536> DEBUG : >>>[DB] SQL Request :: select * from USER_TB
10:42:36 08472.1456617536> DEBUG : >>>[REPLIE] replication_status_success
10:42:40 08472.1397384960> DEBUG : >>>[DB] db_check_success
10:42:45 08472.1397384960> DEBUG : >>>[DB] db_check_success
10:42:50 08472.1397384960> DEBUG : >>>[DB] db_check_success
10:45:35 08926.0474261568> DEBUG : >>>[INIT] success log INIT
10:45:35 08926.0415028992> DEBUG : >>>[DB] db_check_success
10:45:39 08926.0474261568> DEBUG : >>>[TCP] Client connected.
10:45:40 08926.0415028992> DEBUG : >>>[DB] db_check_success
10:45:41 08926.0474261568> DEBUG : >>>[TCP] Received Message Type: 101, Length: 1, Msg: 
10:45:41 08926.0474261568> DEBUG : >>>[DB] SQL Request :: select * from USER_TB
10:45:41 08926.0474261568> DEBUG : >>>[REPLIE] replication_status_success
10:45:45 08926.0415028992> DEBUG : >>>[DB] db_check_success
10:45:50 08926.0415028992> DEBUG : >>>[DB] db_check_success
10:45:55 08926.0415028992> DEBUG : >>>[DB] db_check_success
10:45:55 08926.0474261568> DEBUG : >>>[TCP] Received Message Type: 201, Length: 1, Msg: 
10:45:55 08926.0474261568> DEBUG : >>>[REPLIE] replication_status_success
10:46:00 08926.0415028992> DEBUG : >>>[DB] db_check_success
10:54:17 09280.3257247808> DEBUG : >>>[INIT] success log INIT
10:54:17 09280.3198015232> DEBUG : >>>[DB] db_check_success
10:54:22 09280.3198015232> DEBUG : >>>[DB] db_check_success
10:54:25 09280.3257247808> DEBUG : >>>[TCP] Client connected.
10:54:27 09280.3198015232> DEBUG : >>>[DB] db_check_success
10:54:29 09280.3257247808> DEBUG : >>>[TCP] Received Message Type: 201, Length: 1, Msg: 
10:54:29 09280.3257247808> DEBUG : >>>[REPLIE] replication_status_success
10:54:32 09280.3198015232> DEBUG : >>>[DB] db_check_success
10:54:37 09280.3198015232> DEBUG : >>>[DB] db_check_success
10:54:42 09280.3198015232> DEBUG : >>>[DB] db_check_success
10:54:47 09280.3198015232> DEBUG : >>>[DB] db_check_success
10:54:52 09280.3198015232> DEBUG : >>>[DB] db_check_success
10:54:57 09280.3198015232> DEBUG : >>>[DB] db_check_success
10:55:02 09280.3198015232> DEBUG : >>>[DB] db_check_success
10:55:07 09280.3198015232> DEBUG : >>>[DB] db_check_success
10:55:12 09280.3198015232> DEBUG : >>>[DB] db_check_success
10:55:17 09280.3198015232> DEBUG : >>>[DB] db_check_success
10:55:22 09280.3198015232> DEBUG : >>>[DB] db_check_success
10:55:27 09280.3198015232> DEBUG : >>>[DB] db_check_success
10:55:33 09280.3198015232> DEBUG : >>>[DB] db_check_success
10:55:38 09280.3198015232> DEBUG : >>>[DB] db_check_success
10:55:43 09280.3198015232> DEBUG : >>>[DB] db_check_success
10:55:48 09280.3198015232> DEBUG : >>>[DB] db_check_success
10:55:53 09280.3198015232> DEBUG : >>>[DB] db_check_success
10:55:58 09280.3198015232> DEBUG : >>>[DB] db_check_success
10:56:03 09280.3198015232> DEBUG : >>>[DB] db_check_success
10:56:08 09280.3198015232> DEBUG : >>>[DB] db_check_success
10:56:13 09280.3198015232> DEBUG : >>>[DB] db_check_success
10:56:18 09280.3198015232> DEBUG : >>>[DB] db_check_success
10:56:23 09280.3198015232> DEBUG : >>>[DB] db_check_success
10:56:28 09280.3198015232> DEBUG : >>>[DB] db_check_success
10:56:33 09280.3198015232> DEBUG : >>>[DB] db_check_success
10:56:38 09280.3198015232> DEBUG : >>>[DB] db_check_success
10:56:50 10101.2762065984> DEBUG : >>>[INIT] success log INIT
11:00:54 10394.2750036032> DEBUG : >>>[INIT] success log INIT
11:00:54 10394.2690803456> DEBUG : >>>[DB] db_check_success
11:00:59 10394.2690803456> DEBUG : >>>[DB] db_check_success
11:01:01 10394.2750036032> DEBUG : >>>[TCP] Client connected.
11:01:04 10394.2690803456> DEBUG : >>>[DB] db_check_success
11:01:06 10394.2750036032> DEBUG : >>>[TCP] Received Message Type: 201, Length: 1, Msg: 
11:01:06 10394.2750036032> DEBUG : >>>[REPLIE] replication_status_success
11:01:09 10394.2690803456> DEBUG : >>>[DB] db_check_success
11:01:14 10394.2690803456> DEBUG : >>>[DB] db_check_success
11:01:19 10394.2690803456> DEBUG : >>>[DB] db_check_success
11:01:24 10394.2690803456> DEBUG : >>>[DB] db_check_success
11:01:29 10394.2690803456> DEBUG : >>>[DB] db_check_success
11:01:34 10394.2690803456> DEBUG : >>>[DB] db_check_success
11:01:39 10394.2690803456> DEBUG : >>>[DB] db_check_success
11:01:44 10394.2690803456> DEBUG : >>>[DB] db_check_success
11:01:49 10394.2690803456> DEBUG : >>>[DB] db_check_success
11:01:54 10394.2690803456> DEBUG : >>>[DB] db_check_success
11:01:59 10394.2690803456> DEBUG : >>>[DB] db_check_success
11:02:04 10394.2690803456> DEBUG : >>>[DB] db_check_success
11:02:04 10394.2750036032> DEBUG : >>>[TCP] Received Message Type: 101, Length: 1, Msg: 
11:02:04 10394.2750036032> DEBUG : >>>[DB] SQL Request :: select * from USER_TB
11:02:04 10394.2750036032> DEBUG : >>>[REPLIE] replication_status_success
11:02:09 10394.2690803456> DEBUG : >>>[DB] db_check_success
11:02:14 10394.2690803456> DEBUG : >>>[DB] db_check_success
11:02:20 10394.2690803456> DEBUG : >>>[DB] db_check_success
11:02:25 10394.2690803456> DEBUG : >>>[DB] db_check_success
11:02:30 10394.2690803456> DEBUG : >>>[DB] db_check_success
11:02:35 10394.2690803456> DEBUG : >>>[DB] db_check_success
11:02:40 10394.2690803456> DEBUG : >>>[DB] db_check_success
11:02:45 10394.2690803456> DEBUG : >>>[DB] db_check_success
11:02:50 10394.2690803456> DEBUG : >>>[DB] db_check_success
11:02:55 10394.2690803456> DEBUG : >>>[DB] db_check_success
11:03:00 10394.2690803456> DEBUG : >>>[DB] db_check_success
11:03:05 10394.2690803456> DEBUG : >>>[DB] db_check_success
11:03:10 10394.2690803456> DEBUG : >>>[DB] db_check_success
11:03:15 10394.2690803456> DEBUG : >>>[DB] db_check_success
11:03:20 10394.2690803456> DEBUG : >>>[DB] db_check_success
11:03:25 10394.2690803456> DEBUG : >>>[DB] db_check_success
11:03:30 10394.2690803456> DEBUG : >>>[DB] db_check_success
11:03:35 10394.2690803456> DEBUG : >>>[DB] db_check_success
11:03:40 10394.2690803456> DEBUG : >>>[DB] db_check_success
11:03:45 10394.2690803456> DEBUG : >>>[DB] db_check_success
11:03:50 10394.2690803456> DEBUG : >>>[DB] db_check_success
11:03:55 10394.2690803456> DEBUG : >>>[DB] db_check_success
11:04:01 10394.2690803456> DEBUG : >>>[DB] db_check_success
11:04:06 10394.2690803456> DEBUG : >>>[DB] db_check_success
11:04:11 10394.2690803456> DEBUG : >>>[DB] db_check_success
11:04:16 10394.2690803456> DEBUG : >>>[DB] db_check_success
11:04:22 10394.2690803456> DEBUG : >>>[DB] db_check_success
11:04:27 10394.2690803456> DEBUG : >>>[DB] db_check_success
11:04:32 10394.2690803456> DEBUG : >>>[DB] db_check_success
11:04:37 10394.2690803456> DEBUG : >>>[DB] db_check_success
11:04:42 10394.2690803456> DEBUG : >>>[DB] db_check_success
11:04:47 10394.2690803456> DEBUG : >>>[DB] db_check_success
11:04:52 10394.2690803456> DEBUG : >>>[DB] db_check_success
11:04:57 10394.2690803456> DEBUG : >>>[DB] db_check_success
11:05:02 10394.2690803456> DEBUG : >>>[DB] db_check_success
11:05:07 10394.2690803456> DEBUG : >>>[DB] db_check_success
11:05:12 10394.2690803456> DEBUG : >>>[DB] db_check_success
11:05:17 10394.2690803456> DEBUG : >>>[DB] db_check_success
11:05:22 10394.2690803456> DEBUG : >>>[DB] db_check_success
11:05:27 10394.2690803456> DEBUG : >>>[DB] db_check_success
11:05:32 10394.2690803456> DEBUG : >>>[DB] db_check_success
11:05:37 10394.2690803456> DEBUG : >>>[DB] db_check_success
11:05:42 10394.2690803456> DEBUG : >>>[DB] db_check_success
11:05:47 10394.2690803456> DEBUG : >>>[DB] db_check_success
11:05:52 10394.2690803456> DEBUG : >>>[DB] db_check_success
11:05:57 10394.2690803456> DEBUG : >>>[DB] db_check_success
11:06:02 10394.2690803456> DEBUG : >>>[DB] db_check_success
11:06:07 10394.2690803456> DEBUG : >>>[DB] db_check_success
11:06:12 10394.2690803456> DEBUG : >>>[DB] db_check_success
11:15:32 12328.3172476992> DEBUG : >>>[INIT] success log INIT
11:15:32 12328.3113244416> DEBUG : >>>[DB] db_check_success
11:15:37 12328.3113244416> DEBUG : >>>[DB] db_check_success
11:15:42 12328.3172476992> DEBUG : >>>[TCP] Client connected.
11:15:42 12328.3113244416> DEBUG : >>>[DB] db_check_success
11:15:43 12328.3172476992> DEBUG : >>>[TCP] Received Message Type: 101, Length: 1, Msg: 
11:15:43 12328.3172476992> DEBUG : >>>[DB] SQL Request :: select * from USER_TB
11:15:43 12328.3172476992> DEBUG : >>>[REPLIE] replication_status_success
11:15:48 12328.3113244416> DEBUG : >>>[DB] db_check_success
11:15:53 12328.3113244416> DEBUG : >>>[DB] db_check_success
11:15:58 12328.3113244416> DEBUG : >>>[DB] db_check_success
11:16:03 12328.3113244416> DEBUG : >>>[DB] db_check_success
11:16:08 12328.3113244416> DEBUG : >>>[DB] db_check_success
11:16:13 12328.3113244416> DEBUG : >>>[DB] db_check_success
11:16:18 12328.3113244416> DEBUG : >>>[DB] db_check_success
11:16:23 12328.3113244416> DEBUG : >>>[DB] db_check_success
11:16:28 12328.3113244416> DEBUG : >>>[DB] db_check_success
11:16:33 12328.3113244416> DEBUG : >>>[DB] db_check_success
11:16:38 12328.3113244416> DEBUG : >>>[DB] db_check_success
11:16:43 12328.3113244416> DEBUG : >>>[DB] db_check_success
11:16:48 12328.3113244416> DEBUG : >>>[DB] db_check_success
11:16:53 12328.3113244416> DEBUG : >>>[DB] db_check_success
11:22:24 12964.4066863168> DEBUG : >>>[INIT] success log INIT
11:22:24 12964.4007630592> DEBUG : >>>[DB] db_check_success
11:22:29 12964.4007630592> DEBUG : >>>[DB] db_check_success
11:22:34 12964.4007630592> DEBUG : >>>[DB] db_check_success
11:22:37 12964.4066863168> DEBUG : >>>[TCP] Client connected.
11:22:39 12964.4007630592> DEBUG : >>>[DB] db_check_success
11:22:39 12964.4066863168> DEBUG : >>>[TCP] Received Message Type: 101, Length: 1, Msg: 
11:22:39 12964.4066863168> DEBUG : >>>[DB] SQL Request :: select * from USER_TB
11:22:39 12964.4066863168> DEBUG : >>>[REPLIE] replication_status_success
11:22:44 12964.4007630592> DEBUG : >>>[DB] db_check_success
11:22:47 12964.4066863168> DEBUG : >>>[TCP] Client disconnected.
11:22:49 12964.4007630592> DEBUG : >>>[DB] db_check_success
11:31:10 13493.3555813440> DEBUG : >>>[INIT] success log INIT
11:31:10 13493.3496580864> DEBUG : >>>[DB] db_check_success
11:31:15 13493.3496580864> DEBUG : >>>[DB] db_check_success
11:31:19 13493.3555813440> DEBUG : >>>[TCP] Client connected.
11:31:20 13493.3496580864> DEBUG : >>>[DB] db_check_success
11:31:22 13493.3555813440> DEBUG : >>>[TCP] Received Message Type: 201, Length: 1, Msg: 
11:31:22 13493.3555813440> DEBUG : >>>[REPLIE] replication_status_success
11:31:25 13493.3496580864> DEBUG : >>>[DB] db_check_success
11:31:30 13493.3496580864> DEBUG : >>>[DB] db_check_success
11:31:35 13493.3496580864> DEBUG : >>>[DB] db_check_success
11:31:40 13493.3496580864> DEBUG : >>>[DB] db_check_success
11:35:04 13767.3194165312> DEBUG : >>>[INIT] success log INIT
11:35:04 13767.3134932736> DEBUG : >>>[DB] db_check_success
11:35:09 13767.3134932736> DEBUG : >>>[DB] db_check_success
11:35:09 13767.3194165312> DEBUG : >>>[TCP] Client connected.
11:35:10 13767.3194165312> DEBUG : >>>[TCP] Received Message Type: 101, Length: 1, Msg: 
11:35:10 13767.3194165312> DEBUG : >>>[DB] SQL Request :: select * from USER_TB
11:35:10 13767.3194165312> DEBUG : >>>[REPLIE] replication_status_success
11:35:12 13767.3194165312> DEBUG : >>>[TCP] Received Message Type: 201, Length: 1, Msg: 
11:35:12 13767.3194165312> DEBUG : >>>[REPLIE] replication_status_success
11:35:14 13767.3134932736> DEBUG : >>>[DB] db_check_success
11:35:14 13767.3194165312> DEBUG : >>>[TCP] Received Message Type: 201, Length: 1, Msg: 
11:35:14 13767.3194165312> DEBUG : >>>[REPLIE] replication_status_success
11:35:19 13767.3134932736> DEBUG : >>>[DB] db_check_success
11:43:50 14077.0545970240> DEBUG : >>>[INIT] success log INIT
11:43:50 14077.0486737664> DEBUG : >>>[DB] db_check_success
11:43:55 14077.0486737664> DEBUG : >>>[DB] db_check_success
11:43:59 14077.0545970240> DEBUG : >>>[TCP] Client connected.
11:44:00 14077.0486737664> DEBUG : >>>[DB] db_check_success
11:44:02 14077.0545970240> DEBUG : >>>[TCP] Received Message Type: 201, Length: 1, Msg: 
11:44:02 14077.0545970240> DEBUG : >>>[REPLIE] replication_status_success
11:44:05 14077.0486737664> DEBUG : >>>[DB] db_check_success
11:44:10 14077.0486737664> DEBUG : >>>[DB] db_check_success
11:44:15 14077.0486737664> DEBUG : >>>[DB] db_check_success
11:44:20 14077.0486737664> DEBUG : >>>[DB] db_check_success
11:44:25 14077.0486737664> DEBUG : >>>[DB] db_check_success
11:44:30 14077.0486737664> DEBUG : >>>[DB] db_check_success
11:44:35 14077.0486737664> DEBUG : >>>[DB] db_check_success
11:44:40 14077.0486737664> DEBUG : >>>[DB] db_check_success
11:44:45 14077.0486737664> DEBUG : >>>[DB] db_check_success
11:44:50 14077.0486737664> DEBUG : >>>[DB] db_check_success
11:44:55 14077.0486737664> DEBUG : >>>[DB] db_check_success
11:45:00 14077.0486737664> DEBUG : >>>[DB] db_check_success
11:45:05 14077.0486737664> DEBUG : >>>[DB] db_check_success
11:45:10 14077.0486737664> DEBUG : >>>[DB] db_check_success
11:45:15 14077.0486737664> DEBUG : >>>[DB] db_check_success
11:45:54 14776.1585973312> DEBUG : >>>[INIT] success log INIT
11:45:59 14818.4191348800> DEBUG : >>>[INIT] success log INIT
11:46:17 14847.3406407744> DEBUG : >>>[INIT] success log INIT
11:46:17 14847.3347175168> DEBUG : >>>[DB] db_check_success
11:46:22 14847.3347175168> DEBUG : >>>[DB] db_check_success
11:46:25 14847.3406407744> DEBUG : >>>[TCP] Client connected.
11:46:27 14847.3347175168> DEBUG : >>>[DB] db_check_success
11:46:28 14847.3406407744> DEBUG : >>>[TCP] Received Message Type: 201, Length: 1, Msg: 
11:46:28 14847.3406407744> DEBUG : >>>[REPLIE] replication_status_success
11:46:32 14847.3347175168> DEBUG : >>>[DB] db_check_success
11:46:37 14847.3347175168> DEBUG : >>>[DB] db_check_success
11:46:42 14847.3347175168> DEBUG : >>>[DB] db_check_success
11:46:47 14847.3347175168> DEBUG : >>>[DB] db_check_success
11:46:52 14847.3347175168> DEBUG : >>>[DB] db_check_success
11:46:57 14847.3347175168> DEBUG : >>>[DB] db_check_success
11:47:02 14847.3347175168> DEBUG : >>>[DB] db_check_success
11:47:08 14847.3347175168> DEBUG : >>>[DB] db_check_success
11:47:13 14847.3347175168> DEBUG : >>>[DB] db_check_success
11:47:18 14847.3347175168> DEBUG : >>>[DB] db_check_success
11:47:23 14847.3347175168> DEBUG : >>>[DB] db_check_success
11:47:28 14847.3347175168> DEBUG : >>>[DB] db_check_success
11:47:33 14847.3347175168> DEBUG : >>>[DB] db_check_success
11:47:38 14847.3347175168> DEBUG : >>>[DB] db_check_success
11:47:43 14847.3347175168> DEBUG : >>>[DB] db_check_success
11:47:48 14847.3347175168> DEBUG : >>>[DB] db_check_success
11:47:53 14847.3347175168> DEBUG : >>>[DB] db_check_success
11:47:58 14847.3347175168> DEBUG : >>>[DB] db_check_success
11:48:03 14847.3347175168> DEBUG : >>>[DB] db_check_success
11:48:08 14847.3347175168> DEBUG : >>>[DB] db_check_success
11:48:13 14847.3347175168> DEBUG : >>>[DB] db_check_success
11:48:18 14847.3347175168> DEBUG : >>>[DB] db_check_success
11:48:23 14847.3347175168> DEBUG : >>>[DB] db_check_success
11:48:28 14847.3347175168> DEBUG : >>>[DB] db_check_success
11:48:33 14847.3347175168> DEBUG : >>>[DB] db_check_success
11:48:38 14847.3347175168> DEBUG : >>>[DB] db_check_success
11:48:44 14847.3347175168> DEBUG : >>>[DB] db_check_success
11:48:49 14847.3347175168> DEBUG : >>>[DB] db_check_success
11:48:54 14847.3347175168> DEBUG : >>>[DB] db_check_success
11:48:59 14847.3347175168> DEBUG : >>>[DB] db_check_success
11:49:04 14847.3347175168> DEBUG : >>>[DB] db_check_success
11:49:09 14847.3347175168> DEBUG : >>>[DB] db_check_success
11:49:14 14847.3347175168> DEBUG : >>>[DB] db_check_success
11:49:19 14847.3347175168> DEBUG : >>>[DB] db_check_success
11:49:24 14847.3347175168> DEBUG : >>>[DB] db_check_success
11:49:29 14847.3347175168> DEBUG : >>>[DB] db_check_success
11:49:34 14847.3347175168> DEBUG : >>>[DB] db_check_success
11:49:39 14847.3347175168> DEBUG : >>>[DB] db_check_success
11:49:44 14847.3347175168> DEBUG : >>>[DB] db_check_success
11:49:49 14847.3347175168> DEBUG : >>>[DB] db_check_success
11:49:54 14847.3347175168> DEBUG : >>>[DB] db_check_success
11:49:59 14847.3347175168> DEBUG : >>>[DB] db_check_success
11:50:04 14847.3347175168> DEBUG : >>>[DB] db_check_success
11:50:09 14847.3347175168> DEBUG : >>>[DB] db_check_success
11:50:14 14847.3347175168> DEBUG : >>>[DB] db_check_success
11:50:19 14847.3347175168> DEBUG : >>>[DB] db_check_success
11:50:24 14847.3347175168> DEBUG : >>>[DB] db_check_success
11:50:29 14847.3347175168> DEBUG : >>>[DB] db_check_success
11:50:34 14847.3347175168> DEBUG : >>>[DB] db_check_success
11:50:39 14847.3347175168> DEBUG : >>>[DB] db_check_success
11:50:44 14847.3347175168> DEBUG : >>>[DB] db_check_success
11:50:48 14847.3406407744> DEBUG : >>>[TCP] Client disconnected.
11:50:49 14847.3347175168> DEBUG : >>>[DB] db_check_success
11:50:54 14847.3347175168> DEBUG : >>>[DB] db_check_success
11:51:00 14847.3347175168> DEBUG : >>>[DB] db_check_success
11:51:05 14847.3347175168> DEBUG : >>>[DB] db_check_success
11:51:10 14847.3347175168> DEBUG : >>>[DB] db_check_success
11:51:15 14847.3347175168> DEBUG : >>>[DB] db_check_success
11:51:20 14847.3347175168> DEBUG : >>>[DB] db_check_success
11:51:25 14847.3347175168> DEBUG : >>>[DB] db_check_success
11:51:30 14847.3347175168> DEBUG : >>>[DB] db_check_success
11:51:35 14847.3347175168> DEBUG : >>>[DB] db_check_success
11:51:40 14847.3347175168> DEBUG : >>>[DB] db_check_success
11:51:45 14847.3347175168> DEBUG : >>>[DB] db_check_success
11:51:50 14847.3347175168> DEBUG : >>>[DB] db_check_success
11:51:55 14847.3347175168> DEBUG : >>>[DB] db_check_success
11:52:00 14847.3347175168> DEBUG : >>>[DB] db_check_success
11:52:05 14847.3347175168> DEBUG : >>>[DB] db_check_success
11:52:10 14847.3347175168> DEBUG : >>>[DB] db_check_success
11:52:15 14847.3347175168> DEBUG : >>>[DB] db_check_success
11:52:20 14847.3347175168> DEBUG : >>>[DB] db_check_success
11:52:25 14847.3347175168> DEBUG : >>>[DB] db_check_success
11:52:30 14847.3347175168> DEBUG : >>>[DB] db_check_success
11:52:35 14847.3347175168> DEBUG : >>>[DB] db_check_success
11:52:40 14847.3347175168> DEBUG : >>>[DB] db_check_success
11:52:45 14847.3347175168> DEBUG : >>>[DB] db_check_success
11:52:50 14847.3347175168> DEBUG : >>>[DB] db_check_success
11:52:55 14847.3347175168> DEBUG : >>>[DB] db_check_success
11:53:01 14847.3347175168> DEBUG : >>>[DB] db_check_success
11:53:06 14847.3347175168> DEBUG : >>>[DB] db_check_success
11:53:11 14847.3347175168> DEBUG : >>>[DB] db_check_success
11:53:16 14847.3347175168> DEBUG : >>>[DB] db_check_success
11:53:21 14847.3347175168> DEBUG : >>>[DB] db_check_success
11:53:26 14847.3347175168> DEBUG : >>>[DB] db_check_success
11:53:31 14847.3347175168> DEBUG : >>>[DB] db_check_success
11:53:36 14847.3347175168> DEBUG : >>>[DB] db_check_success
11:53:41 14847.3347175168> DEBUG : >>>[DB] db_check_success
11:53:46 14847.3347175168> DEBUG : >>>[DB] db_check_success
11:53:51 14847.3347175168> DEBUG : >>>[DB] db_check_success
11:53:56 14847.3347175168> DEBUG : >>>[DB] db_check_success
11:54:01 14847.3347175168> DEBUG : >>>[DB] db_check_success
11:54:06 14847.3347175168> DEBUG : >>>[DB] db_check_success
11:54:11 14847.3347175168> DEBUG : >>>[DB] db_check_success
11:54:16 14847.3347175168> DEBUG : >>>[DB] db_check_success
11:54:21 14847.3347175168> DEBUG : >>>[DB] db_check_success
11:54:26 14847.3347175168> DEBUG : >>>[DB] db_check_success
11:54:31 14847.3347175168> DEBUG : >>>[DB] db_check_success
11:54:36 14847.3347175168> DEBUG : >>>[DB] db_check_success
11:54:41 14847.3347175168> DEBUG : >>>[DB] db_check_success
11:54:46 14847.3347175168> DEBUG : >>>[DB] db_check_success
11:54:51 14847.3347175168> DEBUG : >>>[DB] db_check_success
11:54:57 14847.3347175168> DEBUG : >>>[DB] db_check_success
11:55:02 14847.3347175168> DEBUG : >>>[DB] db_check_success
11:55:07 14847.3347175168> DEBUG : >>>[DB] db_check_success
11:55:13 14847.3347175168> DEBUG : >>>[DB] db_check_success
11:55:18 14847.3347175168> DEBUG : >>>[DB] db_check_success
11:55:23 14847.3347175168> DEBUG : >>>[DB] db_check_success
11:55:28 14847.3347175168> DEBUG : >>>[DB] db_check_success
11:55:37 14847.3347175168> DEBUG : >>>[DB] db_check_success
11:55:42 14847.3347175168> DEBUG : >>>[DB] db_check_success
11:55:47 14847.3347175168> DEBUG : >>>[DB] db_check_success
11:55:52 14847.3347175168> DEBUG : >>>[DB] db_check_success
11:55:57 14847.3347175168> DEBUG : >>>[DB] db_check_success
11:56:02 14847.3347175168> DEBUG : >>>[DB] db_check_success
11:56:07 14847.3347175168> DEBUG : >>>[DB] db_check_success
11:56:12 14847.3347175168> DEBUG : >>>[DB] db_check_success
11:56:17 14847.3347175168> DEBUG : >>>[DB] db_check_success
11:56:22 14847.3347175168> DEBUG : >>>[DB] db_check_success
11:56:27 14847.3347175168> DEBUG : >>>[DB] db_check_success
11:56:32 14847.3347175168> DEBUG : >>>[DB] db_check_success
11:56:37 14847.3347175168> DEBUG : >>>[DB] db_check_success
11:56:42 14847.3347175168> DEBUG : >>>[DB] db_check_success
11:56:47 14847.3347175168> DEBUG : >>>[DB] db_check_success
11:56:52 14847.3347175168> DEBUG : >>>[DB] db_check_success
11:56:58 14847.3347175168> DEBUG : >>>[DB] db_check_success
11:57:03 14847.3347175168> DEBUG : >>>[DB] db_check_success
11:57:08 14847.3347175168> DEBUG : >>>[DB] db_check_success
11:57:13 14847.3347175168> DEBUG : >>>[DB] db_check_success
11:57:16 14847.3406407744> DEBUG : >>>[TCP] Client connected.
11:57:18 14847.3347175168> DEBUG : >>>[DB] db_check_success
11:57:23 14847.3347175168> DEBUG : >>>[DB] db_check_success
11:57:26 14847.3406407744> DEBUG : >>>[TCP] Received Message Type: 201, Length: 1, Msg: 
11:57:26 14847.3406407744> DEBUG : >>>[REPLIE] replication_status_success
11:57:28 14847.3347175168> DEBUG : >>>[DB] db_check_success
11:57:33 14847.3347175168> DEBUG : >>>[DB] db_check_success
11:57:38 14847.3347175168> DEBUG : >>>[DB] db_check_success
11:57:42 14847.3406407744> DEBUG : >>>[TCP] Received Message Type: 101, Length: 1, Msg: 
11:57:42 14847.3406407744> DEBUG : >>>[DB] SQL Request :: select * from USER_TB
11:57:42 14847.3406407744> DEBUG : >>>[REPLIE] replication_status_success
11:57:43 14847.3347175168> DEBUG : >>>[DB] db_check_success
11:57:48 14847.3347175168> DEBUG : >>>[DB] db_check_success
11:57:53 14847.3347175168> DEBUG : >>>[DB] db_check_success
