03:15:14 06452.3347617536> TRACE : >>>[INIT] db_check_success
03:15:19 06452.3347617536> TRACE : >>>[INIT] db_check_success
03:15:24 06452.3347617536> TRACE : >>>[INIT] db_check_success
03:15:29 06452.3347617536> TRACE : >>>[INIT] db_check_success
03:15:34 06452.3347617536> TRACE : >>>[INIT] db_check_success
03:15:39 06452.3347617536> TRACE : >>>[INIT] db_check_success
03:15:44 06452.3347617536> TRACE : >>>[INIT] db_check_success
03:15:49 06452.3347617536> TRACE : >>>[INIT] db_check_success
03:15:54 06452.3347617536> TRACE : >>>[INIT] db_check_success
03:15:59 06452.3347617536> TRACE : >>>[INIT] db_check_success
03:16:05 06452.3347617536> TRACE : >>>[INIT] db_check_success
03:16:10 06452.3347617536> TRACE : >>>[INIT] db_check_success
03:16:15 06452.3347617536> TRACE : >>>[INIT] db_check_success
03:16:20 06452.3347617536> TRACE : >>>[INIT] db_check_success
03:16:25 06452.3347617536> TRACE : >>>[INIT] db_check_success
03:16:30 06452.3347617536> TRACE : >>>[INIT] db_check_success
03:16:35 06452.3347617536> TRACE : >>>[INIT] db_check_success
03:16:40 06452.3347617536> TRACE : >>>[INIT] db_check_success
03:16:45 06452.3347617536> TRACE : >>>[INIT] db_check_success
03:17:03 06525.2634790656> DEBUG : >>>[INIT] db_check_success
03:17:08 06525.2634790656> DEBUG : >>>[INIT] db_check_success
03:17:13 06525.2634790656> DEBUG : >>>[INIT] db_check_success
03:17:24 06525.2634790656> DEBUG : >>>[INIT] db_check_success
03:17:29 06525.2634790656> DEBUG : >>>[INIT] db_check_success
03:17:34 06525.2634790656> DEBUG : >>>[INIT] db_check_success
03:17:39 06525.2634790656> DEBUG : >>>[INIT] db_check_success
03:17:44 06525.2634790656> DEBUG : >>>[INIT] db_check_success
03:17:49 06525.2634790656> DEBUG : >>>[INIT] db_check_success
03:17:54 06525.2634790656> DEBUG : >>>[INIT] db_check_success
03:18:00 06525.2634790656> DEBUG : >>>[INIT] db_check_success
03:18:05 06525.2634790656> DEBUG : >>>[INIT] db_check_success
03:18:10 06525.2634790656> DEBUG : >>>[INIT] db_check_success
03:18:15 06525.2634790656> DEBUG : >>>[INIT] db_check_success
03:18:20 06525.2634790656> DEBUG : >>>[INIT] db_check_success
03:18:25 06525.2634790656> DEBUG : >>>[INIT] db_check_success
03:18:30 06525.2634790656> DEBUG : >>>[INIT] db_check_success
03:18:35 06525.2634790656> DEBUG : >>>[INIT] db_check_success
03:18:40 06525.2634790656> DEBUG : >>>[INIT] db_check_success
03:18:45 06525.2634790656> DEBUG : >>>[INIT] db_check_success
03:18:50 06525.2634790656> DEBUG : >>>[INIT] db_check_success
03:18:55 06525.2634790656> DEBUG : >>>[INIT] db_check_success
03:19:00 06525.2634790656> DEBUG : >>>[INIT] db_check_success
03:19:15 06525.2634790656> DEBUG : >>>[INIT] db_check_success
03:19:20 06525.2634790656> DEBUG : >>>[INIT] db_check_success
03:20:29 06596.3622430784> DEBUG : >>>[INIT] success log INIT
03:20:29 06596.3563058944> DEBUG : >>>[INIT] db_check_success
03:20:34 06596.3563058944> DEBUG : >>>[INIT] db_check_success
03:20:39 06596.3563058944> DEBUG : >>>[INIT] db_check_success
03:20:44 06596.3563058944> DEBUG : >>>[INIT] db_check_success
03:20:51 06596.3563058944> DEBUG : >>>[INIT] db_check_success
03:21:00 06596.3563058944> DEBUG : >>>[INIT] db_check_success
03:21:05 06596.3563058944> DEBUG : >>>[INIT] db_check_success
03:21:10 06596.3563058944> DEBUG : >>>[INIT] db_check_success
03:21:15 06596.3563058944> DEBUG : >>>[INIT] db_check_success
03:21:20 06596.3563058944> DEBUG : >>>[INIT] db_check_success
03:21:25 06596.3563058944> DEBUG : >>>[INIT] db_check_success
03:21:35 06596.3563058944> DEBUG : >>>[INIT] db_check_success
03:21:40 06596.3563058944> DEBUG : >>>[INIT] db_check_success
03:21:45 06596.3563058944> DEBUG : >>>[INIT] db_check_success
03:21:50 06596.3563058944> DEBUG : >>>[INIT] db_check_success
03:21:55 06596.3563058944> DEBUG : >>>[INIT] db_check_success
03:22:00 06596.3563058944> DEBUG : >>>[INIT] db_check_success
03:22:05 06596.3563058944> DEBUG : >>>[INIT] db_check_success
03:22:10 06596.3563058944> DEBUG : >>>[INIT] db_check_success
03:22:15 06596.3563058944> DEBUG : >>>[INIT] db_check_success
03:22:20 06596.3563058944> DEBUG : >>>[INIT] db_check_success
03:22:25 06596.3563058944> DEBUG : >>>[INIT] db_check_success
03:22:31 06596.3563058944> DEBUG : >>>[INIT] db_check_success
03:22:40 06596.3563058944> DEBUG : >>>[INIT] db_check_success
03:22:45 06596.3563058944> DEBUG : >>>[INIT] db_check_success
03:29:44 06674.1545001024> DEBUG : >>>[INIT] success log INIT
03:29:44 06674.1485629184> DEBUG : >>>[DB] db_check_success
03:29:49 06674.1485629184> DEBUG : >>>[DB] db_check_success
03:29:54 06674.1485629184> DEBUG : >>>[DB] db_check_success
03:29:59 06674.1485629184> DEBUG : >>>[DB] db_check_success
03:30:04 06674.1485629184> DEBUG : >>>[DB] db_check_success
03:30:09 06674.1485629184> DEBUG : >>>[DB] db_check_success
03:30:14 06674.1485629184> DEBUG : >>>[DB] db_check_success
03:30:19 06674.1485629184> DEBUG : >>>[DB] db_check_success
03:30:25 06674.1485629184> DEBUG : >>>[DB] db_check_success
03:30:30 06674.1485629184> DEBUG : >>>[DB] db_check_success
03:30:35 06674.1485629184> DEBUG : >>>[DB] db_check_success
03:30:40 06674.1485629184> DEBUG : >>>[DB] db_check_success
03:30:45 06674.1485629184> DEBUG : >>>[DB] db_check_success
03:30:50 06674.1485629184> DEBUG : >>>[DB] db_check_success
03:30:55 06674.1485629184> DEBUG : >>>[DB] db_check_success
03:31:00 06674.1485629184> DEBUG : >>>[DB] db_check_success
03:31:15 06674.1485629184> DEBUG : >>>[DB] db_check_success
03:31:20 06674.1485629184> DEBUG : >>>[DB] db_check_success
03:32:58 06739.4204496960> DEBUG : >>>[INIT] success log INIT
03:32:58 06739.4145125120> DEBUG : >>>[DB] db_check_success
03:33:03 06739.4145125120> DEBUG : >>>[DB] db_check_success
03:33:08 06739.4145125120> DEBUG : >>>[DB] db_check_success
03:33:13 06739.4145125120> DEBUG : >>>[DB] DB02 IS DOWN
03:33:18 06739.4145125120> DEBUG : >>>[DB] DB02 IS DOWN
03:33:23 06739.4145125120> DEBUG : >>>[DB] DB02 IS DOWN
03:33:38 06739.4145125120> DEBUG : >>>[DB] db_check_success
03:33:43 06739.4145125120> DEBUG : >>>[DB] db_check_success
03:33:49 06739.4145125120> DEBUG : >>>[DB] db_check_success
03:34:00 06748.1710999616> DEBUG : >>>[INIT] success log INIT
03:34:00 06748.1651627776> DEBUG : >>>[DB] db_check_success
04:21:43 07541.2501945408> DEBUG : >>>[INIT] success log INIT
04:21:43 07541.2442573568> DEBUG : >>>[DB] db_check_success
04:21:48 07541.2442573568> DEBUG : >>>[DB] db_check_success
04:21:53 07541.2442573568> DEBUG : >>>[DB] db_check_success
04:21:58 07541.2442573568> DEBUG : >>>[DB] db_check_success
04:22:03 07541.2442573568> DEBUG : >>>[DB] db_check_success
04:22:08 07541.2442573568> DEBUG : >>>[DB] db_check_success
04:22:13 07541.2442573568> DEBUG : >>>[DB] db_check_success
04:22:18 07541.2442573568> DEBUG : >>>[DB] db_check_success
04:22:23 07541.2442573568> DEBUG : >>>[DB] db_check_success
04:22:28 07541.2442573568> DEBUG : >>>[DB] db_check_success
04:22:33 07541.2442573568> DEBUG : >>>[DB] db_check_success
04:22:39 07541.2442573568> DEBUG : >>>[DB] db_check_success
04:22:46 07541.2442573568> DEBUG : >>>[DB] db_check_success
04:23:08 07549.2542614592> DEBUG : >>>[INIT] success log INIT
04:23:09 07549.2483242752> DEBUG : >>>[DB] db_check_success
04:23:14 07549.2483242752> DEBUG : >>>[DB] db_check_success
04:23:19 07549.2483242752> DEBUG : >>>[DB] db_check_success
04:23:24 07549.2483242752> DEBUG : >>>[DB] db_check_success
04:23:29 07549.2483242752> DEBUG : >>>[DB] db_check_success
04:23:34 07549.2483242752> DEBUG : >>>[DB] db_check_success
04:23:39 07549.2483242752> DEBUG : >>>[DB] db_check_success
04:23:44 07549.2483242752> DEBUG : >>>[DB] db_check_success
04:23:49 07549.2483242752> DEBUG : >>>[DB] DB02 IS DOWN
04:23:54 07549.2483242752> DEBUG : >>>[DB] DB02 IS DOWN
04:23:59 07549.2483242752> DEBUG : >>>[DB] DB02 IS DOWN
04:24:04 07549.2483242752> DEBUG : >>>[DB] DB02 IS DOWN
04:24:12 07549.2483242752> DEBUG : >>>[DB] DB02 IS DOWN
04:24:27 07549.2483242752> DEBUG : >>>[DB] db_check_success
04:24:32 07549.2483242752> DEBUG : >>>[DB] db_check_success
04:24:37 07549.2483242752> DEBUG : >>>[DB] db_check_success
04:24:42 07549.2483242752> DEBUG : >>>[DB] db_check_success
04:24:47 07549.2483242752> DEBUG : >>>[DB] db_check_success
04:24:52 07549.2483242752> DEBUG : >>>[DB] db_check_success
04:24:57 07549.2483242752> DEBUG : >>>[DB] db_check_success
04:25:02 07549.2483242752> DEBUG : >>>[DB] db_check_success
04:25:07 07549.2483242752> DEBUG : >>>[DB] db_check_success
04:25:12 07549.2483242752> DEBUG : >>>[DB] db_check_success
04:25:17 07549.2483242752> DEBUG : >>>[DB] db_check_success
04:25:22 07549.2483242752> DEBUG : >>>[DB] db_check_success
04:25:28 07549.2483242752> DEBUG : >>>[DB] db_check_success
04:25:33 07549.2483242752> DEBUG : >>>[DB] db_check_success
04:25:38 07549.2483242752> DEBUG : >>>[DB] db_check_success
04:25:43 07549.2483242752> DEBUG : >>>[DB] db_check_success
04:25:50 07549.2483242752> DEBUG : >>>[DB] db_check_success
04:25:55 07549.2483242752> DEBUG : >>>[DB] db_check_success
04:26:01 07549.2483242752> DEBUG : >>>[DB] db_check_success
04:26:11 07549.2483242752> DEBUG : >>>[DB] db_check_success
04:26:16 07549.2483242752> DEBUG : >>>[DB] db_check_success
04:26:21 07549.2483242752> DEBUG : >>>[DB] db_check_success
04:26:26 07549.2483242752> DEBUG : >>>[DB] db_check_success
04:26:31 07549.2483242752> DEBUG : >>>[DB] db_check_success
04:26:36 07549.2483242752> DEBUG : >>>[DB] db_check_success
04:26:41 07549.2483242752> DEBUG : >>>[DB] db_check_success
04:26:46 07549.2483242752> DEBUG : >>>[DB] db_check_success
04:26:51 07549.2483242752> DEBUG : >>>[DB] db_check_success
04:26:56 07549.2483242752> DEBUG : >>>[DB] db_check_success
04:27:01 07549.2483242752> DEBUG : >>>[DB] db_check_success
04:27:06 07549.2483242752> DEBUG : >>>[DB] db_check_success
04:27:11 07549.2483242752> DEBUG : >>>[DB] db_check_success
04:27:16 07549.2483242752> DEBUG : >>>[DB] db_check_success
04:32:43 07626.0062597184> DEBUG : >>>[INIT] success log INIT
04:32:43 07626.0003225344> DEBUG : >>>[DB] db_check_success
04:32:48 07626.0003225344> DEBUG : >>>[DB] db_check_success
04:32:53 07626.0003225344> DEBUG : >>>[DB] db_check_success
04:32:58 07626.0003225344> DEBUG : >>>[DB] db_check_success
04:33:03 07626.0003225344> DEBUG : >>>[DB] db_check_success
04:33:08 07626.0003225344> DEBUG : >>>[DB] db_check_success
04:33:13 07626.0003225344> DEBUG : >>>[DB] db_check_success
04:33:18 07626.0003225344> DEBUG : >>>[DB] db_check_success
04:33:23 07626.0003225344> DEBUG : >>>[DB] db_check_success
04:33:28 07626.0003225344> DEBUG : >>>[DB] db_check_success
04:33:33 07626.0003225344> DEBUG : >>>[DB] db_check_success
04:33:38 07626.0003225344> DEBUG : >>>[DB] db_check_success
04:33:44 07626.0003225344> DEBUG : >>>[DB] db_check_success
04:33:52 07626.0003225344> DEBUG : >>>[DB] db_check_success
04:33:59 07626.0003225344> DEBUG : >>>[DB] db_check_success
04:34:05 07626.0003225344> DEBUG : >>>[DB] db_check_success
04:34:10 07626.0003225344> DEBUG : >>>[DB] db_check_success
04:34:15 07626.0003225344> DEBUG : >>>[DB] db_check_success
04:34:20 07626.0003225344> DEBUG : >>>[DB] db_check_success
04:34:25 07626.0003225344> DEBUG : >>>[DB] db_check_success
04:34:30 07626.0003225344> DEBUG : >>>[DB] db_check_success
04:34:35 07626.0003225344> DEBUG : >>>[DB] db_check_success
04:34:40 07626.0003225344> DEBUG : >>>[DB] db_check_success
04:34:45 07626.0003225344> DEBUG : >>>[DB] db_check_success
04:34:50 07626.0003225344> DEBUG : >>>[DB] db_check_success
04:34:55 07626.0003225344> DEBUG : >>>[DB] db_check_success
04:35:00 07626.0003225344> DEBUG : >>>[DB] db_check_success
04:35:05 07626.0003225344> DEBUG : >>>[DB] db_check_success
04:35:10 07626.0003225344> DEBUG : >>>[DB] db_check_success
04:35:15 07626.0003225344> DEBUG : >>>[DB] db_check_success
04:35:20 07626.0003225344> DEBUG : >>>[DB] db_check_success
04:35:25 07626.0003225344> DEBUG : >>>[DB] db_check_success
04:35:34 07626.0003225344> DEBUG : >>>[DB] db_check_success
04:35:39 07626.0003225344> DEBUG : >>>[DB] db_check_success
04:35:44 07626.0003225344> DEBUG : >>>[DB] db_check_success
04:35:49 07626.0003225344> DEBUG : >>>[DB] db_check_success
04:35:54 07626.0003225344> DEBUG : >>>[DB] db_check_success
04:36:13 07672.1833211968> DEBUG : >>>[INIT] success log INIT
04:36:13 07672.1773840128> DEBUG : >>>[DB] db_check_success
04:36:19 07672.1773840128> DEBUG : >>>[DB] db_check_success
04:36:24 07672.1773840128> DEBUG : >>>[DB] db_check_success
04:36:30 07672.1773840128> DEBUG : >>>[DB] db_check_success
04:36:35 07672.1773840128> DEBUG : >>>[DB] db_check_success
04:36:40 07672.1773840128> DEBUG : >>>[DB] db_check_success
04:36:45 07672.1773840128> DEBUG : >>>[DB] db_check_success
04:36:50 07672.1773840128> DEBUG : >>>[DB] db_check_success
04:36:55 07672.1773840128> DEBUG : >>>[DB] db_check_success
04:37:00 07672.1773840128> DEBUG : >>>[DB] db_check_success
04:37:07 07672.1773840128> DEBUG : >>>[DB] db_check_success
04:37:12 07672.1773840128> DEBUG : >>>[DB] db_check_success
04:37:17 07672.1773840128> DEBUG : >>>[DB] db_check_success
04:37:26 07672.1773840128> DEBUG : >>>[DB] db_check_success
04:37:31 07672.1773840128> DEBUG : >>>[DB] db_check_success
04:37:40 07672.1773840128> DEBUG : >>>[DB] db_check_success
04:37:45 07672.1773840128> DEBUG : >>>[DB] db_check_success
04:37:50 07672.1773840128> DEBUG : >>>[DB] db_check_success
04:37:55 07672.1773840128> DEBUG : >>>[DB] db_check_success
04:38:00 07672.1773840128> DEBUG : >>>[DB] db_check_success
04:38:05 07672.1773840128> DEBUG : >>>[DB] db_check_success
04:38:10 07672.1773840128> DEBUG : >>>[DB] DB02 IS DOWN
04:38:15 07672.1773840128> DEBUG : >>>[DB] DB02 IS DOWN
04:38:20 07672.1773840128> DEBUG : >>>[DB] DB02 IS DOWN
04:38:25 07672.1773840128> DEBUG : >>>[DB] DB02 IS DOWN
04:38:30 07672.1773840128> DEBUG : >>>[DB] DB02 IS DOWN
04:38:35 07672.1773840128> DEBUG : >>>[DB] DB02 IS DOWN
04:38:40 07672.1773840128> DEBUG : >>>[DB] DB02 IS DOWN
04:38:45 07672.1773840128> DEBUG : >>>[DB] DB02 IS DOWN
04:39:00 07672.1773840128> DEBUG : >>>[DB] db_check_success
04:39:09 07672.1773840128> DEBUG : >>>[DB] db_check_success
04:39:14 07672.1773840128> DEBUG : >>>[DB] db_check_success
06:00:22 08589.0078145600> DEBUG : >>>[INIT] success log INIT
06:00:22 08589.0018773760> DEBUG : >>>[DB] db_check_success
06:00:27 08589.0018773760> DEBUG : >>>[DB] db_check_success
06:00:32 08589.0018773760> DEBUG : >>>[DB] db_check_success
06:00:37 08589.0018773760> DEBUG : >>>[DB] db_check_success
06:00:42 08589.0018773760> DEBUG : >>>[DB] db_check_success
06:00:47 08589.0018773760> DEBUG : >>>[DB] db_check_success
06:00:52 08589.0018773760> DEBUG : >>>[DB] db_check_success
06:00:57 08589.0018773760> DEBUG : >>>[DB] db_check_success
06:01:02 08589.0018773760> DEBUG : >>>[DB] db_check_success
06:01:07 08589.0018773760> DEBUG : >>>[DB] db_check_success
06:01:12 08589.0018773760> DEBUG : >>>[DB] db_check_success
06:01:17 08589.0018773760> DEBUG : >>>[DB] db_check_success
06:01:22 08589.0018773760> DEBUG : >>>[DB] db_check_success
06:01:27 08589.0018773760> DEBUG : >>>[DB] db_check_success
06:01:33 08589.0018773760> DEBUG : >>>[DB] db_check_success
06:01:38 08589.0018773760> DEBUG : >>>[DB] db_check_success
06:01:43 08589.0018773760> DEBUG : >>>[DB] db_check_success
06:01:48 08589.0018773760> DEBUG : >>>[DB] db_check_success
06:01:53 08589.0018773760> DEBUG : >>>[DB] db_check_success
06:01:58 08589.0018773760> DEBUG : >>>[DB] db_check_success
06:02:03 08589.0018773760> DEBUG : >>>[DB] db_check_success
06:02:10 08589.0018773760> DEBUG : >>>[DB] db_check_success
06:02:15 08589.0018773760> DEBUG : >>>[DB] db_check_success
06:02:20 08589.0018773760> DEBUG : >>>[DB] db_check_success
06:02:29 08589.0018773760> DEBUG : >>>[DB] db_check_success
06:02:34 08589.0018773760> DEBUG : >>>[DB] db_check_success
06:02:39 08589.0018773760> DEBUG : >>>[DB] db_check_success
06:02:44 08589.0018773760> DEBUG : >>>[DB] db_check_success
06:02:49 08589.0018773760> DEBUG : >>>[DB] db_check_success
06:02:54 08589.0018773760> DEBUG : >>>[DB] DB02 IS DOWN
06:03:05 08589.0018773760> DEBUG : >>>[DB] DB02 IS DOWN
06:03:10 08589.0018773760> DEBUG : >>>[DB] DB02 IS DOWN
06:03:15 08589.0018773760> DEBUG : >>>[DB] DB02 IS DOWN
06:03:20 08589.0018773760> DEBUG : >>>[DB] DB02 IS DOWN
06:03:35 08589.0018773760> DEBUG : >>>[DB] db_check_success
06:03:40 08589.0018773760> DEBUG : >>>[DB] db_check_success
06:03:45 08589.0018773760> DEBUG : >>>[DB] db_check_success
06:03:50 08589.0018773760> DEBUG : >>>[DB] db_check_success
06:03:55 08589.0018773760> DEBUG : >>>[DB] db_check_success
06:04:00 08589.0018773760> DEBUG : >>>[DB] db_check_success
06:04:05 08589.0018773760> DEBUG : >>>[DB] db_check_success
06:04:10 08589.0018773760> DEBUG : >>>[DB] db_check_success
06:04:15 08589.0018773760> DEBUG : >>>[DB] db_check_success
06:04:20 08589.0018773760> DEBUG : >>>[DB] db_check_success
06:04:26 08589.0018773760> DEBUG : >>>[DB] db_check_success
06:04:31 08589.0018773760> DEBUG : >>>[DB] db_check_success
06:04:36 08589.0018773760> DEBUG : >>>[DB] db_check_success
06:04:41 08589.0018773760> DEBUG : >>>[DB] db_check_success
06:04:46 08589.0018773760> DEBUG : >>>[DB] db_check_success
06:04:51 08589.0018773760> DEBUG : >>>[DB] db_check_success
06:04:56 08589.0018773760> DEBUG : >>>[DB] db_check_success
06:05:01 08589.0018773760> DEBUG : >>>[DB] db_check_success
06:05:07 08589.0018773760> DEBUG : >>>[DB] db_check_success
06:05:12 08589.0018773760> DEBUG : >>>[DB] db_check_success
06:05:17 08589.0018773760> DEBUG : >>>[DB] db_check_success
06:05:22 08589.0018773760> DEBUG : >>>[DB] db_check_success
06:05:27 08589.0018773760> DEBUG : >>>[DB] db_check_success
06:05:32 08589.0018773760> DEBUG : >>>[DB] db_check_success
06:05:37 08589.0018773760> DEBUG : >>>[DB] db_check_success
06:05:42 08589.0018773760> DEBUG : >>>[DB] db_check_success
06:05:47 08589.0018773760> DEBUG : >>>[DB] db_check_success
06:05:52 08589.0018773760> DEBUG : >>>[DB] db_check_success
06:05:57 08589.0018773760> DEBUG : >>>[DB] db_check_success
06:06:03 08589.0018773760> DEBUG : >>>[DB] db_check_success
06:06:08 08589.0018773760> DEBUG : >>>[DB] db_check_success
06:06:13 08589.0018773760> DEBUG : >>>[DB] db_check_success
06:06:18 08589.0018773760> DEBUG : >>>[DB] db_check_success
06:06:23 08589.0018773760> DEBUG : >>>[DB] db_check_success
06:06:28 08589.0018773760> DEBUG : >>>[DB] db_check_success
06:06:33 08589.0018773760> DEBUG : >>>[DB] db_check_success
06:06:38 08589.0018773760> DEBUG : >>>[DB] db_check_success
06:06:43 08589.0018773760> DEBUG : >>>[DB] db_check_success
06:41:39 09035.4044965952> DEBUG : >>>[INIT] success log INIT
06:41:39 09035.3985594112> DEBUG : >>>[DB] db_check_success
06:41:45 09035.3985594112> DEBUG : >>>[DB] db_check_success
06:41:50 09035.3985594112> DEBUG : >>>[DB] db_check_success
06:41:55 09035.3985594112> DEBUG : >>>[DB] db_check_success
06:42:00 09035.3985594112> DEBUG : >>>[DB] db_check_success
06:42:05 09035.3985594112> DEBUG : >>>[DB] db_check_success
06:42:10 09035.3985594112> DEBUG : >>>[DB] db_check_success
06:42:15 09035.3985594112> DEBUG : >>>[DB] db_check_success
06:42:20 09035.3985594112> DEBUG : >>>[DB] db_check_success
06:42:25 09035.3985594112> DEBUG : >>>[DB] db_check_success
06:42:30 09035.3985594112> DEBUG : >>>[DB] db_check_success
06:42:35 09035.3985594112> DEBUG : >>>[DB] db_check_success
06:42:40 09035.3985594112> DEBUG : >>>[DB] db_check_success
06:42:45 09035.3985594112> DEBUG : >>>[DB] db_check_success
06:42:51 09035.3985594112> DEBUG : >>>[DB] db_check_success
06:42:56 09035.3985594112> DEBUG : >>>[DB] db_check_success
06:43:01 09035.3985594112> DEBUG : >>>[DB] db_check_success
06:43:06 09035.3985594112> DEBUG : >>>[DB] DB01 IS DOWN
06:43:11 09035.3985594112> DEBUG : >>>[DB] DB01 IS DOWN
06:43:16 09035.3985594112> DEBUG : >>>[DB] DB01 IS DOWN
06:43:21 09035.3985594112> DEBUG : >>>[DB] DB01 IS DOWN
06:43:26 09035.3985594112> DEBUG : >>>[DB] DB01 IS DOWN
06:43:31 09035.3985594112> DEBUG : >>>[DB] DB01 IS DOWN
06:43:38 09035.3985594112> DEBUG : >>>[DB] DB01 IS DOWN
06:43:43 09035.3985594112> DEBUG : >>>[DB] DB01 IS DOWN
06:43:48 09035.3985594112> DEBUG : >>>[DB] DB01 IS DOWN
06:43:54 09035.3985594112> DEBUG : >>>[DB] DB01 IS DOWN
06:43:59 09035.3985594112> DEBUG : >>>[DB] db_check_success
06:44:04 09035.3985594112> DEBUG : >>>[DB] db_check_success
06:44:09 09035.3985594112> DEBUG : >>>[DB] db_check_success
06:44:14 09035.3985594112> DEBUG : >>>[DB] db_check_success
06:45:05 09150.1498404928> DEBUG : >>>[INIT] success log INIT
06:45:05 09150.1439033088> DEBUG : >>>[DB] db_check_success
06:45:10 09150.1439033088> DEBUG : >>>[DB] db_check_success
06:45:16 09150.1439033088> DEBUG : >>>[DB] db_check_success
06:45:21 09150.1439033088> DEBUG : >>>[DB] db_check_success
06:45:26 09150.1439033088> DEBUG : >>>[DB] db_check_success
06:45:31 09150.1439033088> DEBUG : >>>[DB] db_check_success
06:45:36 09150.1439033088> DEBUG : >>>[DB] db_check_success
06:45:41 09150.1439033088> DEBUG : >>>[DB] db_check_success
06:48:06 09188.0713132096> DEBUG : >>>[INIT] success log INIT
06:48:06 09188.0653760256> DEBUG : >>>[DB] db_check_success
06:48:11 09188.0653760256> DEBUG : >>>[DB] db_check_success
06:48:16 09188.0653760256> DEBUG : >>>[DB] db_check_success
06:48:21 09188.0653760256> DEBUG : >>>[DB] db_check_success
06:51:44 09204.3840104512> DEBUG : >>>[INIT] success log INIT
06:51:45 09204.3780732672> DEBUG : >>>[DB] db_check_success
06:51:50 09204.3780732672> DEBUG : >>>[DB] db_check_success
06:51:55 09204.3780732672> DEBUG : >>>[DB] db_check_success
06:52:00 09204.3780732672> DEBUG : >>>[DB] db_check_success
06:52:05 09204.3780732672> DEBUG : >>>[DB] db_check_success
06:53:33 09233.0176109632> DEBUG : >>>[INIT] success log INIT
06:53:33 09233.0116737792> DEBUG : >>>[DB] db_check_success
06:53:38 09233.0116737792> DEBUG : >>>[DB] db_check_success
06:53:43 09233.0116737792> DEBUG : >>>[DB] db_check_success
06:53:48 09233.0116737792> DEBUG : >>>[DB] db_check_success
06:53:53 09233.0116737792> DEBUG : >>>[DB] db_check_success
06:55:01 09245.3261425728> DEBUG : >>>[INIT] success log INIT
06:55:02 09245.3202053888> DEBUG : >>>[DB] db_check_success
06:55:07 09245.3202053888> DEBUG : >>>[DB] db_check_success
06:55:12 09245.3202053888> DEBUG : >>>[DB] db_check_success
06:55:17 09245.3202053888> DEBUG : >>>[DB] db_check_success
06:55:22 09245.3202053888> DEBUG : >>>[DB] db_check_success
06:55:27 09245.3202053888> DEBUG : >>>[DB] db_check_success
06:55:32 09245.3202053888> DEBUG : >>>[DB] DB01 IS DOWN
06:55:37 09245.3202053888> DEBUG : >>>[DB] DB01 IS DOWN
06:55:42 09245.3202053888> DEBUG : >>>[DB] DB01 IS DOWN
06:55:47 09245.3202053888> DEBUG : >>>[DB] DB01 IS DOWN
06:55:52 09245.3202053888> DEBUG : >>>[DB] DB01 IS DOWN
06:55:57 09245.3202053888> DEBUG : >>>[DB] DB01 IS DOWN
06:56:02 09245.3202053888> DEBUG : >>>[DB] DB01 IS DOWN
06:56:07 09245.3202053888> DEBUG : >>>[DB] DB01 IS DOWN
06:56:12 09245.3202053888> DEBUG : >>>[DB] DB01 IS DOWN
06:56:17 09245.3202053888> DEBUG : >>>[DB] db_check_success
06:56:22 09245.3202053888> DEBUG : >>>[DB] db_check_success
06:56:27 09245.3202053888> DEBUG : >>>[DB] db_check_success
06:56:32 09245.3202053888> DEBUG : >>>[DB] db_check_success
06:56:37 09245.3202053888> DEBUG : >>>[DB] DB02 IS DOWN
06:56:42 09245.3202053888> DEBUG : >>>[DB] DB02 IS DOWN
06:56:47 09245.3202053888> DEBUG : >>>[DB] DB02 IS DOWN
07:00:11 09385.2322458688> DEBUG : >>>[INIT] success log INIT
07:00:11 09385.2263086848> DEBUG : >>>[DB] DB02 IS DOWN
07:00:16 09385.2263086848> DEBUG : >>>[DB] DB02 IS DOWN
07:00:21 09385.2263086848> DEBUG : >>>[DB] DB02 IS DOWN
07:00:26 09385.2263086848> DEBUG : >>>[DB] DB02 IS DOWN
07:00:31 09385.2263086848> DEBUG : >>>[DB] DB02 IS DOWN
07:00:36 09385.2263086848> DEBUG : >>>[DB] DB02 IS DOWN
07:00:41 09385.2263086848> DEBUG : >>>[DB] DB02 IS DOWN
07:00:46 09385.2263086848> DEBUG : >>>[DB] DB02 IS DOWN
07:01:34 09426.3319695424> DEBUG : >>>[INIT] success log INIT
07:01:45 09426.3260323584> DEBUG : >>>[DB] db_check_success
07:01:55 09426.3260323584> DEBUG : >>>[DB] db_check_success
07:02:00 09426.3260323584> DEBUG : >>>[DB] db_check_success
07:02:05 09426.3260323584> DEBUG : >>>[DB] db_check_success
07:02:10 09426.3260323584> DEBUG : >>>[DB] db_check_success
07:02:15 09426.3260323584> DEBUG : >>>[DB] db_check_success
07:02:20 09426.3260323584> DEBUG : >>>[DB] db_check_success
07:02:25 09426.3260323584> DEBUG : >>>[DB] DB01 IS DOWN
07:02:34 09426.3260323584> DEBUG : >>>[DB] DB01 IS DOWN
07:02:39 09426.3260323584> DEBUG : >>>[DB] DB01 IS DOWN
07:02:44 09426.3260323584> DEBUG : >>>[DB] DB01 IS DOWN
07:02:49 09426.3260323584> DEBUG : >>>[DB] DB01 IS DOWN
07:02:54 09426.3260323584> DEBUG : >>>[DB] DB01 IS DOWN
07:02:59 09426.3260323584> DEBUG : >>>[DB] DB01 IS DOWN
07:03:04 09426.3260323584> DEBUG : >>>[DB] DB01 IS DOWN
07:03:09 09426.3260323584> DEBUG : >>>[DB] DB01 IS DOWN
07:03:16 09426.3260323584> DEBUG : >>>[DB] DB01 IS DOWN
07:03:21 09426.3260323584> DEBUG : >>>[DB] DB01 IS DOWN
07:18:58 09702.1460963392> DEBUG : >>>[INIT] success log INIT
07:18:58 09702.1401591552> DEBUG : >>>[DB] db_check_success
07:19:03 09702.1401591552> DEBUG : >>>[DB] db_check_success
07:19:08 09702.1401591552> DEBUG : >>>[DB] db_check_success
07:19:14 09702.1401591552> DEBUG : >>>[DB] db_check_success
07:19:19 09702.1401591552> DEBUG : >>>[DB] db_check_success
07:19:26 09702.1401591552> DEBUG : >>>[DB] db_check_success
07:19:31 09702.1401591552> DEBUG : >>>[DB] db_check_success
07:19:36 09702.1401591552> DEBUG : >>>[DB] db_check_success
07:19:41 09702.1401591552> DEBUG : >>>[DB] DB01 IS DOWN
07:19:47 09702.1401591552> DEBUG : >>>[DB] DB01 IS DOWN
07:19:52 09702.1401591552> DEBUG : >>>[DB] DB01 IS DOWN
07:19:59 09702.1401591552> DEBUG : >>>[DB] DB01 IS DOWN
07:20:06 09702.1401591552> DEBUG : >>>[DB] DB01 IS DOWN
07:20:11 09702.1401591552> DEBUG : >>>[DB] DB01 IS DOWN
07:20:17 09702.1401591552> DEBUG : >>>[DB] DB01 IS DOWN
07:20:22 09702.1401591552> DEBUG : >>>[DB] DB01 IS DOWN
07:20:27 09702.1401591552> DEBUG : >>>[DB] DB01 IS DOWN
07:20:32 09702.1401591552> DEBUG : >>>[DB] DB01 IS DOWN
07:20:39 09702.1401591552> DEBUG : >>>[DB] DB01 IS DOWN
07:20:44 09702.1401591552> DEBUG : >>>[DB] DB01 IS DOWN
07:20:49 09702.1401591552> DEBUG : >>>[DB] DB01 IS DOWN
07:20:54 09702.1401591552> DEBUG : >>>[DB] DB01 IS DOWN
07:20:59 09702.1401591552> DEBUG : >>>[DB] DB01 IS DOWN
07:21:04 09702.1401591552> DEBUG : >>>[DB] DB01 IS DOWN
07:21:09 09702.1401591552> DEBUG : >>>[DB] DB01 IS DOWN
07:21:14 09702.1401591552> DEBUG : >>>[DB] DB01 IS DOWN
07:21:19 09702.1401591552> DEBUG : >>>[DB] DB01 IS DOWN
07:21:24 09702.1401591552> DEBUG : >>>[DB] DB01 IS DOWN
07:21:29 09702.1401591552> DEBUG : >>>[DB] DB01 IS DOWN
07:21:46 09702.1401591552> DEBUG : >>>[DB] DB01 IS DOWN
07:21:51 09702.1401591552> DEBUG : >>>[DB] db_check_success
07:21:56 09702.1401591552> DEBUG : >>>[DB] db_check_success
07:22:01 09702.1401591552> DEBUG : >>>[DB] db_check_success
07:22:06 09702.1401591552> DEBUG : >>>[DB] db_check_success
07:22:11 09702.1401591552> DEBUG : >>>[DB] db_check_success
07:22:16 09702.1401591552> DEBUG : >>>[DB] db_check_success
07:22:24 09702.1401591552> DEBUG : >>>[DB] db_check_success
07:22:29 09702.1401591552> DEBUG : >>>[DB] db_check_success
07:22:34 09702.1401591552> DEBUG : >>>[DB] db_check_success
07:29:12 09865.4238305344> DEBUG : >>>[INIT] success log INIT
07:29:12 09865.4178933504> DEBUG : >>>[DB] db_check_success
07:30:21 09888.2566670400> DEBUG : >>>[INIT] success log INIT
07:30:21 09888.2507298560> DEBUG : >>>[DB] db_check_success
07:30:26 09888.2507298560> DEBUG : >>>[DB] db_check_success
07:30:31 09888.2507298560> DEBUG : >>>[DB] db_check_success
07:30:36 09888.2507298560> DEBUG : >>>[DB] db_check_success
07:30:41 09888.2507298560> DEBUG : >>>[DB] db_check_success
07:30:46 09888.2507298560> DEBUG : >>>[DB] ALL DB IS DOWN
07:30:51 09888.2507298560> DEBUG : >>>[DB] ALL DB IS DOWN
07:30:56 09888.2507298560> DEBUG : >>>[DB] ALL DB IS DOWN
07:31:01 09888.2507298560> DEBUG : >>>[DB] ALL DB IS DOWN
07:31:06 09888.2507298560> DEBUG : >>>[DB] ALL DB IS DOWN
07:31:11 09888.2507298560> DEBUG : >>>[DB] ALL DB IS DOWN
07:31:16 09888.2507298560> DEBUG : >>>[DB] ALL DB IS DOWN
07:31:21 09888.2507298560> DEBUG : >>>[DB] ALL DB IS DOWN
07:31:38 09888.2507298560> DEBUG : >>>[DB] ALL DB IS DOWN
07:31:43 09888.2507298560> DEBUG : >>>[DB] ALL DB IS DOWN
07:31:48 09888.2507298560> DEBUG : >>>[DB] ALL DB IS DOWN
07:31:53 09888.2507298560> DEBUG : >>>[DB] ALL DB IS DOWN
07:31:58 09888.2507298560> DEBUG : >>>[DB] db_check_success
07:32:03 09888.2507298560> DEBUG : >>>[DB] db_check_success
07:32:08 09888.2507298560> DEBUG : >>>[DB] db_check_success
07:35:51 10031.2468808768> DEBUG : >>>[INIT] success log INIT
07:35:51 10031.2409436928> DEBUG : >>>[DB] db_check_success
07:35:56 10031.2409436928> DEBUG : >>>[DB] db_check_success
07:36:01 10031.2409436928> DEBUG : >>>[DB] db_check_success
07:36:06 10031.2409436928> DEBUG : >>>[DB] ALL DB IS DOWN
07:36:11 10031.2409436928> DEBUG : >>>[DB] ALL DB IS DOWN
07:36:16 10031.2409436928> DEBUG : >>>[DB] ALL DB IS DOWN
07:36:21 10031.2409436928> DEBUG : >>>[DB] db_check_success
07:36:26 10031.2409436928> DEBUG : >>>[DB] db_check_success
07:37:58 10120.3825109056> DEBUG : >>>[INIT] success log INIT
07:37:58 10120.3765737216> DEBUG : >>>[DB] db_check_success
07:38:03 10120.3765737216> DEBUG : >>>[DB] db_check_success
07:38:08 10120.3765737216> DEBUG : >>>[DB] db_check_success
07:38:13 10120.3765737216> DEBUG : >>>[DB] ALL DB IS DOWN
07:38:18 10120.3765737216> DEBUG : >>>[DB] ALL DB IS DOWN
07:38:23 10120.3765737216> DEBUG : >>>[DB] ALL DB IS DOWN
07:38:28 10120.3765737216> DEBUG : >>>[DB] ALL DB IS DOWN
07:38:33 10120.3765737216> DEBUG : >>>[DB] db_check_success
07:38:38 10120.3765737216> DEBUG : >>>[DB] db_check_success
07:40:23 10243.2922403904> DEBUG : >>>[INIT] success log INIT
07:40:23 10243.2863032064> DEBUG : >>>[DB] db_check_success
07:40:28 10243.2863032064> DEBUG : >>>[DB] db_check_success
07:40:33 10243.2863032064> DEBUG : >>>[DB] db_check_success
07:40:38 10243.2863032064> DEBUG : >>>[DB] ALL DB IS DOWN
07:40:43 10243.2863032064> DEBUG : >>>[DB] ALL DB IS DOWN
07:40:48 10243.2863032064> DEBUG : >>>[DB] ALL DB IS DOWN
07:40:53 10243.2863032064> DEBUG : >>>[DB] ALL DB IS DOWN
07:40:58 10243.2863032064> DEBUG : >>>[DB] db_check_success
07:41:03 10243.2863032064> DEBUG : >>>[DB] db_check_success
07:45:56 10362.1950394432> DEBUG : >>>[INIT] success log INIT
07:45:56 10362.1891022592> DEBUG : >>>[DB] db_check_success
07:46:01 10362.1891022592> DEBUG : >>>[DB] db_check_success
07:46:06 10362.1891022592> DEBUG : >>>[DB] DB01 IS DOWN
07:46:11 10362.1891022592> DEBUG : >>>[DB] DB01 IS DOWN
07:46:16 10362.1891022592> DEBUG : >>>[DB] db_check_success
07:46:21 10362.1891022592> DEBUG : >>>[DB] db_check_success
07:46:27 10362.1891022592> DEBUG : >>>[DB] DB02 IS DOWN
07:46:32 10362.1891022592> DEBUG : >>>[DB] DB02 IS DOWN
07:46:37 10362.1891022592> DEBUG : >>>[DB] DB02 IS DOWN
07:46:42 10362.1891022592> DEBUG : >>>[DB] ALL DB IS DOWN
07:46:47 10362.1891022592> DEBUG : >>>[DB] ALL DB IS DOWN
07:46:52 10362.1891022592> DEBUG : >>>[DB] ALL DB IS DOWN
07:46:57 10362.1891022592> DEBUG : >>>[DB] ALL DB IS DOWN
07:47:02 10362.1891022592> DEBUG : >>>[DB] ALL DB IS DOWN
07:47:07 10362.1891022592> DEBUG : >>>[DB] ALL DB IS DOWN
07:47:12 10362.1891022592> DEBUG : >>>[DB] ALL DB IS DOWN
07:47:17 10362.1891022592> DEBUG : >>>[DB] ALL DB IS DOWN
07:47:22 10362.1891022592> DEBUG : >>>[DB] ALL DB IS DOWN
07:47:27 10362.1891022592> DEBUG : >>>[DB] DB02 IS DOWN
07:47:32 10362.1891022592> DEBUG : >>>[DB] DB02 IS DOWN
07:47:37 10362.1891022592> DEBUG : >>>[DB] DB02 IS DOWN
07:47:42 10362.1891022592> DEBUG : >>>[DB] DB02 IS DOWN
07:47:47 10362.1891022592> DEBUG : >>>[DB] DB02 IS DOWN
07:47:52 10362.1891022592> DEBUG : >>>[DB] ALL DB IS DOWN
07:48:07 10362.1891022592> DEBUG : >>>[DB] DB01 IS DOWN
07:48:12 10362.1891022592> DEBUG : >>>[DB] DB01 IS DOWN
07:48:17 10362.1891022592> DEBUG : >>>[DB] DB01 IS DOWN
07:48:22 10362.1891022592> DEBUG : >>>[DB] DB01 IS DOWN
07:48:27 10362.1891022592> DEBUG : >>>[DB] DB01 IS DOWN
07:48:32 10362.1891022592> DEBUG : >>>[DB] DB01 IS DOWN
07:48:37 10362.1891022592> DEBUG : >>>[DB] DB01 IS DOWN
07:48:42 10362.1891022592> DEBUG : >>>[DB] DB01 IS DOWN
08:14:32 10818.2839537728> DEBUG : >>>[INIT] success log INIT
08:14:32 10818.2780165888> DEBUG : >>>[DB] db_check_success
08:14:37 10818.2780165888> DEBUG : >>>[DB] db_check_success
08:14:42 10818.2780165888> DEBUG : >>>[DB] db_check_success
08:14:47 10818.2780165888> DEBUG : >>>[DB] db_check_success
08:14:52 10818.2780165888> DEBUG : >>>[DB] db_check_success
08:14:55 10818.2839537728> DEBUG : [DB] SQL Request :: select * from user
08:14:57 10818.2780165888> DEBUG : >>>[DB] db_check_success
08:15:02 10818.2780165888> DEBUG : >>>[DB] db_check_success
08:15:07 10818.2780165888> DEBUG : >>>[DB] db_check_success
08:15:12 10818.2780165888> DEBUG : >>>[DB] db_check_success
08:22:49 10955.3828844608> DEBUG : >>>[INIT] success log INIT
08:22:49 10955.3769472768> DEBUG : >>>[DB] db_check_success
08:22:54 10955.3769472768> DEBUG : >>>[DB] db_check_success
08:22:59 10955.3769472768> DEBUG : >>>[DB] db_check_success
08:23:04 10955.3769472768> DEBUG : >>>[DB] db_check_success
08:23:07 10955.3828844608> DEBUG : >>>[TCP] Client connected.
08:23:09 10955.3769472768> DEBUG : >>>[DB] db_check_success
08:23:10 10955.3828844608> DEBUG : >>>[DB] SQL Request :: select * from user
08:23:14 10955.3769472768> DEBUG : >>>[DB] db_check_success
08:23:19 10955.3769472768> DEBUG : >>>[DB] db_check_success
08:23:24 10955.3769472768> DEBUG : >>>[DB] db_check_success
08:23:29 10955.3769472768> DEBUG : >>>[DB] db_check_success
08:23:34 10955.3769472768> DEBUG : >>>[DB] db_check_success
08:23:39 10955.3769472768> DEBUG : >>>[DB] db_check_success
08:23:44 10955.3769472768> DEBUG : >>>[DB] db_check_success
08:23:49 10955.3769472768> DEBUG : >>>[DB] db_check_success
08:23:54 10955.3769472768> WARNG : >>>[DB] DB01 IS DOWN
08:23:59 10955.3769472768> WARNG : >>>[DB] DB01 IS DOWN
08:24:04 10955.3769472768> WARNG : >>>[DB] DB01 IS DOWN
08:24:09 10955.3769472768> WARNG : >>>[DB] DB01 IS DOWN
08:24:14 10955.3769472768> WARNG : >>>[DB] DB01 IS DOWN
08:24:19 10955.3769472768> WARNG : >>>[DB] DB01 IS DOWN
08:24:24 10955.3769472768> ERROR : >>>[DB] ALL DB IS DOWN
08:24:30 10955.3769472768> ERROR : >>>[DB] ALL DB IS DOWN
08:24:35 10955.3769472768> ERROR : >>>[DB] ALL DB IS DOWN
08:24:42 10955.3769472768> ERROR : >>>[DB] ALL DB IS DOWN
08:24:47 10955.3769472768> ERROR : >>>[DB] ALL DB IS DOWN
08:24:52 10955.3769472768> ERROR : >>>[DB] ALL DB IS DOWN
08:24:57 10955.3769472768> ERROR : >>>[DB] ALL DB IS DOWN
08:25:02 10955.3769472768> WARNG : >>>[DB] DB02 IS DOWN
08:25:07 10955.3769472768> WARNG : >>>[DB] DB02 IS DOWN
08:25:10 10955.3828844608> DEBUG : >>>[DB] SQL Request :: select * from user
08:25:12 10955.3769472768> WARNG : >>>[DB] DB02 IS DOWN
08:25:17 10955.3769472768> WARNG : >>>[DB] DB02 IS DOWN
08:25:23 10955.3769472768> WARNG : >>>[DB] DB02 IS DOWN
08:25:44 10955.3769472768> DEBUG : >>>[DB] db_check_success
08:25:49 10955.3769472768> DEBUG : >>>[DB] db_check_success
08:25:54 10955.3769472768> DEBUG : >>>[DB] db_check_success
08:25:57 10955.3828844608> DEBUG : >>>[DB] SQL Request :: select * from user
08:25:59 10955.3769472768> DEBUG : >>>[DB] db_check_success
08:26:04 10955.3828844608> DEBUG : >>>[TCP] Client disconnected.
08:26:04 10955.3769472768> DEBUG : >>>[DB] db_check_success
08:26:09 10955.3769472768> DEBUG : >>>[DB] db_check_success
08:26:14 10955.3769472768> DEBUG : >>>[DB] db_check_success
08:26:19 10955.3769472768> DEBUG : >>>[DB] db_check_success
08:38:55 11655.2295158848> DEBUG : >>>[INIT] success log INIT
08:38:55 11655.2235787008> DEBUG : >>>[DB] db_check_success
08:39:00 11655.2235787008> DEBUG : >>>[DB] db_check_success
08:39:05 11655.2235787008> DEBUG : >>>[DB] db_check_success
08:39:10 11655.2235787008> DEBUG : >>>[DB] db_check_success
08:39:15 11655.2235787008> DEBUG : >>>[DB] db_check_success
08:39:19 11655.2295158848> DEBUG : >>>[TCP] Client connected.
08:39:20 11655.2235787008> DEBUG : >>>[DB] db_check_success
08:39:22 11655.2295158848> DEBUG : >>>[TCP] Received Message Type: 101, Length: 1, Msg: 
08:39:22 11655.2295158848> DEBUG : >>>[DB] SQL Request :: select * from user
08:39:25 11655.2235787008> DEBUG : >>>[DB] db_check_success
08:39:30 11655.2235787008> DEBUG : >>>[DB] db_check_success
08:39:35 11655.2235787008> DEBUG : >>>[DB] db_check_success
08:39:40 11655.2235787008> DEBUG : >>>[DB] db_check_success
08:39:45 11655.2235787008> DEBUG : >>>[DB] db_check_success
08:39:50 11655.2295158848> DEBUG : >>>[TCP] Client disconnected.
08:39:50 11655.2235787008> DEBUG : >>>[DB] db_check_success
22:01:15 04180.1347459136> DEBUG : >>>[INIT] success log INIT
22:01:15 04180.1288226560> ERROR : >>>[DB] ALL DB IS DOWN
22:01:20 04180.1288226560> ERROR : >>>[DB] ALL DB IS DOWN
22:01:25 04180.1288226560> ERROR : >>>[DB] ALL DB IS DOWN
22:01:30 04180.1288226560> ERROR : >>>[DB] ALL DB IS DOWN
22:01:35 04180.1288226560> ERROR : >>>[DB] ALL DB IS DOWN
22:01:40 04180.1288226560> ERROR : >>>[DB] ALL DB IS DOWN
22:01:46 04180.1288226560> ERROR : >>>[DB] ALL DB IS DOWN
22:01:51 04371.3408803904> DEBUG : >>>[INIT] success log INIT
22:01:51 04371.3349571328> ERROR : >>>[DB] ALL DB IS DOWN
22:01:56 04371.3349571328> ERROR : >>>[DB] ALL DB IS DOWN
22:02:01 04371.3349571328> ERROR : >>>[DB] ALL DB IS DOWN
22:02:06 04371.3349571328> ERROR : >>>[DB] ALL DB IS DOWN
22:02:49 04553.0266352704> DEBUG : >>>[INIT] success log INIT
22:02:49 04553.0207120128> ERROR : >>>[DB] ALL DB IS DOWN
22:02:54 04553.0207120128> ERROR : >>>[DB] ALL DB IS DOWN
22:02:59 04553.0207120128> ERROR : >>>[DB] ALL DB IS DOWN
22:03:04 04553.0207120128> ERROR : >>>[DB] ALL DB IS DOWN
22:03:09 04553.0207120128> ERROR : >>>[DB] ALL DB IS DOWN
22:03:14 04553.0207120128> ERROR : >>>[DB] ALL DB IS DOWN
22:03:19 04553.0207120128> ERROR : >>>[DB] ALL DB IS DOWN
22:03:25 04553.0207120128> ERROR : >>>[DB] ALL DB IS DOWN
22:03:30 04553.0207120128> ERROR : >>>[DB] ALL DB IS DOWN
22:03:35 04553.0207120128> ERROR : >>>[DB] ALL DB IS DOWN
22:03:40 04553.0207120128> ERROR : >>>[DB] ALL DB IS DOWN
22:03:45 04553.0207120128> ERROR : >>>[DB] ALL DB IS DOWN
22:03:50 04553.0207120128> ERROR : >>>[DB] ALL DB IS DOWN
22:05:06 04950.0754735168> DEBUG : >>>[INIT] success log INIT
22:05:06 04950.0754735168> DEBUG : >>>[TCP] Client connected.
22:05:12 04950.0754735168> DEBUG : >>>[TCP] Client connected.
22:05:17 04950.0754735168> DEBUG : >>>[TCP] Received Message Type: 101, Length: 1, Msg: 
22:05:36 04950.0754735168> DEBUG : >>>[TCP] Client disconnected.
