13:52:40 02446.2521802816> DEBUG : >>>[INIT] success log INIT
13:52:40 02446.2462570240> WARNG : >>>[DB] DB01 IS DOWN
13:52:45 02446.2462570240> WARNG : >>>[DB] DB01 IS DOWN
13:52:50 02446.2462570240> WARNG : >>>[DB] DB01 IS DOWN
13:52:55 02446.2462570240> WARNG : >>>[DB] DB01 IS DOWN
13:53:00 02446.2462570240> WARNG : >>>[DB] DB01 IS DOWN
13:53:05 02446.2462570240> WARNG : >>>[DB] DB01 IS DOWN
13:53:10 02446.2462570240> WARNG : >>>[DB] DB01 IS DOWN
13:53:15 02446.2462570240> WARNG : >>>[DB] DB01 IS DOWN
13:53:20 02446.2462570240> WARNG : >>>[DB] DB01 IS DOWN
13:53:25 02446.2462570240> WARNG : >>>[DB] DB01 IS DOWN
13:53:30 02446.2462570240> WARNG : >>>[DB] DB01 IS DOWN
13:53:35 02446.2462570240> WARNG : >>>[DB] DB01 IS DOWN
13:53:40 02446.2462570240> WARNG : >>>[DB] DB01 IS DOWN
13:53:46 02446.2462570240> WARNG : >>>[DB] DB01 IS DOWN
13:53:51 02446.2462570240> WARNG : >>>[DB] DB01 IS DOWN
13:53:56 02446.2462570240> WARNG : >>>[DB] DB01 IS DOWN
13:54:01 02446.2462570240> WARNG : >>>[DB] DB01 IS DOWN
13:54:06 02446.2462570240> WARNG : >>>[DB] DB01 IS DOWN
13:54:11 02446.2462570240> WARNG : >>>[DB] DB01 IS DOWN
13:54:16 02446.2462570240> WARNG : >>>[DB] DB01 IS DOWN
13:54:41 02446.2462570240> DEBUG : >>>[DB] ALL DB OK
13:54:46 02931.2502379584> DEBUG : >>>[INIT] success log INIT
13:54:46 02931.2443147008> DEBUG : >>>[DB] ALL DB OK
13:54:51 02931.2443147008> DEBUG : >>>[DB] ALL DB OK
13:54:56 02931.2443147008> DEBUG : >>>[DB] ALL DB OK
13:55:01 02931.2443147008> DEBUG : >>>[DB] ALL DB OK
13:55:06 02931.2443147008> DEBUG : >>>[DB] ALL DB OK
13:55:07 02931.2502379584> DEBUG : >>>[TCP] Client connected.
13:55:07 02931.2502379584> DEBUG : >>>[TCP] Received Message Type: 101, Length: 21, Msg: SELECT * FROM USER_TB13:55:07 02931.2502379584> DEBUG : >>>[DB] SQL Request :: select * from user
13:55:11 02931.2443147008> DEBUG : >>>[DB] ALL DB OK
13:55:16 02931.2443147008> DEBUG : >>>[DB] ALL DB OK
13:55:21 02931.2443147008> DEBUG : >>>[DB] ALL DB OK
13:55:26 02931.2443147008> DEBUG : >>>[DB] ALL DB OK
13:55:31 02931.2443147008> DEBUG : >>>[DB] ALL DB OK
13:55:36 02931.2443147008> DEBUG : >>>[DB] ALL DB OK
13:55:41 02931.2443147008> DEBUG : >>>[DB] ALL DB OK
13:55:46 02931.2443147008> DEBUG : >>>[DB] ALL DB OK
13:55:51 02931.2443147008> DEBUG : >>>[DB] ALL DB OK
13:55:56 02931.2443147008> DEBUG : >>>[DB] ALL DB OK
13:56:01 02931.2443147008> DEBUG : >>>[DB] ALL DB OK
13:56:06 02931.2443147008> DEBUG : >>>[DB] ALL DB OK
13:56:11 02931.2443147008> DEBUG : >>>[DB] ALL DB OK
13:56:16 02931.2443147008> DEBUG : >>>[DB] ALL DB OK
13:56:21 02931.2443147008> DEBUG : >>>[DB] ALL DB OK
13:56:26 02931.2443147008> DEBUG : >>>[DB] ALL DB OK
13:56:31 02931.2443147008> DEBUG : >>>[DB] ALL DB OK
13:56:37 02931.2443147008> DEBUG : >>>[DB] ALL DB OK
13:56:42 02931.2443147008> DEBUG : >>>[DB] ALL DB OK
13:56:47 02931.2443147008> DEBUG : >>>[DB] ALL DB OK
13:56:52 02931.2443147008> DEBUG : >>>[DB] ALL DB OK
13:56:57 02931.2443147008> DEBUG : >>>[DB] ALL DB OK
13:57:02 02931.2443147008> DEBUG : >>>[DB] ALL DB OK
13:57:07 02931.2443147008> DEBUG : >>>[DB] ALL DB OK
13:57:12 02931.2443147008> DEBUG : >>>[DB] ALL DB OK
13:57:17 02931.2443147008> DEBUG : >>>[DB] ALL DB OK
13:57:22 02931.2443147008> DEBUG : >>>[DB] ALL DB OK
13:57:27 02931.2443147008> DEBUG : >>>[DB] ALL DB OK
13:57:32 02931.2443147008> DEBUG : >>>[DB] ALL DB OK
13:57:37 02931.2443147008> DEBUG : >>>[DB] ALL DB OK
13:57:42 02931.2443147008> DEBUG : >>>[DB] ALL DB OK
13:57:47 02931.2443147008> DEBUG : >>>[DB] ALL DB OK
13:57:52 02931.2443147008> DEBUG : >>>[DB] ALL DB OK
13:57:57 02931.2443147008> DEBUG : >>>[DB] ALL DB OK
13:58:02 02931.2443147008> DEBUG : >>>[DB] ALL DB OK
13:58:07 02931.2443147008> DEBUG : >>>[DB] ALL DB OK
13:58:12 02931.2443147008> DEBUG : >>>[DB] ALL DB OK
13:58:17 02931.2443147008> DEBUG : >>>[DB] ALL DB OK
13:58:23 02931.2443147008> DEBUG : >>>[DB] ALL DB OK
13:58:28 02931.2443147008> DEBUG : >>>[DB] ALL DB OK
13:58:33 02931.2443147008> DEBUG : >>>[DB] ALL DB OK
13:58:38 02931.2443147008> DEBUG : >>>[DB] ALL DB OK
13:58:43 02931.2443147008> DEBUG : >>>[DB] ALL DB OK
13:58:48 02931.2443147008> DEBUG : >>>[DB] ALL DB OK
13:58:53 02931.2443147008> DEBUG : >>>[DB] ALL DB OK
13:58:58 02931.2443147008> DEBUG : >>>[DB] ALL DB OK
13:59:03 02931.2443147008> DEBUG : >>>[DB] ALL DB OK
13:59:08 02931.2443147008> DEBUG : >>>[DB] ALL DB OK
13:59:13 02931.2443147008> DEBUG : >>>[DB] ALL DB OK
13:59:18 02931.2443147008> DEBUG : >>>[DB] ALL DB OK
13:59:23 02931.2443147008> DEBUG : >>>[DB] ALL DB OK
13:59:28 02931.2443147008> DEBUG : >>>[DB] ALL DB OK
13:59:33 02931.2443147008> DEBUG : >>>[DB] ALL DB OK
13:59:38 02931.2443147008> DEBUG : >>>[DB] ALL DB OK
13:59:43 02931.2443147008> DEBUG : >>>[DB] ALL DB OK
13:59:48 02931.2443147008> DEBUG : >>>[DB] ALL DB OK
13:59:53 02931.2443147008> DEBUG : >>>[DB] ALL DB OK
13:59:58 02931.2443147008> DEBUG : >>>[DB] ALL DB OK
14:00:03 02931.2443147008> DEBUG : >>>[DB] ALL DB OK
14:00:08 02931.2443147008> DEBUG : >>>[DB] ALL DB OK
14:00:13 02931.2443147008> DEBUG : >>>[DB] ALL DB OK
14:00:18 02931.2443147008> DEBUG : >>>[DB] ALL DB OK
14:00:25 02931.2443147008> DEBUG : >>>[DB] ALL DB OK
14:00:30 02931.2443147008> DEBUG : >>>[DB] ALL DB OK
14:00:35 02931.2443147008> DEBUG : >>>[DB] ALL DB OK
14:00:40 02931.2443147008> DEBUG : >>>[DB] ALL DB OK
14:00:45 02931.2443147008> DEBUG : >>>[DB] ALL DB OK
14:00:50 02931.2443147008> DEBUG : >>>[DB] ALL DB OK
14:00:55 02931.2443147008> DEBUG : >>>[DB] ALL DB OK
14:01:00 02931.2443147008> DEBUG : >>>[DB] ALL DB OK
14:01:05 02931.2443147008> DEBUG : >>>[DB] ALL DB OK
14:01:10 02931.2443147008> DEBUG : >>>[DB] ALL DB OK
14:01:15 02931.2443147008> DEBUG : >>>[DB] ALL DB OK
14:01:20 02931.2443147008> DEBUG : >>>[DB] ALL DB OK
14:01:25 02931.2443147008> DEBUG : >>>[DB] ALL DB OK
14:01:30 02931.2443147008> DEBUG : >>>[DB] ALL DB OK
14:01:35 02931.2443147008> DEBUG : >>>[DB] ALL DB OK
14:01:40 02931.2443147008> DEBUG : >>>[DB] ALL DB OK
14:01:45 02931.2443147008> DEBUG : >>>[DB] ALL DB OK
14:01:50 02931.2443147008> DEBUG : >>>[DB] ALL DB OK
14:01:55 02931.2443147008> DEBUG : >>>[DB] ALL DB OK
14:02:00 02931.2443147008> DEBUG : >>>[DB] ALL DB OK
14:02:05 02931.2443147008> DEBUG : >>>[DB] ALL DB OK
14:02:10 02931.2443147008> DEBUG : >>>[DB] ALL DB OK
14:02:15 02931.2443147008> DEBUG : >>>[DB] ALL DB OK
14:02:20 02931.2443147008> DEBUG : >>>[DB] ALL DB OK
14:02:25 02931.2443147008> DEBUG : >>>[DB] ALL DB OK
14:02:30 02931.2443147008> DEBUG : >>>[DB] ALL DB OK
14:02:35 02931.2443147008> DEBUG : >>>[DB] ALL DB OK
14:02:40 02931.2443147008> DEBUG : >>>[DB] ALL DB OK
14:02:46 02931.2443147008> DEBUG : >>>[DB] ALL DB OK
14:02:51 02931.2443147008> DEBUG : >>>[DB] ALL DB OK
14:02:56 02931.2443147008> DEBUG : >>>[DB] ALL DB OK
14:03:01 02931.2443147008> DEBUG : >>>[DB] ALL DB OK
14:03:06 02931.2443147008> DEBUG : >>>[DB] ALL DB OK
14:03:11 02931.2443147008> DEBUG : >>>[DB] ALL DB OK
14:03:16 02931.2443147008> DEBUG : >>>[DB] ALL DB OK
14:03:21 02931.2443147008> DEBUG : >>>[DB] ALL DB OK
14:03:26 02931.2443147008> DEBUG : >>>[DB] ALL DB OK
14:03:31 02931.2443147008> DEBUG : >>>[DB] ALL DB OK
14:03:36 02931.2443147008> DEBUG : >>>[DB] ALL DB OK
14:03:41 02931.2443147008> DEBUG : >>>[DB] ALL DB OK
14:03:46 02931.2443147008> DEBUG : >>>[DB] ALL DB OK
14:03:52 02931.2443147008> DEBUG : >>>[DB] ALL DB OK
14:03:57 02931.2443147008> DEBUG : >>>[DB] ALL DB OK
14:04:02 02931.2443147008> DEBUG : >>>[DB] ALL DB OK
14:04:07 02931.2443147008> DEBUG : >>>[DB] ALL DB OK
14:04:12 02931.2443147008> DEBUG : >>>[DB] ALL DB OK
14:04:17 02931.2443147008> DEBUG : >>>[DB] ALL DB OK
14:04:22 02931.2443147008> DEBUG : >>>[DB] ALL DB OK
14:04:27 02931.2443147008> DEBUG : >>>[DB] ALL DB OK
14:04:32 02931.2443147008> DEBUG : >>>[DB] ALL DB OK
14:04:37 02931.2443147008> DEBUG : >>>[DB] ALL DB OK
14:04:42 02931.2443147008> DEBUG : >>>[DB] ALL DB OK
14:04:47 02931.2443147008> DEBUG : >>>[DB] ALL DB OK
14:04:52 02931.2443147008> DEBUG : >>>[DB] ALL DB OK
14:04:57 02931.2443147008> DEBUG : >>>[DB] ALL DB OK
14:05:02 02931.2443147008> DEBUG : >>>[DB] ALL DB OK
14:05:07 02931.2443147008> DEBUG : >>>[DB] ALL DB OK
14:05:12 02931.2443147008> DEBUG : >>>[DB] ALL DB OK
14:05:17 02931.2443147008> DEBUG : >>>[DB] ALL DB OK
14:05:22 02931.2443147008> DEBUG : >>>[DB] ALL DB OK
14:05:30 02931.2443147008> DEBUG : >>>[DB] ALL DB OK
14:05:35 02931.2443147008> DEBUG : >>>[DB] ALL DB OK
14:05:40 02931.2443147008> DEBUG : >>>[DB] ALL DB OK
14:05:45 02931.2443147008> DEBUG : >>>[DB] ALL DB OK
14:05:50 02931.2443147008> DEBUG : >>>[DB] ALL DB OK
14:05:55 02931.2443147008> DEBUG : >>>[DB] ALL DB OK
14:06:00 02931.2443147008> DEBUG : >>>[DB] ALL DB OK
14:06:05 02931.2443147008> DEBUG : >>>[DB] ALL DB OK
14:06:10 02931.2443147008> DEBUG : >>>[DB] ALL DB OK
14:06:15 02931.2443147008> DEBUG : >>>[DB] ALL DB OK
14:06:20 02931.2443147008> DEBUG : >>>[DB] ALL DB OK
14:06:25 02931.2443147008> DEBUG : >>>[DB] ALL DB OK
14:06:30 02931.2443147008> DEBUG : >>>[DB] ALL DB OK
14:06:35 02931.2443147008> DEBUG : >>>[DB] ALL DB OK
14:06:40 02931.2443147008> DEBUG : >>>[DB] ALL DB OK
14:06:45 02931.2443147008> DEBUG : >>>[DB] ALL DB OK
14:06:50 02931.2443147008> DEBUG : >>>[DB] ALL DB OK
14:06:55 02931.2443147008> DEBUG : >>>[DB] ALL DB OK
14:07:00 02931.2443147008> DEBUG : >>>[DB] ALL DB OK
14:07:05 02931.2443147008> DEBUG : >>>[DB] ALL DB OK
14:07:10 02931.2443147008> DEBUG : >>>[DB] ALL DB OK
14:07:15 02931.2443147008> DEBUG : >>>[DB] ALL DB OK
14:07:20 02931.2443147008> DEBUG : >>>[DB] ALL DB OK
14:07:25 02931.2443147008> DEBUG : >>>[DB] ALL DB OK
14:07:30 02931.2443147008> DEBUG : >>>[DB] ALL DB OK
14:07:35 02931.2443147008> DEBUG : >>>[DB] ALL DB OK
14:07:41 02931.2443147008> DEBUG : >>>[DB] ALL DB OK
14:07:46 02931.2443147008> DEBUG : >>>[DB] ALL DB OK
14:07:51 02931.2443147008> DEBUG : >>>[DB] ALL DB OK
14:07:56 02931.2443147008> DEBUG : >>>[DB] ALL DB OK
14:08:01 02931.2443147008> DEBUG : >>>[DB] ALL DB OK
14:08:06 02931.2443147008> DEBUG : >>>[DB] ALL DB OK
14:08:11 02931.2443147008> DEBUG : >>>[DB] ALL DB OK
14:08:16 02931.2443147008> DEBUG : >>>[DB] ALL DB OK
14:08:21 02931.2443147008> DEBUG : >>>[DB] ALL DB OK
14:08:26 02931.2443147008> DEBUG : >>>[DB] ALL DB OK
14:08:32 02931.2443147008> DEBUG : >>>[DB] ALL DB OK
14:08:37 02931.2443147008> DEBUG : >>>[DB] ALL DB OK
14:08:42 02931.2443147008> DEBUG : >>>[DB] ALL DB OK
14:08:47 02931.2443147008> DEBUG : >>>[DB] ALL DB OK
14:08:52 02931.2443147008> DEBUG : >>>[DB] ALL DB OK
14:08:57 02931.2443147008> DEBUG : >>>[DB] ALL DB OK
14:09:02 02931.2443147008> DEBUG : >>>[DB] ALL DB OK
14:09:07 02931.2443147008> DEBUG : >>>[DB] ALL DB OK
14:09:12 02931.2443147008> DEBUG : >>>[DB] ALL DB OK
14:09:17 02931.2443147008> DEBUG : >>>[DB] ALL DB OK
14:09:22 02931.2443147008> DEBUG : >>>[DB] ALL DB OK
16:40:32 07802.3803314240> DEBUG : >>>[INIT] success log INIT
16:40:32 07802.3744081664> DEBUG : >>>[DB] ALL DB OK
16:40:37 07802.3744081664> DEBUG : >>>[DB] ALL DB OK
16:40:38 07802.3803314240> DEBUG : >>>[TCP] Client connected.
16:40:38 07802.3803314240> DEBUG : >>>[TCP] Received Message Type: 201, Length: 1, Msg: 
16:40:38 07802.3803314240> DEBUG : >>>[repl] repl Request
16:40:42 07802.3744081664> DEBUG : >>>[DB] ALL DB OK
16:40:43 07802.3803314240> DEBUG : >>>[TCP] Received Message Type: 201, Length: 1, Msg: 
16:40:43 07802.3803314240> DEBUG : >>>[repl] repl Request
16:40:47 07802.3744081664> DEBUG : >>>[DB] ALL DB OK
16:40:48 07802.3803314240> DEBUG : >>>[TCP] Received Message Type: 201, Length: 1, Msg: 
16:40:48 07802.3803314240> DEBUG : >>>[repl] repl Request
16:40:52 07802.3744081664> DEBUG : >>>[DB] ALL DB OK
16:40:53 07802.3803314240> DEBUG : >>>[TCP] Received Message Type: 201, Length: 1, Msg: 
16:40:53 07802.3803314240> DEBUG : >>>[repl] repl Request
16:40:57 07802.3744081664> DEBUG : >>>[DB] ALL DB OK
16:40:58 07802.3803314240> DEBUG : >>>[TCP] Received Message Type: 201, Length: 1, Msg: 
16:40:58 07802.3803314240> DEBUG : >>>[repl] repl Request
16:41:02 07802.3744081664> DEBUG : >>>[DB] ALL DB OK
16:41:02 07802.3803314240> DEBUG : >>>[TCP] Client disconnected.
