00:31:40 12284.1172863040> DEBUG : >>>[INIT] success log INIT
00:31:40 12284.1113630464> DEBUG : >>>[DB] db_check_success
00:31:45 12284.1113630464> DEBUG : >>>[DB] db_check_success
00:31:47 12284.1172863040> DEBUG : >>>[TCP] Client connected.
00:31:50 12284.1113630464> DEBUG : >>>[DB] db_check_success
00:31:56 12284.1113630464> DEBUG : >>>[DB] db_check_success
00:32:01 12284.1113630464> DEBUG : >>>[DB] db_check_success
00:32:06 12284.1113630464> DEBUG : >>>[DB] db_check_success
00:32:11 12284.1113630464> DEBUG : >>>[DB] db_check_success
00:32:16 12284.1113630464> DEBUG : >>>[DB] db_check_success
00:32:21 12284.1113630464> DEBUG : >>>[DB] db_check_success
00:32:26 12284.1113630464> DEBUG : >>>[DB] db_check_success
00:32:31 12284.1113630464> DEBUG : >>>[DB] db_check_success
00:32:36 12284.1113630464> DEBUG : >>>[DB] db_check_success
00:32:41 12284.1113630464> DEBUG : >>>[DB] db_check_success
00:32:46 12284.1113630464> DEBUG : >>>[DB] db_check_success
00:32:49 12284.1172863040> DEBUG : >>>[TCP] Received Message Type: 102, Length: 45, Msg: INSERT INTO USER_TB VALUE ('5', 'kwanghyeok')00:32:51 12284.1113630464> DEBUG : >>>[DB] db_check_success
00:32:56 12284.1113630464> DEBUG : >>>[DB] db_check_success
00:33:01 12284.1113630464> DEBUG : >>>[DB] db_check_success
00:33:06 12284.1113630464> DEBUG : >>>[DB] db_check_success
00:33:11 12284.1113630464> DEBUG : >>>[DB] db_check_success
00:33:16 12284.1113630464> DEBUG : >>>[DB] db_check_success
00:33:22 12284.1113630464> DEBUG : >>>[DB] db_check_success
00:33:27 12284.1113630464> DEBUG : >>>[DB] db_check_success
00:33:32 12284.1113630464> DEBUG : >>>[DB] db_check_success
00:33:37 12284.1113630464> DEBUG : >>>[DB] db_check_success
00:33:42 12284.1113630464> DEBUG : >>>[DB] db_check_success
00:33:47 12284.1113630464> DEBUG : >>>[DB] db_check_success
00:33:52 12284.1113630464> DEBUG : >>>[DB] db_check_success
00:33:57 12284.1113630464> DEBUG : >>>[DB] db_check_success
00:34:02 12284.1113630464> DEBUG : >>>[DB] db_check_success
00:34:07 12284.1113630464> DEBUG : >>>[DB] db_check_success
00:34:12 12284.1113630464> DEBUG : >>>[DB] db_check_success
00:34:18 12284.1113630464> DEBUG : >>>[DB] db_check_success
00:34:23 12284.1113630464> DEBUG : >>>[DB] db_check_success
00:34:28 12284.1113630464> DEBUG : >>>[DB] db_check_success
00:34:33 12284.1113630464> DEBUG : >>>[DB] db_check_success
00:34:38 12284.1113630464> DEBUG : >>>[DB] db_check_success
00:34:43 12284.1113630464> DEBUG : >>>[DB] db_check_success
00:34:48 12284.1113630464> DEBUG : >>>[DB] db_check_success
00:34:53 12284.1113630464> DEBUG : >>>[DB] db_check_success
00:34:58 12284.1113630464> DEBUG : >>>[DB] db_check_success
00:35:04 12284.1113630464> DEBUG : >>>[DB] db_check_success
00:35:09 12284.1113630464> DEBUG : >>>[DB] db_check_success
00:35:14 12284.1113630464> DEBUG : >>>[DB] db_check_success
00:35:19 12284.1113630464> DEBUG : >>>[DB] db_check_success
00:35:24 12284.1113630464> DEBUG : >>>[DB] db_check_success
00:35:29 12284.1113630464> DEBUG : >>>[DB] db_check_success
00:35:34 12284.1113630464> DEBUG : >>>[DB] db_check_success
00:35:39 12284.1113630464> DEBUG : >>>[DB] db_check_success
00:35:44 12284.1113630464> DEBUG : >>>[DB] db_check_success
00:35:49 12284.1113630464> DEBUG : >>>[DB] db_check_success
00:35:54 12284.1113630464> DEBUG : >>>[DB] db_check_success
00:35:59 12284.1113630464> DEBUG : >>>[DB] db_check_success
00:36:04 12284.1113630464> DEBUG : >>>[DB] db_check_success
00:36:09 12284.1113630464> DEBUG : >>>[DB] db_check_success
00:36:15 12284.1113630464> DEBUG : >>>[DB] db_check_success
00:36:20 12284.1113630464> DEBUG : >>>[DB] db_check_success
00:36:25 12284.1113630464> DEBUG : >>>[DB] db_check_success
00:36:30 12284.1113630464> DEBUG : >>>[DB] db_check_success
00:36:35 12284.1113630464> DEBUG : >>>[DB] db_check_success
00:36:40 12284.1113630464> DEBUG : >>>[DB] db_check_success
00:36:45 12284.1113630464> DEBUG : >>>[DB] db_check_success
00:36:50 12284.1113630464> DEBUG : >>>[DB] db_check_success
00:36:55 12284.1113630464> DEBUG : >>>[DB] db_check_success
00:50:28 14850.0707639360> DEBUG : >>>[INIT] success log INIT
00:50:28 14850.0648406784> DEBUG : >>>[DB] db_check_success
00:50:33 14850.0648406784> DEBUG : >>>[DB] db_check_success
00:50:36 14850.0707639360> DEBUG : >>>[TCP] Client connected.
00:50:38 14850.0648406784> DEBUG : >>>[DB] db_check_success
00:50:44 14850.0648406784> DEBUG : >>>[DB] db_check_success
00:50:49 14850.0648406784> DEBUG : >>>[DB] db_check_success
00:50:54 14850.0648406784> DEBUG : >>>[DB] db_check_success
00:50:59 14850.0648406784> DEBUG : >>>[DB] db_check_success
00:51:04 14850.0648406784> DEBUG : >>>[DB] db_check_success
00:51:06 14850.0707639360> DEBUG : >>>[TCP] Received Message Type: 102, Length: 45, Msg: INSERT INTO USER_TB VALUE ('5', 'kwanghyeok')00:51:06 14850.0707639360> ERROR : >>>[db] mysql_query_error
00:51:09 14850.0648406784> DEBUG : >>>[DB] db_check_success
00:51:14 14850.0648406784> DEBUG : >>>[DB] db_check_success
00:51:19 14850.0648406784> DEBUG : >>>[DB] db_check_success
00:58:00 15733.3907401792> DEBUG : >>>[INIT] success log INIT
00:58:00 15733.3848169216> DEBUG : >>>[DB] db_check_success
00:58:04 15733.3907401792> DEBUG : >>>[TCP] Client connected.
00:58:05 15733.3848169216> DEBUG : >>>[DB] db_check_success
00:58:10 15733.3848169216> DEBUG : >>>[DB] db_check_success
00:58:16 15733.3848169216> DEBUG : >>>[DB] db_check_success
00:58:21 15733.3848169216> DEBUG : >>>[DB] db_check_success
00:58:22 15733.3907401792> DEBUG : >>>[TCP] Received Message Type: 102, Length: 45, Msg: INSERT INTO USER_TB VALUE ('5', 'kwanghyeok')01:17:50 17600.2494347328> DEBUG : >>>[INIT] success log INIT
01:17:51 17600.2435114752> DEBUG : >>>[DB] db_check_success
01:17:56 17600.2435114752> DEBUG : >>>[DB] db_check_success
01:17:58 17600.2494347328> DEBUG : >>>[TCP] Client connected.
01:18:01 17600.2435114752> DEBUG : >>>[DB] db_check_success
01:18:06 17600.2435114752> DEBUG : >>>[DB] db_check_success
01:18:11 17600.2435114752> DEBUG : >>>[DB] db_check_success
01:18:16 17600.2435114752> DEBUG : >>>[DB] db_check_success
01:18:21 17600.2435114752> DEBUG : >>>[DB] db_check_success
01:18:25 17600.2494347328> DEBUG : >>>[TCP] Received Message Type: 102, Length: 41, Msg: INSERT INTO USER_TB VALUE ('6', 'gerard')01:18:25 17600.2494347328> DEBUG : >>>[db] mysql_send_success
01:18:26 17600.2435114752> DEBUG : >>>[DB] db_check_success
01:18:31 17600.2435114752> DEBUG : >>>[DB] db_check_success
01:18:36 17600.2435114752> DEBUG : >>>[DB] db_check_success
01:18:41 17600.2435114752> DEBUG : >>>[DB] db_check_success
01:18:47 17600.2435114752> DEBUG : >>>[DB] db_check_success
01:18:52 17600.2435114752> DEBUG : >>>[DB] db_check_success
01:18:57 17600.2435114752> DEBUG : >>>[DB] db_check_success
01:19:02 17600.2435114752> DEBUG : >>>[DB] db_check_success
01:19:07 17600.2435114752> DEBUG : >>>[DB] db_check_success
01:19:12 17600.2435114752> DEBUG : >>>[DB] db_check_success
01:19:12 17600.2494347328> DEBUG : >>>[TCP] Client disconnected.
01:19:13 17600.2494347328> DEBUG : >>>[TCP] Client connected.
01:19:18 17600.2435114752> DEBUG : >>>[DB] db_check_success
01:19:23 17600.2435114752> DEBUG : >>>[DB] db_check_success
01:19:28 17600.2435114752> DEBUG : >>>[DB] db_check_success
01:19:30 17600.2494347328> DEBUG : >>>[TCP] Received Message Type: 102, Length: 40, Msg: INSERT INTO USER_TB VALUE ('8', 'dfdfd')01:19:30 17600.2494347328> DEBUG : >>>[db] mysql_send_success
01:19:33 17600.2494347328> DEBUG : >>>[TCP] Client disconnected.
01:19:33 17600.2435114752> DEBUG : >>>[DB] db_check_success
01:19:39 17600.2435114752> DEBUG : >>>[DB] db_check_success
01:19:44 17600.2435114752> DEBUG : >>>[DB] db_check_success
01:19:49 17600.2435114752> DEBUG : >>>[DB] db_check_success
01:19:54 17600.2435114752> DEBUG : >>>[DB] db_check_success
01:19:59 17600.2435114752> DEBUG : >>>[DB] db_check_success
01:20:04 17600.2435114752> DEBUG : >>>[DB] db_check_success
01:20:10 17600.2435114752> DEBUG : >>>[DB] db_check_success
01:20:15 17600.2435114752> DEBUG : >>>[DB] db_check_success
01:20:21 17600.2435114752> DEBUG : >>>[DB] db_check_success
01:20:26 17600.2435114752> DEBUG : >>>[DB] db_check_success
01:20:33 17600.2435114752> DEBUG : >>>[DB] db_check_success
01:20:38 17600.2435114752> DEBUG : >>>[DB] db_check_success
01:20:43 17600.2435114752> DEBUG : >>>[DB] db_check_success
01:20:48 17600.2435114752> DEBUG : >>>[DB] db_check_success
01:20:53 17600.2435114752> DEBUG : >>>[DB] db_check_success
01:20:59 17600.2435114752> DEBUG : >>>[DB] db_check_success
01:21:04 17600.2435114752> DEBUG : >>>[DB] db_check_success
01:21:09 17600.2435114752> DEBUG : >>>[DB] db_check_success
01:21:14 17600.2435114752> DEBUG : >>>[DB] db_check_success
01:21:19 17600.2435114752> DEBUG : >>>[DB] db_check_success
01:21:24 17600.2435114752> DEBUG : >>>[DB] db_check_success
01:21:29 17600.2435114752> DEBUG : >>>[DB] db_check_success
01:21:35 17600.2435114752> DEBUG : >>>[DB] db_check_success
01:21:40 17600.2435114752> DEBUG : >>>[DB] db_check_success
01:21:45 17600.2435114752> DEBUG : >>>[DB] db_check_success
01:21:50 17600.2435114752> DEBUG : >>>[DB] db_check_success
01:21:55 17600.2435114752> DEBUG : >>>[DB] db_check_success
01:21:56 17600.2494347328> DEBUG : >>>[TCP] Client connected.
01:22:01 17600.2435114752> DEBUG : >>>[DB] db_check_success
01:22:06 17600.2435114752> DEBUG : >>>[DB] db_check_success
01:22:11 17600.2435114752> DEBUG : >>>[DB] db_check_success
01:22:16 17600.2435114752> DEBUG : >>>[DB] db_check_success
01:22:21 17600.2435114752> DEBUG : >>>[DB] db_check_success
01:22:22 17600.2494347328> DEBUG : >>>[TCP] Received Message Type: 102, Length: 40, Msg: INSERT INTO USER_TB VALUE ('1', 'merry')01:22:22 17600.2494347328> DEBUG : >>>[db] mysql_send_success
01:22:26 17600.2435114752> DEBUG : >>>[DB] db_check_success
01:22:31 17600.2435114752> DEBUG : >>>[DB] db_check_success
01:22:31 17600.2494347328> DEBUG : >>>[TCP] Client disconnected.
01:22:36 17600.2435114752> DEBUG : >>>[DB] db_check_success
01:22:41 17600.2435114752> DEBUG : >>>[DB] db_check_success
01:22:46 17600.2435114752> DEBUG : >>>[DB] db_check_success
01:22:51 17600.2435114752> DEBUG : >>>[DB] db_check_success
01:22:56 17600.2435114752> DEBUG : >>>[DB] db_check_success
01:23:01 17600.2435114752> DEBUG : >>>[DB] db_check_success
01:23:06 17600.2435114752> DEBUG : >>>[DB] db_check_success
01:23:12 17600.2435114752> DEBUG : >>>[DB] db_check_success
01:23:17 17600.2435114752> DEBUG : >>>[DB] db_check_success
01:23:22 17600.2435114752> DEBUG : >>>[DB] db_check_success
01:23:27 17600.2435114752> DEBUG : >>>[DB] db_check_success
01:23:32 17600.2435114752> DEBUG : >>>[DB] db_check_success
01:23:38 17600.2435114752> DEBUG : >>>[DB] db_check_success
01:23:43 17600.2435114752> DEBUG : >>>[DB] db_check_success
01:23:48 17600.2435114752> DEBUG : >>>[DB] db_check_success
01:23:53 17600.2435114752> DEBUG : >>>[DB] db_check_success
01:23:58 17600.2435114752> DEBUG : >>>[DB] db_check_success
01:24:03 17600.2435114752> DEBUG : >>>[DB] db_check_success
01:24:08 17600.2435114752> DEBUG : >>>[DB] db_check_success
01:24:13 17600.2435114752> DEBUG : >>>[DB] db_check_success
01:24:18 17600.2435114752> DEBUG : >>>[DB] db_check_success
01:28:37 19781.0891533376> DEBUG : >>>[INIT] success log INIT
01:28:37 19781.0832300800> DEBUG : >>>[DB] db_check_success
01:28:42 19781.0832300800> DEBUG : >>>[DB] db_check_success
01:28:48 19781.0832300800> DEBUG : >>>[DB] db_check_success
01:28:48 19781.0891533376> DEBUG : >>>[TCP] Client connected.
01:28:52 19781.0891533376> DEBUG : >>>[TCP] Received Message Type: 102, Length: 44, Msg: INSERT INTO USER_TB VALUE ('2', 'fdjkafdjk')01:28:52 19781.0891533376> DEBUG : >>>[db] mysql_send_success
01:28:53 19781.0832300800> DEBUG : >>>[DB] db_check_success
01:28:58 19781.0832300800> DEBUG : >>>[DB] db_check_success
01:29:03 19781.0832300800> DEBUG : >>>[DB] db_check_success
01:29:08 19781.0832300800> DEBUG : >>>[DB] db_check_success
01:29:13 19781.0832300800> DEBUG : >>>[DB] db_check_success
01:29:18 19781.0832300800> DEBUG : >>>[DB] db_check_success
01:45:39 21127.0517969984> DEBUG : >>>[INIT] success log INIT
01:45:40 21127.0458737408> DEBUG : >>>[DB] db_check_success
01:45:44 21127.0517969984> DEBUG : >>>[TCP] Client connected.
01:45:45 21127.0458737408> DEBUG : >>>[DB] db_check_success
01:45:50 21127.0458737408> DEBUG : >>>[DB] db_check_success
01:45:52 21127.0517969984> DEBUG : >>>[TCP] Client disconnected.
01:45:55 21127.0458737408> DEBUG : >>>[DB] db_check_success
01:46:00 21127.0458737408> DEBUG : >>>[DB] db_check_success
01:46:05 21127.0458737408> DEBUG : >>>[DB] db_check_success
01:46:10 21127.0458737408> DEBUG : >>>[DB] db_check_success
01:46:15 21127.0458737408> DEBUG : >>>[DB] db_check_success
01:46:20 21127.0458737408> DEBUG : >>>[DB] db_check_success
01:46:25 21127.0458737408> DEBUG : >>>[DB] db_check_success
01:46:26 21127.0517969984> DEBUG : >>>[TCP] Client connected.
01:46:26 21127.0517969984> DEBUG : >>>[TCP] Received Message Type: 101, Length: 21, Msg: SELECT * FROM USER_TB01:46:26 21127.0517969984> DEBUG : >>>[DB] SQL Request :: select * from USER_TB
01:46:30 21127.0458737408> DEBUG : >>>[DB] db_check_success
01:46:35 21127.0458737408> DEBUG : >>>[DB] db_check_success
01:46:40 21127.0458737408> DEBUG : >>>[DB] db_check_success
01:46:46 21127.0458737408> DEBUG : >>>[DB] db_check_success
01:46:51 21127.0458737408> DEBUG : >>>[DB] db_check_success
01:46:56 21127.0458737408> DEBUG : >>>[DB] db_check_success
01:47:01 21127.0458737408> DEBUG : >>>[DB] db_check_success
01:47:06 21127.0458737408> DEBUG : >>>[DB] db_check_success
01:47:11 21127.0458737408> DEBUG : >>>[DB] db_check_success
01:47:16 21127.0458737408> DEBUG : >>>[DB] db_check_success
01:47:21 21127.0458737408> DEBUG : >>>[DB] db_check_success
01:47:26 21127.0458737408> DEBUG : >>>[DB] db_check_success
01:47:31 21127.0458737408> DEBUG : >>>[DB] db_check_success
01:47:37 21127.0458737408> DEBUG : >>>[DB] db_check_success
01:47:42 21127.0458737408> DEBUG : >>>[DB] db_check_success
01:47:47 21127.0458737408> DEBUG : >>>[DB] db_check_success
01:47:52 21127.0458737408> DEBUG : >>>[DB] db_check_success
01:47:57 21127.0458737408> DEBUG : >>>[DB] db_check_success
01:48:03 21127.0458737408> DEBUG : >>>[DB] db_check_success
01:48:08 21127.0458737408> DEBUG : >>>[DB] db_check_success
01:48:14 21127.0458737408> DEBUG : >>>[DB] db_check_success
01:48:19 21127.0458737408> DEBUG : >>>[DB] db_check_success
01:48:24 21127.0458737408> DEBUG : >>>[DB] db_check_success
01:48:29 21127.0458737408> DEBUG : >>>[DB] db_check_success
01:48:34 21127.0458737408> DEBUG : >>>[DB] db_check_success
01:48:39 21127.0458737408> DEBUG : >>>[DB] db_check_success
01:48:44 21127.0458737408> DEBUG : >>>[DB] db_check_success
01:48:49 21127.0458737408> DEBUG : >>>[DB] db_check_success
01:48:54 21127.0458737408> DEBUG : >>>[DB] db_check_success
01:48:59 21127.0458737408> DEBUG : >>>[DB] db_check_success
01:49:12 22321.2784303168> DEBUG : >>>[INIT] success log INIT
01:50:33 22481.2009172032> DEBUG : >>>[INIT] success log INIT
01:50:33 22481.1949939456> DEBUG : >>>[DB] db_check_success
01:50:38 22481.1949939456> DEBUG : >>>[DB] db_check_success
01:50:40 22481.2009172032> DEBUG : >>>[TCP] Client connected.
01:50:40 22481.2009172032> DEBUG : >>>[TCP] Received Message Type: 101, Length: 21, Msg: SELECT * FROM USER_TB01:50:40 22481.2009172032> DEBUG : >>>[DB] SQL Request :: select * from USER_TB
01:50:43 22481.1949939456> DEBUG : >>>[DB] db_check_success
01:50:49 22481.1949939456> DEBUG : >>>[DB] db_check_success
01:50:54 22481.1949939456> DEBUG : >>>[DB] db_check_success
01:50:59 22481.1949939456> DEBUG : >>>[DB] db_check_success
01:51:04 22481.1949939456> DEBUG : >>>[DB] db_check_success
01:51:09 22481.1949939456> DEBUG : >>>[DB] db_check_success
01:51:14 22481.1949939456> DEBUG : >>>[DB] db_check_success
01:51:19 22481.1949939456> DEBUG : >>>[DB] db_check_success
01:51:24 22481.1949939456> DEBUG : >>>[DB] db_check_success
01:51:29 22481.1949939456> DEBUG : >>>[DB] db_check_success
01:51:34 22481.1949939456> DEBUG : >>>[DB] db_check_success
01:51:39 22481.1949939456> DEBUG : >>>[DB] db_check_success
01:51:44 22481.1949939456> DEBUG : >>>[DB] db_check_success
01:52:47 23084.4216842304> DEBUG : >>>[INIT] success log INIT
01:52:47 23084.4157609728> DEBUG : >>>[DB] db_check_success
01:52:52 23084.4157609728> DEBUG : >>>[DB] db_check_success
01:52:52 23084.4216842304> DEBUG : >>>[TCP] Client connected.
01:52:52 23084.4216842304> DEBUG : >>>[TCP] Received Message Type: 101, Length: 21, Msg: SELECT * FROM USER_TB01:52:52 23084.4216842304> DEBUG : >>>[DB] SQL Request :: select * from USER_TB
01:52:57 23084.4157609728> DEBUG : >>>[DB] db_check_success
01:53:02 23084.4157609728> DEBUG : >>>[DB] db_check_success
01:53:07 23084.4157609728> DEBUG : >>>[DB] db_check_success
01:53:07 23084.4216842304> DEBUG : >>>[TCP] Client disconnected.
01:53:11 23084.4216842304> DEBUG : >>>[TCP] Client connected.
01:53:11 23084.4216842304> DEBUG : >>>[TCP] Received Message Type: 101, Length: 21, Msg: SELECT * FROM USER_TB01:53:11 23084.4216842304> DEBUG : >>>[DB] SQL Request :: select * from USER_TB
01:53:13 23084.4157609728> DEBUG : >>>[DB] db_check_success
01:53:18 23084.4157609728> DEBUG : >>>[DB] db_check_success
01:53:23 23084.4157609728> DEBUG : >>>[DB] db_check_success
01:53:28 23084.4157609728> DEBUG : >>>[DB] db_check_success
01:53:34 23084.4157609728> DEBUG : >>>[DB] db_check_success
01:53:39 23084.4157609728> DEBUG : >>>[DB] db_check_success
01:53:44 23084.4157609728> DEBUG : >>>[DB] db_check_success
01:53:49 23084.4157609728> DEBUG : >>>[DB] db_check_success
01:53:55 23084.4157609728> DEBUG : >>>[DB] db_check_success
01:54:00 23084.4157609728> DEBUG : >>>[DB] db_check_success
01:54:05 23084.4157609728> DEBUG : >>>[DB] db_check_success
01:54:10 23084.4157609728> DEBUG : >>>[DB] db_check_success
01:54:13 23084.4216842304> DEBUG : >>>[TCP] Client disconnected.
01:54:15 23084.4157609728> DEBUG : >>>[DB] db_check_success
01:54:20 23084.4157609728> DEBUG : >>>[DB] db_check_success
01:54:24 23084.4216842304> DEBUG : >>>[TCP] Client connected.
01:54:24 23084.4216842304> DEBUG : >>>[TCP] Received Message Type: 101, Length: 21, Msg: SELECT * FROM USER_TB01:54:25 23084.4216842304> DEBUG : >>>[DB] SQL Request :: select * from USER_TB
01:54:25 23084.4157609728> DEBUG : >>>[DB] db_check_success
01:54:31 23084.4157609728> DEBUG : >>>[DB] db_check_success
01:54:36 23084.4157609728> DEBUG : >>>[DB] db_check_success
01:54:41 23084.4157609728> DEBUG : >>>[DB] db_check_success
01:54:46 23084.4157609728> DEBUG : >>>[DB] db_check_success
01:55:02 23859.2794195008> DEBUG : >>>[INIT] success log INIT
01:56:51 23985.0560076864> DEBUG : >>>[INIT] success log INIT
01:56:51 23985.0500844288> DEBUG : >>>[DB] db_check_success
01:56:55 23985.0560076864> DEBUG : >>>[TCP] Client connected.
01:56:55 23985.0560076864> DEBUG : >>>[TCP] Received Message Type: 101, Length: 21, Msg: SELECT * FROM USER_TB01:56:55 23985.0560076864> DEBUG : >>>[DB] SQL Request :: select * from USER_TB
01:56:57 23985.0500844288> DEBUG : >>>[DB] db_check_success
01:57:02 23985.0500844288> DEBUG : >>>[DB] db_check_success
01:57:07 23985.0500844288> DEBUG : >>>[DB] db_check_success
01:57:08 23985.0560076864> DEBUG : >>>[TCP] Client disconnected.
01:57:12 23985.0500844288> DEBUG : >>>[DB] db_check_success
01:57:13 23985.0560076864> DEBUG : >>>[TCP] Client connected.
01:57:13 23985.0560076864> DEBUG : >>>[TCP] Received Message Type: 101, Length: 21, Msg: SELECT * FROM USER_TB01:57:13 23985.0560076864> DEBUG : >>>[DB] SQL Request :: select * from USER_TB
01:57:18 23985.0500844288> DEBUG : >>>[DB] db_check_success
01:57:23 23985.0500844288> DEBUG : >>>[DB] db_check_success
01:57:28 23985.0500844288> DEBUG : >>>[DB] db_check_success
01:57:33 23985.0500844288> DEBUG : >>>[DB] db_check_success
01:57:38 23985.0500844288> DEBUG : >>>[DB] db_check_success
01:57:43 23985.0500844288> DEBUG : >>>[DB] db_check_success
01:57:48 23985.0500844288> DEBUG : >>>[DB] db_check_success
01:57:53 23985.0500844288> DEBUG : >>>[DB] db_check_success
01:57:58 23985.0500844288> DEBUG : >>>[DB] db_check_success
01:58:03 23985.0500844288> DEBUG : >>>[DB] db_check_success
01:58:08 23985.0500844288> DEBUG : >>>[DB] db_check_success
01:58:13 23985.0500844288> DEBUG : >>>[DB] db_check_success
01:58:18 23985.0500844288> DEBUG : >>>[DB] db_check_success
01:58:23 23985.0500844288> DEBUG : >>>[DB] db_check_success
01:58:29 23985.0500844288> DEBUG : >>>[DB] db_check_success
01:58:34 23985.0500844288> DEBUG : >>>[DB] db_check_success
01:58:39 23985.0500844288> DEBUG : >>>[DB] db_check_success
01:58:45 23985.0500844288> DEBUG : >>>[DB] db_check_success
01:58:46 23985.0560076864> DEBUG : >>>[TCP] Client disconnected.
01:58:51 23985.0500844288> DEBUG : >>>[DB] db_check_success
01:58:54 23985.0560076864> DEBUG : >>>[TCP] Client connected.
01:58:54 23985.0560076864> DEBUG : >>>[TCP] Received Message Type: 101, Length: 21, Msg: SELECT * FROM USER_TB01:58:54 23985.0560076864> DEBUG : >>>[DB] SQL Request :: select * from USER_TB
01:58:57 23985.0500844288> DEBUG : >>>[DB] db_check_success
01:59:02 23985.0500844288> DEBUG : >>>[DB] db_check_success
01:59:07 23985.0500844288> DEBUG : >>>[DB] db_check_success
01:59:13 23985.0500844288> DEBUG : >>>[DB] db_check_success
01:59:14 23985.0560076864> DEBUG : >>>[TCP] Client disconnected.
01:59:18 23985.0500844288> DEBUG : >>>[DB] db_check_success
01:59:19 23985.0560076864> DEBUG : >>>[TCP] Client connected.
01:59:19 23985.0560076864> DEBUG : >>>[TCP] Received Message Type: 101, Length: 21, Msg: SELECT * FROM USER_TB01:59:19 23985.0560076864> DEBUG : >>>[DB] SQL Request :: select * from USER_TB
01:59:23 23985.0500844288> DEBUG : >>>[DB] db_check_success
01:59:28 23985.0500844288> DEBUG : >>>[DB] db_check_success
01:59:33 23985.0500844288> DEBUG : >>>[DB] db_check_success
01:59:38 23985.0500844288> DEBUG : >>>[DB] db_check_success
01:59:43 23985.0560076864> DEBUG : >>>[TCP] Client disconnected.
01:59:44 23985.0500844288> DEBUG : >>>[DB] db_check_success
01:59:49 23985.0500844288> DEBUG : >>>[DB] db_check_success
01:59:54 23985.0500844288> DEBUG : >>>[DB] db_check_success
01:59:59 23985.0500844288> DEBUG : >>>[DB] db_check_success
02:00:05 23985.0500844288> DEBUG : >>>[DB] db_check_success
02:00:11 23985.0500844288> DEBUG : >>>[DB] db_check_success
02:00:16 23985.0500844288> DEBUG : >>>[DB] db_check_success
02:00:26 23985.0500844288> DEBUG : >>>[DB] db_check_success
02:00:31 23985.0500844288> DEBUG : >>>[DB] db_check_success
02:00:37 23985.0500844288> DEBUG : >>>[DB] db_check_success
02:00:42 23985.0500844288> DEBUG : >>>[DB] db_check_success
02:00:49 23985.0500844288> DEBUG : >>>[DB] db_check_success
02:00:54 23985.0500844288> DEBUG : >>>[DB] db_check_success
02:00:59 23985.0500844288> DEBUG : >>>[DB] db_check_success
02:01:04 23985.0500844288> DEBUG : >>>[DB] db_check_success
02:01:09 23985.0500844288> DEBUG : >>>[DB] db_check_success
02:01:16 23985.0500844288> DEBUG : >>>[DB] db_check_success
05:37:47 10379.4279961664> DEBUG : >>>[INIT] success log INIT
05:37:47 10379.4220729088> DEBUG : >>>[DB] db_check_success
05:37:52 10379.4220729088> DEBUG : >>>[DB] db_check_success
05:37:57 10379.4220729088> DEBUG : >>>[DB] db_check_success
05:38:02 10379.4220729088> DEBUG : >>>[DB] db_check_success
05:38:07 10379.4220729088> DEBUG : >>>[DB] db_check_success
05:38:12 10379.4220729088> DEBUG : >>>[DB] db_check_success
05:38:17 10379.4220729088> DEBUG : >>>[DB] db_check_success
05:38:19 10379.4279961664> DEBUG : >>>[TCP] Client connected.
05:38:22 10379.4220729088> DEBUG : >>>[DB] db_check_success
05:38:26 10379.4279961664> DEBUG : >>>[TCP] Received Message Type: 103, Length: 41, Msg: INSERT INTO USER_TB VALUE ('3', 'gdjkgj')05:38:27 10379.4220729088> DEBUG : >>>[DB] db_check_success
05:38:32 10379.4220729088> DEBUG : >>>[DB] db_check_success
05:38:37 10379.4220729088> DEBUG : >>>[DB] db_check_success
05:38:42 10379.4220729088> DEBUG : >>>[DB] db_check_success
05:38:48 10379.4220729088> DEBUG : >>>[DB] db_check_success
05:38:56 10379.4220729088> DEBUG : >>>[DB] db_check_success
05:39:55 10953.1450661952> DEBUG : >>>[INIT] success log INIT
05:39:56 10953.1391429376> DEBUG : >>>[DB] db_check_success
05:39:58 10953.1450661952> DEBUG : >>>[TCP] Client connected.
05:40:01 10953.1391429376> DEBUG : >>>[DB] db_check_success
05:40:04 10953.1450661952> DEBUG : >>>[TCP] Received Message Type: 103, Length: 39, Msg: INSERT INTO USER_TB VALUE ('3', 'erer')05:40:06 10953.1391429376> DEBUG : >>>[DB] db_check_success
05:40:11 10953.1391429376> DEBUG : >>>[DB] db_check_success
05:40:16 10953.1391429376> DEBUG : >>>[DB] db_check_success
05:42:33 11344.3916941376> DEBUG : >>>[INIT] success log INIT
05:42:33 11344.3857708800> DEBUG : >>>[DB] db_check_success
05:42:36 11344.3916941376> DEBUG : >>>[TCP] Client connected.
05:42:38 11344.3857708800> DEBUG : >>>[DB] db_check_success
05:42:42 11344.3916941376> DEBUG : >>>[TCP] Received Message Type: 102, Length: 43, Msg: INSERT INTO USER_TB VALUE ('6', 'eredfdfd')05:42:43 11344.3916941376> DEBUG : >>>[db] mysql_send_success
05:42:43 11344.3857708800> DEBUG : >>>[DB] db_check_success
05:42:48 11344.3857708800> DEBUG : >>>[DB] db_check_success
05:42:53 11344.3857708800> DEBUG : >>>[DB] db_check_success
05:42:58 11344.3857708800> DEBUG : >>>[DB] db_check_success
05:42:59 11344.3916941376> DEBUG : >>>[TCP] Client disconnected.
05:43:03 11344.3857708800> DEBUG : >>>[DB] db_check_success
05:43:08 11344.3857708800> DEBUG : >>>[DB] db_check_success
05:43:13 11344.3857708800> DEBUG : >>>[DB] db_check_success
05:43:19 11344.3857708800> DEBUG : >>>[DB] db_check_success
05:43:23 11344.3916941376> DEBUG : >>>[TCP] Client connected.
05:43:23 11344.3916941376> DEBUG : >>>[TCP] Received Message Type: 101, Length: 21, Msg: SELECT * FROM USER_TB05:43:23 11344.3916941376> DEBUG : >>>[DB] SQL Request :: select * from USER_TB
05:43:24 11344.3857708800> DEBUG : >>>[DB] db_check_success
05:43:28 11344.3916941376> DEBUG : >>>[TCP] Client disconnected.
05:43:29 11344.3857708800> DEBUG : >>>[DB] db_check_success
05:43:34 11344.3857708800> DEBUG : >>>[DB] db_check_success
05:43:39 11344.3857708800> DEBUG : >>>[DB] db_check_success
05:43:44 11344.3857708800> DEBUG : >>>[DB] db_check_success
05:43:49 11344.3857708800> DEBUG : >>>[DB] db_check_success
05:43:54 11344.3857708800> DEBUG : >>>[DB] db_check_success
05:44:00 11344.3857708800> DEBUG : >>>[DB] db_check_success
05:44:05 11344.3857708800> DEBUG : >>>[DB] db_check_success
05:44:10 11344.3857708800> DEBUG : >>>[DB] db_check_success
05:44:15 11344.3857708800> DEBUG : >>>[DB] db_check_success
05:44:20 11344.3857708800> DEBUG : >>>[DB] db_check_success
05:44:25 11344.3857708800> DEBUG : >>>[DB] db_check_success
05:44:30 11344.3857708800> DEBUG : >>>[DB] db_check_success
05:44:35 11344.3857708800> DEBUG : >>>[DB] db_check_success
05:44:40 11344.3857708800> DEBUG : >>>[DB] db_check_success
05:44:45 11344.3857708800> DEBUG : >>>[DB] db_check_success
05:44:50 11344.3857708800> DEBUG : >>>[DB] db_check_success
05:44:55 11344.3857708800> DEBUG : >>>[DB] db_check_success
05:45:00 11344.3857708800> DEBUG : >>>[DB] db_check_success
05:45:05 11344.3857708800> DEBUG : >>>[DB] db_check_success
05:45:10 11344.3857708800> DEBUG : >>>[DB] db_check_success
05:45:16 11344.3857708800> DEBUG : >>>[DB] db_check_success
05:45:21 11344.3857708800> DEBUG : >>>[DB] db_check_success
05:45:26 11344.3857708800> DEBUG : >>>[DB] db_check_success
05:45:31 11344.3857708800> DEBUG : >>>[DB] db_check_success
05:45:36 11344.3857708800> DEBUG : >>>[DB] db_check_success
05:45:41 11344.3857708800> DEBUG : >>>[DB] db_check_success
05:45:46 11344.3857708800> DEBUG : >>>[DB] db_check_success
05:45:51 11344.3857708800> DEBUG : >>>[DB] db_check_success
05:45:56 11344.3857708800> DEBUG : >>>[DB] db_check_success
05:46:01 11344.3857708800> DEBUG : >>>[DB] db_check_success
05:46:06 11344.3857708800> DEBUG : >>>[DB] db_check_success
05:46:11 11344.3857708800> DEBUG : >>>[DB] db_check_success
05:46:16 11344.3857708800> DEBUG : >>>[DB] db_check_success
05:46:21 11344.3857708800> DEBUG : >>>[DB] db_check_success
05:46:26 11344.3857708800> DEBUG : >>>[DB] db_check_success
05:46:31 11344.3857708800> DEBUG : >>>[DB] db_check_success
05:46:36 11344.3857708800> DEBUG : >>>[DB] db_check_success
05:46:41 11344.3857708800> DEBUG : >>>[DB] db_check_success
05:46:46 11344.3857708800> DEBUG : >>>[DB] db_check_success
05:46:51 11344.3857708800> DEBUG : >>>[DB] db_check_success
05:46:56 11344.3857708800> DEBUG : >>>[DB] db_check_success
05:47:01 11344.3857708800> DEBUG : >>>[DB] db_check_success
05:47:06 11344.3857708800> DEBUG : >>>[DB] db_check_success
05:47:11 11344.3857708800> DEBUG : >>>[DB] db_check_success
05:47:16 11344.3857708800> DEBUG : >>>[DB] db_check_success
05:47:21 11344.3857708800> DEBUG : >>>[DB] db_check_success
05:47:26 11344.3857708800> DEBUG : >>>[DB] db_check_success
05:47:31 11344.3857708800> DEBUG : >>>[DB] db_check_success
05:47:36 11344.3857708800> DEBUG : >>>[DB] db_check_success
05:47:41 11344.3857708800> DEBUG : >>>[DB] db_check_success
05:47:47 11344.3857708800> DEBUG : >>>[DB] db_check_success
05:47:52 11344.3857708800> DEBUG : >>>[DB] db_check_success
05:47:57 11344.3857708800> DEBUG : >>>[DB] db_check_success
05:48:02 11344.3857708800> DEBUG : >>>[DB] db_check_success
05:48:07 11344.3857708800> DEBUG : >>>[DB] db_check_success
05:48:12 11344.3857708800> DEBUG : >>>[DB] db_check_success
05:48:18 11344.3857708800> DEBUG : >>>[DB] db_check_success
05:48:23 11344.3857708800> DEBUG : >>>[DB] db_check_success
05:48:28 11344.3857708800> DEBUG : >>>[DB] db_check_success
05:48:33 11344.3857708800> DEBUG : >>>[DB] db_check_success
05:48:38 11344.3857708800> DEBUG : >>>[DB] db_check_success
05:48:43 11344.3857708800> DEBUG : >>>[DB] db_check_success
05:48:48 11344.3857708800> DEBUG : >>>[DB] db_check_success
05:48:53 11344.3857708800> DEBUG : >>>[DB] db_check_success
05:48:58 11344.3857708800> DEBUG : >>>[DB] db_check_success
05:49:03 11344.3857708800> DEBUG : >>>[DB] db_check_success
05:49:09 11344.3857708800> DEBUG : >>>[DB] db_check_success
05:49:14 11344.3857708800> DEBUG : >>>[DB] db_check_success
07:00:30 18058.2124982336> DEBUG : >>>[INIT] success log INIT
07:00:30 18058.2065749760> DEBUG : >>>[DB] ALL DB OK
07:02:48 18362.0300488768> DEBUG : >>>[INIT] success log INIT
07:07:08 18729.3489892416> DEBUG : >>>[INIT] success log INIT
07:26:20 20523.0369997888> DEBUG : >>>[INIT] success log INIT
07:26:21 20523.0277194496> DEBUG : >>>[DB] ALL DB OK
07:29:11 20874.2154719296> DEBUG : >>>[INIT] success log INIT
07:29:11 20874.2095486720> DEBUG : >>>[DB] ALL DB OK
07:29:16 20874.2095486720> DEBUG : >>>[DB] ALL DB OK
07:29:21 20874.2095486720> DEBUG : >>>[DB] ALL DB OK
07:29:26 20874.2095486720> DEBUG : >>>[DB] ALL DB OK
07:29:31 20874.2095486720> DEBUG : >>>[DB] ALL DB OK
07:29:37 20874.2095486720> DEBUG : >>>[DB] ALL DB OK
07:29:42 20874.2095486720> DEBUG : >>>[DB] ALL DB OK
07:29:48 20874.2095486720> DEBUG : >>>[DB] ALL DB OK
07:29:53 20874.2095486720> DEBUG : >>>[DB] ALL DB OK
07:29:58 20874.2095486720> DEBUG : >>>[DB] ALL DB OK
07:30:04 20874.2095486720> DEBUG : >>>[DB] ALL DB OK
07:30:09 20874.2095486720> DEBUG : >>>[DB] ALL DB OK
07:30:14 20874.2095486720> DEBUG : >>>[DB] ALL DB OK
07:30:19 20874.2095486720> DEBUG : >>>[DB] ALL DB OK
07:30:24 20874.2095486720> DEBUG : >>>[DB] ALL DB OK
07:30:29 20874.2095486720> DEBUG : >>>[DB] ALL DB OK
07:30:34 20874.2095486720> DEBUG : >>>[DB] ALL DB OK
07:30:39 20874.2095486720> DEBUG : >>>[DB] ALL DB OK
07:30:44 20874.2095486720> DEBUG : >>>[DB] ALL DB OK
07:30:49 20874.2095486720> DEBUG : >>>[DB] ALL DB OK
07:30:54 20874.2095486720> DEBUG : >>>[DB] ALL DB OK
07:31:00 20874.2095486720> DEBUG : >>>[DB] ALL DB OK
07:31:05 20874.2095486720> DEBUG : >>>[DB] ALL DB OK
07:31:10 20874.2095486720> DEBUG : >>>[DB] ALL DB OK
07:31:15 20874.2095486720> DEBUG : >>>[DB] ALL DB OK
07:31:20 20874.2095486720> DEBUG : >>>[DB] ALL DB OK
07:31:25 20874.2095486720> DEBUG : >>>[DB] ALL DB OK
07:31:30 20874.2095486720> DEBUG : >>>[DB] ALL DB OK
07:31:35 20874.2095486720> DEBUG : >>>[DB] ALL DB OK
07:31:40 20874.2095486720> DEBUG : >>>[DB] ALL DB OK
07:31:45 20874.2095486720> DEBUG : >>>[DB] ALL DB OK
07:31:51 20874.2095486720> DEBUG : >>>[DB] ALL DB OK
07:31:58 20874.2095486720> DEBUG : >>>[DB] ALL DB OK
07:32:03 20874.2095486720> DEBUG : >>>[DB] ALL DB OK
07:32:08 20874.2095486720> DEBUG : >>>[DB] ALL DB OK
07:32:13 20874.2095486720> DEBUG : >>>[DB] ALL DB OK
07:32:19 20874.2095486720> DEBUG : >>>[DB] ALL DB OK
07:32:24 20874.2095486720> DEBUG : >>>[DB] ALL DB OK
07:32:29 20874.2095486720> DEBUG : >>>[DB] ALL DB OK
07:32:34 20874.2095486720> DEBUG : >>>[DB] ALL DB OK
07:32:39 20874.2095486720> DEBUG : >>>[DB] ALL DB OK
07:32:44 20874.2095486720> DEBUG : >>>[DB] ALL DB OK
07:32:49 20874.2095486720> DEBUG : >>>[DB] ALL DB OK
07:32:54 20874.2095486720> DEBUG : >>>[DB] ALL DB OK
07:32:59 20874.2095486720> DEBUG : >>>[DB] ALL DB OK
07:33:04 20874.2095486720> DEBUG : >>>[DB] ALL DB OK
07:33:09 20874.2095486720> DEBUG : >>>[DB] ALL DB OK
07:33:14 20874.2095486720> DEBUG : >>>[DB] ALL DB OK
07:33:19 20874.2095486720> DEBUG : >>>[DB] ALL DB OK
07:33:24 20874.2095486720> DEBUG : >>>[DB] ALL DB OK
07:33:29 20874.2095486720> DEBUG : >>>[DB] ALL DB OK
07:33:35 20874.2095486720> DEBUG : >>>[DB] ALL DB OK
07:33:40 20874.2095486720> DEBUG : >>>[DB] ALL DB OK
07:33:45 20874.2095486720> DEBUG : >>>[DB] ALL DB OK
07:33:50 20874.2095486720> DEBUG : >>>[DB] ALL DB OK
07:33:55 20874.2095486720> DEBUG : >>>[DB] ALL DB OK
07:34:00 20874.2095486720> DEBUG : >>>[DB] ALL DB OK
07:34:05 20874.2095486720> DEBUG : >>>[DB] ALL DB OK
07:34:10 20874.2095486720> DEBUG : >>>[DB] ALL DB OK
07:34:15 20874.2095486720> DEBUG : >>>[DB] ALL DB OK
07:34:20 20874.2095486720> DEBUG : >>>[DB] ALL DB OK
07:34:25 20874.2095486720> DEBUG : >>>[DB] ALL DB OK
07:34:30 20874.2095486720> DEBUG : >>>[DB] ALL DB OK
07:34:36 20874.2095486720> DEBUG : >>>[DB] ALL DB OK
07:34:41 20874.2095486720> DEBUG : >>>[DB] ALL DB OK
07:34:46 20874.2095486720> DEBUG : >>>[DB] ALL DB OK
07:34:53 20874.2095486720> DEBUG : >>>[DB] ALL DB OK
07:34:58 20874.2095486720> DEBUG : >>>[DB] ALL DB OK
07:35:03 20874.2095486720> DEBUG : >>>[DB] ALL DB OK
07:35:09 20874.2095486720> DEBUG : >>>[DB] ALL DB OK
07:35:14 20874.2095486720> DEBUG : >>>[DB] ALL DB OK
07:35:20 20874.2095486720> DEBUG : >>>[DB] ALL DB OK
07:35:25 20874.2095486720> DEBUG : >>>[DB] ALL DB OK
07:35:30 20874.2095486720> DEBUG : >>>[DB] ALL DB OK
07:35:35 20874.2095486720> DEBUG : >>>[DB] ALL DB OK
07:35:40 20874.2095486720> DEBUG : >>>[DB] ALL DB OK
07:35:45 20874.2095486720> DEBUG : >>>[DB] ALL DB OK
07:35:50 20874.2095486720> DEBUG : >>>[DB] ALL DB OK
07:35:55 20874.2095486720> DEBUG : >>>[DB] ALL DB OK
07:36:00 20874.2095486720> DEBUG : >>>[DB] ALL DB OK
07:36:05 20874.2095486720> DEBUG : >>>[DB] ALL DB OK
07:36:10 20874.2095486720> DEBUG : >>>[DB] ALL DB OK
07:36:15 20874.2095486720> DEBUG : >>>[DB] ALL DB OK
07:36:20 20874.2095486720> DEBUG : >>>[DB] ALL DB OK
07:36:25 20874.2095486720> DEBUG : >>>[DB] ALL DB OK
07:36:30 20874.2095486720> DEBUG : >>>[DB] ALL DB OK
07:36:35 20874.2095486720> DEBUG : >>>[DB] ALL DB OK
07:36:40 20874.2095486720> DEBUG : >>>[DB] ALL DB OK
07:36:45 20874.2095486720> DEBUG : >>>[DB] ALL DB OK
07:36:50 20874.2095486720> DEBUG : >>>[DB] ALL DB OK
07:36:56 20874.2095486720> DEBUG : >>>[DB] ALL DB OK
07:37:01 20874.2095486720> DEBUG : >>>[DB] ALL DB OK
07:37:06 20874.2095486720> DEBUG : >>>[DB] ALL DB OK
07:37:11 20874.2095486720> DEBUG : >>>[DB] ALL DB OK
07:37:16 20874.2095486720> DEBUG : >>>[DB] ALL DB OK
07:37:21 20874.2095486720> DEBUG : >>>[DB] ALL DB OK
07:37:26 20874.2095486720> DEBUG : >>>[DB] ALL DB OK
07:37:31 20874.2095486720> DEBUG : >>>[DB] ALL DB OK
07:37:36 20874.2095486720> DEBUG : >>>[DB] ALL DB OK
07:37:41 20874.2095486720> DEBUG : >>>[DB] ALL DB OK
07:37:46 20874.2095486720> DEBUG : >>>[DB] ALL DB OK
07:37:51 20874.2095486720> DEBUG : >>>[DB] ALL DB OK
07:37:56 20874.2095486720> DEBUG : >>>[DB] ALL DB OK
07:38:01 20874.2095486720> DEBUG : >>>[DB] ALL DB OK
07:38:06 20874.2095486720> DEBUG : >>>[DB] ALL DB OK
07:38:11 20874.2095486720> DEBUG : >>>[DB] ALL DB OK
07:38:16 20874.2095486720> DEBUG : >>>[DB] ALL DB OK
07:38:21 20874.2095486720> DEBUG : >>>[DB] ALL DB OK
07:38:26 20874.2095486720> DEBUG : >>>[DB] ALL DB OK
07:38:32 20874.2095486720> DEBUG : >>>[DB] ALL DB OK
07:38:37 20874.2095486720> DEBUG : >>>[DB] ALL DB OK
07:38:42 20874.2095486720> DEBUG : >>>[DB] ALL DB OK
07:38:47 20874.2095486720> DEBUG : >>>[DB] ALL DB OK
07:38:52 20874.2095486720> DEBUG : >>>[DB] ALL DB OK
07:38:57 20874.2095486720> DEBUG : >>>[DB] ALL DB OK
07:39:02 20874.2095486720> DEBUG : >>>[DB] ALL DB OK
07:39:07 20874.2095486720> DEBUG : >>>[DB] ALL DB OK
07:39:13 20874.2095486720> DEBUG : >>>[DB] ALL DB OK
07:39:18 20874.2095486720> DEBUG : >>>[DB] ALL DB OK
07:39:23 20874.2095486720> DEBUG : >>>[DB] ALL DB OK
07:39:28 20874.2095486720> DEBUG : >>>[DB] ALL DB OK
07:39:33 20874.2095486720> DEBUG : >>>[DB] ALL DB OK
07:39:38 20874.2095486720> DEBUG : >>>[DB] ALL DB OK
07:39:43 20874.2095486720> DEBUG : >>>[DB] ALL DB OK
07:39:49 20874.2095486720> DEBUG : >>>[DB] ALL DB OK
07:39:54 20874.2095486720> DEBUG : >>>[DB] ALL DB OK
07:39:59 20874.2095486720> DEBUG : >>>[DB] ALL DB OK
07:40:04 20874.2095486720> DEBUG : >>>[DB] ALL DB OK
07:40:09 20874.2095486720> DEBUG : >>>[DB] ALL DB OK
07:40:15 20874.2095486720> DEBUG : >>>[DB] ALL DB OK
07:40:20 20874.2095486720> DEBUG : >>>[DB] ALL DB OK
07:40:25 20874.2095486720> DEBUG : >>>[DB] ALL DB OK
07:40:30 20874.2095486720> DEBUG : >>>[DB] ALL DB OK
07:40:35 20874.2095486720> DEBUG : >>>[DB] ALL DB OK
07:40:40 20874.2095486720> DEBUG : >>>[DB] ALL DB OK
07:40:45 20874.2095486720> DEBUG : >>>[DB] ALL DB OK
07:40:50 20874.2095486720> DEBUG : >>>[DB] ALL DB OK
07:40:55 20874.2095486720> DEBUG : >>>[DB] ALL DB OK
07:41:01 20874.2095486720> DEBUG : >>>[DB] ALL DB OK
07:41:06 20874.2095486720> DEBUG : >>>[DB] ALL DB OK
07:41:12 20874.2095486720> DEBUG : >>>[DB] ALL DB OK
07:41:17 20874.2095486720> DEBUG : >>>[DB] ALL DB OK
07:41:22 20874.2095486720> DEBUG : >>>[DB] ALL DB OK
07:41:27 20874.2095486720> DEBUG : >>>[DB] ALL DB OK
07:41:32 20874.2095486720> DEBUG : >>>[DB] ALL DB OK
07:41:37 20874.2095486720> DEBUG : >>>[DB] ALL DB OK
07:41:42 20874.2095486720> DEBUG : >>>[DB] ALL DB OK
07:41:47 20874.2095486720> DEBUG : >>>[DB] ALL DB OK
07:41:52 20874.2095486720> DEBUG : >>>[DB] ALL DB OK
07:41:58 20874.2095486720> DEBUG : >>>[DB] ALL DB OK
07:42:03 20874.2095486720> DEBUG : >>>[DB] ALL DB OK
07:42:08 20874.2095486720> DEBUG : >>>[DB] ALL DB OK
07:42:13 20874.2095486720> DEBUG : >>>[DB] ALL DB OK
07:42:18 20874.2095486720> DEBUG : >>>[DB] ALL DB OK
07:42:23 20874.2095486720> DEBUG : >>>[DB] ALL DB OK
07:42:28 20874.2095486720> DEBUG : >>>[DB] ALL DB OK
07:42:33 20874.2095486720> DEBUG : >>>[DB] ALL DB OK
07:42:38 20874.2095486720> DEBUG : >>>[DB] ALL DB OK
07:42:44 20874.2095486720> DEBUG : >>>[DB] ALL DB OK
07:42:49 20874.2095486720> DEBUG : >>>[DB] ALL DB OK
07:42:54 20874.2095486720> DEBUG : >>>[DB] ALL DB OK
07:42:59 20874.2095486720> DEBUG : >>>[DB] ALL DB OK
07:43:47 22745.2187491392> DEBUG : >>>[INIT] success log INIT
07:43:47 22745.2128258816> DEBUG : >>>[DB] ALL DB OK
07:43:53 22745.2128258816> DEBUG : >>>[DB] ALL DB OK
07:43:58 22745.2128258816> DEBUG : >>>[DB] ALL DB OK
07:44:03 22745.2128258816> DEBUG : >>>[DB] ALL DB OK
07:44:08 22745.2128258816> DEBUG : >>>[DB] ALL DB OK
07:44:13 22745.2128258816> DEBUG : >>>[DB] ALL DB OK
07:44:18 22745.2128258816> DEBUG : >>>[DB] ALL DB OK
07:44:23 22745.2128258816> DEBUG : >>>[DB] ALL DB OK
07:44:28 22745.2128258816> DEBUG : >>>[DB] ALL DB OK
07:44:33 22745.2128258816> DEBUG : >>>[DB] ALL DB OK
07:44:39 22745.2128258816> DEBUG : >>>[DB] ALL DB OK
07:44:44 22745.2128258816> DEBUG : >>>[DB] ALL DB OK
07:44:49 22745.2128258816> DEBUG : >>>[DB] ALL DB OK
07:44:54 22745.2128258816> DEBUG : >>>[DB] ALL DB OK
07:44:59 22745.2128258816> DEBUG : >>>[DB] ALL DB OK
07:45:04 22745.2128258816> DEBUG : >>>[DB] ALL DB OK
07:45:09 22745.2128258816> DEBUG : >>>[DB] ALL DB OK
07:45:14 22745.2128258816> DEBUG : >>>[DB] ALL DB OK
07:45:19 22745.2128258816> DEBUG : >>>[DB] ALL DB OK
07:45:24 22745.2128258816> DEBUG : >>>[DB] ALL DB OK
07:45:30 22745.2128258816> DEBUG : >>>[DB] ALL DB OK
07:45:35 22745.2128258816> DEBUG : >>>[DB] ALL DB OK
07:45:40 22745.2128258816> DEBUG : >>>[DB] ALL DB OK
07:45:45 22745.2128258816> DEBUG : >>>[DB] ALL DB OK
07:45:50 22745.2128258816> DEBUG : >>>[DB] ALL DB OK
07:45:55 22745.2128258816> DEBUG : >>>[DB] ALL DB OK
07:46:00 22745.2128258816> DEBUG : >>>[DB] ALL DB OK
07:46:05 22745.2128258816> DEBUG : >>>[DB] ALL DB OK
07:46:10 22745.2128258816> DEBUG : >>>[DB] ALL DB OK
07:46:15 22745.2128258816> DEBUG : >>>[DB] ALL DB OK
07:46:20 22745.2128258816> DEBUG : >>>[DB] ALL DB OK
07:46:25 22745.2128258816> DEBUG : >>>[DB] ALL DB OK
07:46:30 22745.2128258816> DEBUG : >>>[DB] ALL DB OK
07:46:35 22745.2128258816> DEBUG : >>>[DB] ALL DB OK
07:46:40 22745.2128258816> DEBUG : >>>[DB] ALL DB OK
07:46:45 22745.2128258816> DEBUG : >>>[DB] ALL DB OK
07:46:51 22745.2128258816> DEBUG : >>>[DB] ALL DB OK
07:46:56 22745.2128258816> DEBUG : >>>[DB] ALL DB OK
07:47:01 22745.2128258816> DEBUG : >>>[DB] ALL DB OK
07:47:06 22745.2128258816> DEBUG : >>>[DB] ALL DB OK
07:47:11 22745.2128258816> DEBUG : >>>[DB] ALL DB OK
07:47:16 22745.2128258816> DEBUG : >>>[DB] ALL DB OK
07:47:21 22745.2128258816> DEBUG : >>>[DB] ALL DB OK
07:47:26 22745.2128258816> DEBUG : >>>[DB] ALL DB OK
07:47:31 22745.2128258816> DEBUG : >>>[DB] ALL DB OK
07:47:36 22745.2128258816> DEBUG : >>>[DB] ALL DB OK
07:47:41 22745.2128258816> DEBUG : >>>[DB] ALL DB OK
07:47:46 22745.2128258816> DEBUG : >>>[DB] ALL DB OK
07:47:51 22745.2128258816> DEBUG : >>>[DB] ALL DB OK
07:47:56 22745.2128258816> DEBUG : >>>[DB] ALL DB OK
07:48:01 22745.2128258816> DEBUG : >>>[DB] ALL DB OK
07:48:06 22745.2128258816> DEBUG : >>>[DB] ALL DB OK
07:48:11 22745.2128258816> DEBUG : >>>[DB] ALL DB OK
07:48:16 22745.2128258816> DEBUG : >>>[DB] ALL DB OK
07:48:21 22745.2128258816> DEBUG : >>>[DB] ALL DB OK
07:48:26 22745.2128258816> DEBUG : >>>[DB] ALL DB OK
07:48:31 22745.2128258816> DEBUG : >>>[DB] ALL DB OK
07:48:36 22745.2128258816> DEBUG : >>>[DB] ALL DB OK
07:48:47 23487.0429004864> DEBUG : >>>[INIT] success log INIT
07:48:47 23487.0369772288> DEBUG : >>>[DB] ALL DB OK
07:48:52 23487.0369772288> DEBUG : >>>[DB] ALL DB OK
07:48:57 23487.0369772288> DEBUG : >>>[DB] ALL DB OK
07:49:02 23487.0369772288> DEBUG : >>>[DB] ALL DB OK
07:49:09 23487.0369772288> DEBUG : >>>[DB] ALL DB OK
07:49:14 23487.0369772288> DEBUG : >>>[DB] ALL DB OK
07:49:19 23487.0369772288> DEBUG : >>>[DB] ALL DB OK
07:49:24 23487.0369772288> DEBUG : >>>[DB] ALL DB OK
07:49:29 23487.0369772288> DEBUG : >>>[DB] ALL DB OK
07:49:34 23487.0369772288> DEBUG : >>>[DB] ALL DB OK
07:49:39 23487.0369772288> DEBUG : >>>[DB] ALL DB OK
07:49:45 23487.0369772288> DEBUG : >>>[DB] ALL DB OK
07:49:50 23487.0369772288> DEBUG : >>>[DB] ALL DB OK
07:49:55 23487.0369772288> DEBUG : >>>[DB] ALL DB OK
07:50:00 23487.0369772288> DEBUG : >>>[DB] ALL DB OK
07:50:05 23487.0369772288> DEBUG : >>>[DB] ALL DB OK
07:50:11 23487.0369772288> DEBUG : >>>[DB] ALL DB OK
07:50:17 23487.0369772288> DEBUG : >>>[DB] ALL DB OK
07:50:22 23487.0369772288> DEBUG : >>>[DB] ALL DB OK
07:50:27 23487.0369772288> DEBUG : >>>[DB] ALL DB OK
07:50:32 23487.0369772288> DEBUG : >>>[DB] ALL DB OK
07:50:37 23487.0369772288> DEBUG : >>>[DB] ALL DB OK
07:50:42 23487.0369772288> DEBUG : >>>[DB] ALL DB OK
07:50:47 23487.0369772288> DEBUG : >>>[DB] ALL DB OK
07:50:52 23487.0369772288> DEBUG : >>>[DB] ALL DB OK
07:50:57 23487.0369772288> DEBUG : >>>[DB] ALL DB OK
07:51:03 23487.0369772288> DEBUG : >>>[DB] ALL DB OK
07:51:08 23487.0369772288> DEBUG : >>>[DB] ALL DB OK
07:51:13 23487.0369772288> DEBUG : >>>[DB] ALL DB OK
07:51:18 23487.0369772288> DEBUG : >>>[DB] ALL DB OK
07:51:23 23487.0369772288> DEBUG : >>>[DB] ALL DB OK
07:51:28 23487.0369772288> DEBUG : >>>[DB] ALL DB OK
07:51:33 23487.0369772288> DEBUG : >>>[DB] ALL DB OK
07:51:38 23487.0369772288> DEBUG : >>>[DB] ALL DB OK
07:51:43 23487.0369772288> DEBUG : >>>[DB] ALL DB OK
07:51:48 23487.0369772288> DEBUG : >>>[DB] ALL DB OK
07:51:53 23487.0369772288> DEBUG : >>>[DB] ALL DB OK
07:51:58 23487.0369772288> DEBUG : >>>[DB] ALL DB OK
07:52:03 23487.0369772288> DEBUG : >>>[DB] ALL DB OK
07:52:08 23487.0369772288> DEBUG : >>>[DB] ALL DB OK
07:52:13 23487.0369772288> DEBUG : >>>[DB] ALL DB OK
07:52:23 23979.3433252928> DEBUG : >>>[INIT] success log INIT
07:52:23 23979.3374020352> DEBUG : >>>[DB] ALL DB OK
07:52:28 23979.3374020352> DEBUG : >>>[DB] ALL DB OK
07:52:33 23979.3374020352> DEBUG : >>>[DB] ALL DB OK
07:52:38 23979.3374020352> DEBUG : >>>[DB] ALL DB OK
07:52:43 23979.3374020352> DEBUG : >>>[DB] ALL DB OK
07:52:48 23979.3374020352> DEBUG : >>>[DB] ALL DB OK
07:52:54 23979.3374020352> DEBUG : >>>[DB] ALL DB OK
07:52:59 23979.3374020352> DEBUG : >>>[DB] ALL DB OK
07:53:04 23979.3374020352> DEBUG : >>>[DB] ALL DB OK
07:53:09 23979.3374020352> DEBUG : >>>[DB] ALL DB OK
07:53:14 23979.3374020352> DEBUG : >>>[DB] ALL DB OK
07:53:19 23979.3374020352> DEBUG : >>>[DB] ALL DB OK
07:53:24 23979.3374020352> DEBUG : >>>[DB] ALL DB OK
07:53:29 23979.3374020352> DEBUG : >>>[DB] ALL DB OK
07:53:34 23979.3374020352> DEBUG : >>>[DB] ALL DB OK
07:53:39 23979.3374020352> DEBUG : >>>[DB] ALL DB OK
07:53:44 23979.3374020352> DEBUG : >>>[DB] ALL DB OK
07:53:49 23979.3374020352> DEBUG : >>>[DB] ALL DB OK
07:53:54 23979.3374020352> DEBUG : >>>[DB] ALL DB OK
07:53:59 23979.3374020352> DEBUG : >>>[DB] ALL DB OK
07:54:04 23979.3374020352> DEBUG : >>>[DB] ALL DB OK
07:54:09 23979.3374020352> DEBUG : >>>[DB] ALL DB OK
07:54:14 23979.3374020352> DEBUG : >>>[DB] ALL DB OK
07:54:19 23979.3374020352> DEBUG : >>>[DB] ALL DB OK
07:54:24 23979.3374020352> DEBUG : >>>[DB] ALL DB OK
07:54:29 23979.3374020352> DEBUG : >>>[DB] ALL DB OK
07:54:35 23979.3374020352> DEBUG : >>>[DB] ALL DB OK
07:54:40 23979.3374020352> DEBUG : >>>[DB] ALL DB OK
07:54:45 23979.3374020352> DEBUG : >>>[DB] ALL DB OK
07:54:50 23979.3374020352> DEBUG : >>>[DB] ALL DB OK
07:54:55 23979.3374020352> DEBUG : >>>[DB] ALL DB OK
07:55:00 23979.3374020352> DEBUG : >>>[DB] ALL DB OK
07:55:05 23979.3374020352> DEBUG : >>>[DB] ALL DB OK
07:55:10 23979.3374020352> DEBUG : >>>[DB] ALL DB OK
07:55:15 23979.3374020352> DEBUG : >>>[DB] ALL DB OK
07:55:20 23979.3374020352> DEBUG : >>>[DB] ALL DB OK
07:55:25 23979.3374020352> DEBUG : >>>[DB] ALL DB OK
07:55:30 23979.3374020352> DEBUG : >>>[DB] ALL DB OK
07:55:35 23979.3374020352> DEBUG : >>>[DB] ALL DB OK
07:55:40 23979.3374020352> DEBUG : >>>[DB] ALL DB OK
07:55:45 23979.3374020352> DEBUG : >>>[DB] ALL DB OK
07:55:50 23979.3374020352> DEBUG : >>>[DB] ALL DB OK
07:55:55 23979.3374020352> DEBUG : >>>[DB] ALL DB OK
07:56:01 23979.3374020352> DEBUG : >>>[DB] ALL DB OK
07:56:06 23979.3374020352> DEBUG : >>>[DB] ALL DB OK
07:56:11 23979.3374020352> DEBUG : >>>[DB] ALL DB OK
07:56:16 23979.3374020352> DEBUG : >>>[DB] ALL DB OK
07:56:21 23979.3374020352> DEBUG : >>>[DB] ALL DB OK
07:56:26 23979.3374020352> DEBUG : >>>[DB] ALL DB OK
07:56:31 23979.3374020352> DEBUG : >>>[DB] ALL DB OK
07:56:36 23979.3374020352> DEBUG : >>>[DB] ALL DB OK
07:56:41 23979.3374020352> DEBUG : >>>[DB] ALL DB OK
07:56:47 23979.3374020352> DEBUG : >>>[DB] ALL DB OK
07:56:52 23979.3374020352> DEBUG : >>>[DB] ALL DB OK
07:56:57 23979.3374020352> DEBUG : >>>[DB] ALL DB OK
07:57:02 23979.3374020352> DEBUG : >>>[DB] ALL DB OK
07:57:08 23979.3374020352> DEBUG : >>>[DB] ALL DB OK
07:57:13 23979.3374020352> DEBUG : >>>[DB] ALL DB OK
07:57:18 23979.3374020352> DEBUG : >>>[DB] ALL DB OK
07:57:23 23979.3374020352> DEBUG : >>>[DB] ALL DB OK
07:57:28 23979.3374020352> DEBUG : >>>[DB] ALL DB OK
07:57:33 23979.3374020352> DEBUG : >>>[DB] ALL DB OK
